#
# There is insufficient memory for the Java Runtime Environment to continue.
# Native memory allocation (malloc) failed to allocate 1048576 bytes. Error detail: AllocateHeap
# Possible reasons:
#   The system is out of physical RAM or swap space
#   This process is running with CompressedOops enabled, and the Java Heap may be blocking the growth of the native heap
# Possible solutions:
#   Reduce memory load on the system
#   Increase physical memory or swap space
#   Check if swap backing store is full
#   Decrease Java heap size (-Xmx/-Xms)
#   Decrease number of Java threads
#   Decrease Java thread stack sizes (-Xss)
#   Set larger code cache with -XX:ReservedCodeCacheSize=
#   JVM is running with Unscaled Compressed Oops mode in which the Java heap is
#     placed in the first 4GB address space. The Java Heap base address is the
#     maximum limit for the native heap growth. Please use -XX:HeapBaseMinAddress
#     to set the Java Heap base and to place the Java Heap above 4GB virtual address.
# This output file may be truncated or incomplete.
#
#  Out of Memory Error (allocation.cpp:44), pid=8812, tid=12248
#
# JRE version: OpenJDK Runtime Environment Temurin-21.0.10+7 (21.0.10+7) (build 21.0.10+7-LTS)
# Java VM: OpenJDK 64-Bit Server VM Temurin-21.0.10+7 (21.0.10+7-LTS, mixed mode, sharing, tiered, compressed oops, compressed class ptrs, parallel gc, windows-amd64)
# No core dump will be written. Minidumps are not enabled by default on client versions of Windows
#

---------------  S U M M A R Y ------------

Command Line: --add-modules=ALL-SYSTEM --add-opens=java.base/java.util=ALL-UNNAMED --add-opens=java.base/java.lang=ALL-UNNAMED --add-opens=java.base/sun.nio.fs=ALL-UNNAMED -Declipse.application=org.eclipse.jdt.ls.core.id1 -Dosgi.bundles.defaultStartLevel=4 -Declipse.product=org.eclipse.jdt.ls.core.product -Djava.import.generatesMetadataFilesAtProjectRoot=false -DDetectVMInstallationsJob.disabled=true -Dfile.encoding=utf8 -XX:+UseParallelGC -XX:GCTimeRatio=4 -XX:AdaptiveSizePolicyWeight=90 -Dsun.zip.disableMemoryMapping=true -Xmx2G -Xms100m -Xlog:disable -javaagent:c:\Users\Hoang Anh\.vscode\extensions\redhat.java-1.53.0-win32-x64\lombok\lombok-1.18.39-4050.jar -XX:+HeapDumpOnOutOfMemoryError -XX:HeapDumpPath=c:\Users\Hoang Anh\AppData\Roaming\Code\User\workspaceStorage\751ba291b6b10acd976b8a98f14e1457\redhat.java -Daether.dependencyCollector.impl=bf c:\Users\Hoang Anh\.vscode\extensions\redhat.java-1.53.0-win32-x64\server\plugins\org.eclipse.equinox.launcher_1.7.100.v20251111-0406.jar -configuration c:\Users\Hoang Anh\AppData\Roaming\Code\User\globalStorage\redhat.java\1.53.0\config_win -data c:\Users\Hoang Anh\AppData\Roaming\Code\User\workspaceStorage\751ba291b6b10acd976b8a98f14e1457\redhat.java\jdt_ws --pipe=\\.\pipe\lsp-488b82b8de28b4a3d21d401dcb2a47a9-sock

Host: Intel(R) Core(TM) i7-6500U CPU @ 2.50GHz, 4 cores, 7G,  Windows 10 , 64 bit Build 19041 (10.0.19041.3636)
Time: Tue Mar 17 20:32:36 2026 SE Asia Standard Time elapsed time: 114.254184 seconds (0d 0h 1m 54s)

---------------  T H R E A D  ---------------

Current thread (0x0000028a739e1850):  JavaThread "Attach Listener" daemon [_thread_in_vm, id=12248, stack(0x0000008f57500000,0x0000008f57600000) (1024K)]

Stack: [0x0000008f57500000,0x0000008f57600000]
Native frames: (J=compiled Java code, j=interpreted, Vv=VM code, C=native code)
V  [jvm.dll+0x6d7a39]
V  [jvm.dll+0x8b4b26]
V  [jvm.dll+0x8b70de]
V  [jvm.dll+0x8b77c3]
V  [jvm.dll+0x284346]
V  [jvm.dll+0xc1277]
V  [jvm.dll+0x6d82e9]
V  [jvm.dll+0x1334a6]
V  [jvm.dll+0x3f857e]
V  [jvm.dll+0x85f59d]
V  [jvm.dll+0x6d626d]
C  [ucrtbase.dll+0x21bb2]
C  [KERNEL32.DLL+0x17344]
C  [ntdll.dll+0x526b1]


---------------  P R O C E S S  ---------------

Threads class SMR info:
_java_thread_list=0x0000028a7bbfe150, length=48, elements={
0x0000028a5cff1830, 0x0000028a739dc480, 0x0000028a739ddd90, 0x0000028a739df6a0,
0x0000028a739e1850, 0x0000028a739e7dc0, 0x0000028a739ea930, 0x0000028a739ee0d0,
0x0000028a73a24620, 0x0000028a7480cf20, 0x0000028a74872f50, 0x0000028a79792b00,
0x0000028a7985b8a0, 0x0000028a794d0b00, 0x0000028a74918a60, 0x0000028a79580b20,
0x0000028a799b5890, 0x0000028a79cf4370, 0x0000028a79cf4a00, 0x0000028a79cf5720,
0x0000028a79cf6ad0, 0x0000028a79cf5db0, 0x0000028a79cf5090, 0x0000028a79cf7160,
0x0000028a79cf3ce0, 0x0000028a7b2e85d0, 0x0000028a7b2e1cd0, 0x0000028a7b2e3080,
0x0000028a7b2e92f0, 0x0000028a7b2e7220, 0x0000028a7b2e3710, 0x0000028a7b2e6b90,
0x0000028a7b2e29f0, 0x0000028a7b2e78b0, 0x0000028a79f68990, 0x0000028a79f6a3d0,
0x0000028a79f64e80, 0x0000028a79f6aa60, 0x0000028a79f65510, 0x0000028a79f69d40,
0x0000028a79f65ba0, 0x0000028a79f66230, 0x0000028a79f668c0, 0x0000028a79f675e0,
0x0000028a7b2e5e70, 0x0000028a7b2e4430, 0x0000028a7b2e8c60, 0x0000028a7b2e6500
}

Java Threads: ( => current thread )
  0x0000028a5cff1830 JavaThread "main"                              [_thread_blocked, id=5476, stack(0x0000008f56e00000,0x0000008f56f00000) (1024K)]
  0x0000028a739dc480 JavaThread "Reference Handler"          daemon [_thread_blocked, id=3732, stack(0x0000008f57200000,0x0000008f57300000) (1024K)]
  0x0000028a739ddd90 JavaThread "Finalizer"                  daemon [_thread_blocked, id=16340, stack(0x0000008f57300000,0x0000008f57400000) (1024K)]
  0x0000028a739df6a0 JavaThread "Signal Dispatcher"          daemon [_thread_blocked, id=12944, stack(0x0000008f57400000,0x0000008f57500000) (1024K)]
=>0x0000028a739e1850 JavaThread "Attach Listener"            daemon [_thread_in_vm, id=12248, stack(0x0000008f57500000,0x0000008f57600000) (1024K)]
  0x0000028a739e7dc0 JavaThread "Service Thread"             daemon [_thread_blocked, id=10452, stack(0x0000008f57600000,0x0000008f57700000) (1024K)]
  0x0000028a739ea930 JavaThread "Monitor Deflation Thread"   daemon [_thread_blocked, id=17220, stack(0x0000008f57700000,0x0000008f57800000) (1024K)]
  0x0000028a739ee0d0 JavaThread "C2 CompilerThread0"         daemon [_thread_blocked, id=10492, stack(0x0000008f57800000,0x0000008f57900000) (1024K)]
  0x0000028a73a24620 JavaThread "C1 CompilerThread0"         daemon [_thread_blocked, id=9984, stack(0x0000008f57900000,0x0000008f57a00000) (1024K)]
  0x0000028a7480cf20 JavaThread "Common-Cleaner"             daemon [_thread_blocked, id=14824, stack(0x0000008f57a00000,0x0000008f57b00000) (1024K)]
  0x0000028a74872f50 JavaThread "Notification Thread"        daemon [_thread_blocked, id=15368, stack(0x0000008f57b00000,0x0000008f57c00000) (1024K)]
  0x0000028a79792b00 JavaThread "Active Thread: Equinox Container: b474fbb2-4371-44b6-b5c2-3ae601a8da3c"        [_thread_blocked, id=6432, stack(0x0000008f58000000,0x0000008f58100000) (1024K)]
  0x0000028a7985b8a0 JavaThread "Refresh Thread: Equinox Container: b474fbb2-4371-44b6-b5c2-3ae601a8da3c" daemon [_thread_blocked, id=8772, stack(0x0000008f58100000,0x0000008f58200000) (1024K)]
  0x0000028a794d0b00 JavaThread "Framework Event Dispatcher: Equinox Container: b474fbb2-4371-44b6-b5c2-3ae601a8da3c" daemon [_thread_blocked, id=1668, stack(0x0000008f58200000,0x0000008f58300000) (1024K)]
  0x0000028a74918a60 JavaThread "Start Level: Equinox Container: b474fbb2-4371-44b6-b5c2-3ae601a8da3c" daemon [_thread_blocked, id=12800, stack(0x0000008f58300000,0x0000008f58400000) (1024K)]
  0x0000028a79580b20 JavaThread "Bundle File Closer"         daemon [_thread_blocked, id=8968, stack(0x0000008f58400000,0x0000008f58500000) (1024K)]
  0x0000028a799b5890 JavaThread "SCR Component Actor"        daemon [_thread_blocked, id=13528, stack(0x0000008f57c00000,0x0000008f57d00000) (1024K)]
  0x0000028a79cf4370 JavaThread "Worker-JM"                         [_thread_blocked, id=14924, stack(0x0000008f58600000,0x0000008f58700000) (1024K)]
  0x0000028a79cf4a00 JavaThread "Worker-0"                          [_thread_blocked, id=17024, stack(0x0000008f58500000,0x0000008f58600000) (1024K)]
  0x0000028a79cf5720 JavaThread "Worker-1"                          [_thread_blocked, id=10024, stack(0x0000008f58700000,0x0000008f58800000) (1024K)]
  0x0000028a79cf6ad0 JavaThread "Java indexing"              daemon [_thread_blocked, id=844, stack(0x0000008f58900000,0x0000008f58a00000) (1024K)]
  0x0000028a79cf5db0 JavaThread "Worker-2"                          [_thread_blocked, id=6956, stack(0x0000008f58a00000,0x0000008f58b00000) (1024K)]
  0x0000028a79cf5090 JavaThread "Worker-3"                          [_thread_blocked, id=14496, stack(0x0000008f58b00000,0x0000008f58c00000) (1024K)]
  0x0000028a79cf7160 JavaThread "JNA Cleaner"                daemon [_thread_blocked, id=2328, stack(0x0000008f58c00000,0x0000008f58d00000) (1024K)]
  0x0000028a79cf3ce0 JavaThread "Worker-4"                          [_thread_blocked, id=12632, stack(0x0000008f58f00000,0x0000008f59000000) (1024K)]
  0x0000028a7b2e85d0 JavaThread "Worker-5"                          [_thread_blocked, id=428, stack(0x0000008f59000000,0x0000008f59100000) (1024K)]
  0x0000028a7b2e1cd0 JavaThread "Thread-1"                   daemon [_thread_in_native, id=17368, stack(0x0000008f59100000,0x0000008f59200000) (1024K)]
  0x0000028a7b2e3080 JavaThread "Thread-2"                   daemon [_thread_in_native, id=9796, stack(0x0000008f59200000,0x0000008f59300000) (1024K)]
  0x0000028a7b2e92f0 JavaThread "Thread-3"                   daemon [_thread_in_native, id=2112, stack(0x0000008f59300000,0x0000008f59400000) (1024K)]
  0x0000028a7b2e7220 JavaThread "Thread-4"                   daemon [_thread_in_native, id=1168, stack(0x0000008f59400000,0x0000008f59500000) (1024K)]
  0x0000028a7b2e3710 JavaThread "Thread-5"                   daemon [_thread_in_native, id=6156, stack(0x0000008f59500000,0x0000008f59600000) (1024K)]
  0x0000028a7b2e6b90 JavaThread "pool-2-thread-1"                   [_thread_blocked, id=1644, stack(0x0000008f59600000,0x0000008f59700000) (1024K)]
  0x0000028a7b2e29f0 JavaThread "WorkspaceEventsHandler"            [_thread_blocked, id=10012, stack(0x0000008f59700000,0x0000008f59800000) (1024K)]
  0x0000028a7b2e78b0 JavaThread "pool-1-thread-1"                   [_thread_blocked, id=7504, stack(0x0000008f59800000,0x0000008f59900000) (1024K)]
  0x0000028a79f68990 JavaThread "LocalFile Deleter"          daemon [_thread_blocked, id=8428, stack(0x0000008f59a00000,0x0000008f59b00000) (1024K)]
  0x0000028a79f6a3d0 JavaThread "LocalFile Deleter"          daemon [_thread_blocked, id=11184, stack(0x0000008f59b00000,0x0000008f59c00000) (1024K)]
  0x0000028a79f64e80 JavaThread "LocalFile Deleter"          daemon [_thread_blocked, id=1152, stack(0x0000008f59c00000,0x0000008f59d00000) (1024K)]
  0x0000028a79f6aa60 JavaThread "LocalFile Deleter"          daemon [_thread_blocked, id=11384, stack(0x0000008f59d00000,0x0000008f59e00000) (1024K)]
  0x0000028a79f65510 JavaThread "Compiler Source File Reader" daemon [_thread_blocked, id=11788, stack(0x0000008f59e00000,0x0000008f59f00000) (1024K)]
  0x0000028a79f69d40 JavaThread "Compiler Source File Reader" daemon [_thread_blocked, id=10100, stack(0x0000008f59f00000,0x0000008f5a000000) (1024K)]
  0x0000028a79f65ba0 JavaThread "Worker-6"                          [_thread_blocked, id=8844, stack(0x0000008f5a000000,0x0000008f5a100000) (1024K)]
  0x0000028a79f66230 JavaThread "Compiler Processing Task"   daemon [_thread_blocked, id=14252, stack(0x0000008f5a100000,0x0000008f5a200000) (1024K)]
  0x0000028a79f668c0 JavaThread "ForkJoinPool.commonPool-worker-1" daemon [_thread_blocked, id=9912, stack(0x0000008f5a200000,0x0000008f5a300000) (1024K)]
  0x0000028a79f675e0 JavaThread "ForkJoinPool.commonPool-worker-2" daemon [_thread_blocked, id=14500, stack(0x0000008f5a300000,0x0000008f5a400000) (1024K)]
  0x0000028a7b2e5e70 JavaThread "ForkJoinPool.commonPool-worker-3" daemon [_thread_blocked, id=9904, stack(0x0000008f5a400000,0x0000008f5a500000) (1024K)]
  0x0000028a7b2e4430 JavaThread "Compiler Class File Writer" daemon [_thread_blocked, id=6692, stack(0x0000008f58800000,0x0000008f58900000) (1024K)]
  0x0000028a7b2e8c60 JavaThread "Compiler Class File Writer" daemon [_thread_blocked, id=11908, stack(0x0000008f5a500000,0x0000008f5a600000) (1024K)]
  0x0000028a7b2e6500 JavaThread "Worker-7"                          [_thread_blocked, id=6108, stack(0x0000008f5a700000,0x0000008f5a800000) (1024K)]
Total: 48

Other Threads:
  0x0000028a739bfbd0 VMThread "VM Thread"                           [id=10436, stack(0x0000008f57100000,0x0000008f57200000) (1024K)]
  0x0000028a5d0b7a60 WatcherThread "VM Periodic Task Thread"        [id=12968, stack(0x0000008f57000000,0x0000008f57100000) (1024K)]
  0x0000028a5d00fbb0 WorkerThread "GC Thread#0"                     [id=17276, stack(0x0000008f56f00000,0x0000008f57000000) (1024K)]
  0x0000028a793f1eb0 WorkerThread "GC Thread#1"                     [id=14540, stack(0x0000008f57d00000,0x0000008f57e00000) (1024K)]
  0x0000028a793f1750 WorkerThread "GC Thread#2"                     [id=16912, stack(0x0000008f57e00000,0x0000008f57f00000) (1024K)]
  0x0000028a793f2260 WorkerThread "GC Thread#3"                     [id=11064, stack(0x0000008f57f00000,0x0000008f58000000) (1024K)]
Total: 6

Threads with active compile tasks:
Total: 0

VM state: not at safepoint (normal execution)

VM Mutex/Monitor currently owned by a thread: None

Heap address: 0x0000000080000000, size: 2048 MB, Compressed Oops mode: 32-bit

CDS archive(s) mapped at: [0x0000028a00000000-0x0000028a00ba0000-0x0000028a00ba0000), size 12189696, SharedBaseAddress: 0x0000028a00000000, ArchiveRelocationMode: 1.
Compressed class space mapped at: 0x0000028a01000000-0x0000028a41000000, reserved size: 1073741824
Narrow klass base: 0x0000028a00000000, Narrow klass shift: 0, Narrow klass range: 0x100000000

GC Precious Log:
 CardTable entry size: 512
 CPUs: 4 total, 4 available
 Memory: 8063M
 Large Page Support: Disabled
 NUMA Support: Disabled
 Compressed Oops: Enabled (32-bit)
 Alignments: Space 512K, Generation 512K, Heap 2M
 Heap Min Capacity: 100M
 Heap Initial Capacity: 100M
 Heap Max Capacity: 2G
 Pre-touch: Disabled
 Parallel Workers: 4

Heap:
 PSYoungGen      total 4608K, used 4462K [0x00000000d5580000, 0x00000000d5f80000, 0x0000000100000000)
  eden space 3584K, 96% used [0x00000000d5580000,0x00000000d58e2188,0x00000000d5900000)
  from space 1024K, 97% used [0x00000000d5b80000,0x00000000d5c79918,0x00000000d5c80000)
  to   space 2560K, 0% used [0x00000000d5900000,0x00000000d5900000,0x00000000d5b80000)
 ParOldGen       total 832000K, used 831751K [0x0000000080000000, 0x00000000b2c80000, 0x00000000d5580000)
  object space 832000K, 99% used [0x0000000080000000,0x00000000b2c41cf8,0x00000000b2c80000)
 Metaspace       used 72159K, committed 73728K, reserved 1179648K
  class space    used 7721K, committed 8384K, reserved 1048576K

Card table byte_map: [0x0000028a5c9a0000,0x0000028a5cdb0000] _byte_map_base: 0x0000028a5c5a0000

Marking Bits: (ParMarkBitMap*) 0x00007ffec9193450
 Begin Bits: [0x0000028a6f4b0000, 0x0000028a714b0000)
 End Bits:   [0x0000028a714b0000, 0x0000028a734b0000)

Polling page: 0x0000028a5afc0000

Metaspace:

Usage:
  Non-class:     62.93 MB used.
      Class:      7.54 MB used.
       Both:     70.47 MB used.

Virtual space:
  Non-class space:      128.00 MB reserved,      63.81 MB ( 50%) committed,  2 nodes.
      Class space:        1.00 GB reserved,       8.19 MB ( <1%) committed,  1 nodes.
             Both:        1.12 GB reserved,      72.00 MB (  6%) committed. 

Chunk freelists:
   Non-Class:  15.52 MB
       Class:  7.62 MB
        Both:  23.14 MB

MaxMetaspaceSize: unlimited
CompressedClassSpaceSize: 1.00 GB
Initial GC threshold: 21.00 MB
Current GC threshold: 97.31 MB
CDS: on
 - commit_granule_bytes: 65536.
 - commit_granule_words: 8192.
 - virtual_space_node_default_size: 8388608.
 - enlarge_chunks_in_place: 1.
 - use_allocation_guard: 0.


Internal statistics:

num_allocs_failed_limit: 9.
num_arena_births: 1298.
num_arena_deaths: 16.
num_vsnodes_births: 3.
num_vsnodes_deaths: 0.
num_space_committed: 1152.
num_space_uncommitted: 0.
num_chunks_returned_to_freelist: 26.
num_chunks_taken_from_freelist: 4411.
num_chunk_merges: 12.
num_chunk_splits: 2766.
num_chunks_enlarged: 1678.
num_inconsistent_stats: 0.

CodeHeap 'non-profiled nmethods': size=120000Kb used=11162Kb max_used=11162Kb free=108837Kb
 bounds [0x0000028a67cd0000, 0x0000028a687c0000, 0x0000028a6f200000]
CodeHeap 'profiled nmethods': size=120000Kb used=29980Kb max_used=29980Kb free=90019Kb
 bounds [0x0000028a60200000, 0x0000028a61f50000, 0x0000028a67730000]
CodeHeap 'non-nmethods': size=5760Kb used=1476Kb max_used=1581Kb free=4283Kb
 bounds [0x0000028a67730000, 0x0000028a679a0000, 0x0000028a67cd0000]
CodeCache: size=245760Kb, used=42618Kb, max_used=42723Kb, free=203139Kb
 total_blobs=13566, nmethods=12776, adapters=695, full_count=0
Compilation: enabled, stopped_count=0, restarted_count=0

Compilation events (20 events):
Event: 113.703 Thread 0x0000028a739ee0d0 13485       4       org.eclipse.jdt.internal.compiler.env.IModuleAwareNameEnvironment$LookupStrategy::matches (12 bytes)
Event: 113.704 Thread 0x0000028a739ee0d0 nmethod 13485 0x0000028a687b2390 code [0x0000028a687b2520, 0x0000028a687b2610]
Event: 113.704 Thread 0x0000028a739ee0d0 13459   !   4       java.util.zip.ZipFile::getEntry (59 bytes)
Event: 113.719 Thread 0x0000028a739ee0d0 nmethod 13459 0x0000028a687b2790 code [0x0000028a687b29e0, 0x0000028a687b3480]
Event: 113.719 Thread 0x0000028a739ee0d0 13470       4       org.eclipse.core.internal.preferences.PreferencesService::get (62 bytes)
Event: 113.722 Thread 0x0000028a739ee0d0 nmethod 13470 0x0000028a687b3d90 code [0x0000028a687b3f20, 0x0000028a687b40d0]
Event: 113.722 Thread 0x0000028a739ee0d0 13508       4       org.eclipse.jdt.internal.compiler.lookup.LookupEnvironment::getPackage0 (12 bytes)
Event: 113.730 Thread 0x0000028a739ee0d0 nmethod 13508 0x0000028a687b4290 code [0x0000028a687b44a0, 0x0000028a687b4cf8]
Event: 113.730 Thread 0x0000028a739ee0d0 13495       4       java.lang.invoke.DirectMethodHandle$Holder::invokeStatic (17 bytes)
Event: 113.731 Thread 0x0000028a739ee0d0 nmethod 13495 0x0000028a687b5190 code [0x0000028a687b5320, 0x0000028a687b5408]
Event: 113.731 Thread 0x0000028a739ee0d0 13496       4       java.lang.invoke.LambdaForm$MH/0x0000028a01017000::invoke (32 bytes)
Event: 113.732 Thread 0x0000028a739ee0d0 nmethod 13496 0x0000028a687b5510 code [0x0000028a687b56c0, 0x0000028a687b5810]
Event: 113.732 Thread 0x0000028a739ee0d0 13497       4       java.lang.invoke.DirectMethodHandle$Holder::invokeStatic (21 bytes)
Event: 113.733 Thread 0x0000028a739ee0d0 nmethod 13497 0x0000028a687b5990 code [0x0000028a687b5b20, 0x0000028a687b5c28]
Event: 113.733 Thread 0x0000028a739ee0d0 13499       4       java.lang.invoke.DelegatingMethodHandle$Holder::reinvoke_L (20 bytes)
Event: 113.734 Thread 0x0000028a739ee0d0 nmethod 13499 0x0000028a687b5d90 code [0x0000028a687b5f40, 0x0000028a687b6078]
Event: 113.735 Thread 0x0000028a739ee0d0 13500       4       java.lang.invoke.LambdaForm$MH/0x0000028a01778000::invoke (45 bytes)
Event: 113.737 Thread 0x0000028a739ee0d0 nmethod 13500 0x0000028a687b6210 code [0x0000028a687b63e0, 0x0000028a687b65e0]
Event: 113.737 Thread 0x0000028a739ee0d0 13460       4       org.eclipse.jdt.internal.core.JarPackageFragmentRoot::resource (15 bytes)
Event: 113.737 Thread 0x0000028a739ee0d0 nmethod 13460 0x0000028a687b6810 code [0x0000028a687b69a0, 0x0000028a687b6a50]

GC Heap History (20 events):
Event: 112.819 GC heap before
{Heap before GC invocations=1408 (full 3):
 PSYoungGen      total 5632K, used 5312K [0x00000000d5580000, 0x00000000d5c80000, 0x0000000100000000)
  eden space 5120K, 100% used [0x00000000d5580000,0x00000000d5a80000,0x00000000d5a80000)
  from space 512K, 37% used [0x00000000d5c00000,0x00000000d5c30000,0x00000000d5c80000)
  to   space 512K, 0% used [0x00000000d5a80000,0x00000000d5a80000,0x00000000d5b00000)
 ParOldGen       total 826880K, used 826759K [0x0000000080000000, 0x00000000b2780000, 0x00000000d5580000)
  object space 826880K, 99% used [0x0000000080000000,0x00000000b2761f30,0x00000000b2780000)
 Metaspace       used 71757K, committed 73344K, reserved 1179648K
  class space    used 7648K, committed 8320K, reserved 1048576K
}
Event: 112.823 GC heap after
{Heap after GC invocations=1408 (full 3):
 PSYoungGen      total 5632K, used 343K [0x00000000d5580000, 0x00000000d5c80000, 0x0000000100000000)
  eden space 5120K, 0% used [0x00000000d5580000,0x00000000d5580000,0x00000000d5a80000)
  from space 512K, 67% used [0x00000000d5a80000,0x00000000d5ad5d88,0x00000000d5b00000)
  to   space 512K, 0% used [0x00000000d5c00000,0x00000000d5c00000,0x00000000d5c80000)
 ParOldGen       total 826880K, used 826871K [0x0000000080000000, 0x00000000b2780000, 0x00000000d5580000)
  object space 826880K, 99% used [0x0000000080000000,0x00000000b277df30,0x00000000b2780000)
 Metaspace       used 71757K, committed 73344K, reserved 1179648K
  class space    used 7648K, committed 8320K, reserved 1048576K
}
Event: 112.849 GC heap before
{Heap before GC invocations=1409 (full 3):
 PSYoungGen      total 5632K, used 5463K [0x00000000d5580000, 0x00000000d5c80000, 0x0000000100000000)
  eden space 5120K, 100% used [0x00000000d5580000,0x00000000d5a80000,0x00000000d5a80000)
  from space 512K, 67% used [0x00000000d5a80000,0x00000000d5ad5d88,0x00000000d5b00000)
  to   space 512K, 0% used [0x00000000d5c00000,0x00000000d5c00000,0x00000000d5c80000)
 ParOldGen       total 826880K, used 826871K [0x0000000080000000, 0x00000000b2780000, 0x00000000d5580000)
  object space 826880K, 99% used [0x0000000080000000,0x00000000b277df30,0x00000000b2780000)
 Metaspace       used 71757K, committed 73344K, reserved 1179648K
  class space    used 7648K, committed 8320K, reserved 1048576K
}
Event: 112.851 GC heap after
{Heap after GC invocations=1409 (full 3):
 PSYoungGen      total 5632K, used 314K [0x00000000d5580000, 0x00000000d5c80000, 0x0000000100000000)
  eden space 5120K, 0% used [0x00000000d5580000,0x00000000d5580000,0x00000000d5a80000)
  from space 512K, 61% used [0x00000000d5c00000,0x00000000d5c4ea48,0x00000000d5c80000)
  to   space 512K, 0% used [0x00000000d5a80000,0x00000000d5a80000,0x00000000d5b00000)
 ParOldGen       total 827392K, used 827154K [0x0000000080000000, 0x00000000b2800000, 0x00000000d5580000)
  object space 827392K, 99% used [0x0000000080000000,0x00000000b27c4950,0x00000000b2800000)
 Metaspace       used 71757K, committed 73344K, reserved 1179648K
  class space    used 7648K, committed 8320K, reserved 1048576K
}
Event: 112.868 GC heap before
{Heap before GC invocations=1410 (full 3):
 PSYoungGen      total 5632K, used 5434K [0x00000000d5580000, 0x00000000d5c80000, 0x0000000100000000)
  eden space 5120K, 100% used [0x00000000d5580000,0x00000000d5a80000,0x00000000d5a80000)
  from space 512K, 61% used [0x00000000d5c00000,0x00000000d5c4ea48,0x00000000d5c80000)
  to   space 512K, 0% used [0x00000000d5a80000,0x00000000d5a80000,0x00000000d5b00000)
 ParOldGen       total 827392K, used 827154K [0x0000000080000000, 0x00000000b2800000, 0x00000000d5580000)
  object space 827392K, 99% used [0x0000000080000000,0x00000000b27c4950,0x00000000b2800000)
 Metaspace       used 71757K, committed 73344K, reserved 1179648K
  class space    used 7648K, committed 8320K, reserved 1048576K
}
Event: 112.870 GC heap after
{Heap after GC invocations=1410 (full 3):
 PSYoungGen      total 5632K, used 298K [0x00000000d5580000, 0x00000000d5c80000, 0x0000000100000000)
  eden space 5120K, 0% used [0x00000000d5580000,0x00000000d5580000,0x00000000d5a80000)
  from space 512K, 58% used [0x00000000d5a80000,0x00000000d5aca930,0x00000000d5b00000)
  to   space 512K, 0% used [0x00000000d5c00000,0x00000000d5c00000,0x00000000d5c80000)
 ParOldGen       total 827904K, used 827410K [0x0000000080000000, 0x00000000b2880000, 0x00000000d5580000)
  object space 827904K, 99% used [0x0000000080000000,0x00000000b2804828,0x00000000b2880000)
 Metaspace       used 71757K, committed 73344K, reserved 1179648K
  class space    used 7648K, committed 8320K, reserved 1048576K
}
Event: 112.894 GC heap before
{Heap before GC invocations=1411 (full 3):
 PSYoungGen      total 5632K, used 5418K [0x00000000d5580000, 0x00000000d5c80000, 0x0000000100000000)
  eden space 5120K, 100% used [0x00000000d5580000,0x00000000d5a80000,0x00000000d5a80000)
  from space 512K, 58% used [0x00000000d5a80000,0x00000000d5aca930,0x00000000d5b00000)
  to   space 512K, 0% used [0x00000000d5c00000,0x00000000d5c00000,0x00000000d5c80000)
 ParOldGen       total 827904K, used 827410K [0x0000000080000000, 0x00000000b2880000, 0x00000000d5580000)
  object space 827904K, 99% used [0x0000000080000000,0x00000000b2804828,0x00000000b2880000)
 Metaspace       used 71757K, committed 73344K, reserved 1179648K
  class space    used 7648K, committed 8320K, reserved 1048576K
}
Event: 112.896 GC heap after
{Heap after GC invocations=1411 (full 3):
 PSYoungGen      total 5632K, used 320K [0x00000000d5580000, 0x00000000d5c80000, 0x0000000100000000)
  eden space 5120K, 0% used [0x00000000d5580000,0x00000000d5580000,0x00000000d5a80000)
  from space 512K, 62% used [0x00000000d5c00000,0x00000000d5c50000,0x00000000d5c80000)
  to   space 512K, 0% used [0x00000000d5a80000,0x00000000d5a80000,0x00000000d5b00000)
 ParOldGen       total 827904K, used 827672K [0x0000000080000000, 0x00000000b2880000, 0x00000000d5580000)
  object space 827904K, 99% used [0x0000000080000000,0x00000000b2846378,0x00000000b2880000)
 Metaspace       used 71757K, committed 73344K, reserved 1179648K
  class space    used 7648K, committed 8320K, reserved 1048576K
}
Event: 112.981 GC heap before
{Heap before GC invocations=1412 (full 3):
 PSYoungGen      total 5632K, used 5051K [0x00000000d5580000, 0x00000000d5c80000, 0x0000000100000000)
  eden space 5120K, 92% used [0x00000000d5580000,0x00000000d5a1ed10,0x00000000d5a80000)
  from space 512K, 62% used [0x00000000d5c00000,0x00000000d5c50000,0x00000000d5c80000)
  to   space 512K, 0% used [0x00000000d5a80000,0x00000000d5a80000,0x00000000d5b00000)
 ParOldGen       total 827904K, used 827672K [0x0000000080000000, 0x00000000b2880000, 0x00000000d5580000)
  object space 827904K, 99% used [0x0000000080000000,0x00000000b2846378,0x00000000b2880000)
 Metaspace       used 71762K, committed 73344K, reserved 1179648K
  class space    used 7648K, committed 8320K, reserved 1048576K
}
Event: 112.985 GC heap after
{Heap after GC invocations=1412 (full 3):
 PSYoungGen      total 5632K, used 370K [0x00000000d5580000, 0x00000000d5c80000, 0x0000000100000000)
  eden space 5120K, 0% used [0x00000000d5580000,0x00000000d5580000,0x00000000d5a80000)
  from space 512K, 72% used [0x00000000d5a80000,0x00000000d5adc940,0x00000000d5b00000)
  to   space 512K, 0% used [0x00000000d5c00000,0x00000000d5c00000,0x00000000d5c80000)
 ParOldGen       total 828928K, used 828698K [0x0000000080000000, 0x00000000b2980000, 0x00000000d5580000)
  object space 828928K, 99% used [0x0000000080000000,0x00000000b2946a88,0x00000000b2980000)
 Metaspace       used 71762K, committed 73344K, reserved 1179648K
  class space    used 7648K, committed 8320K, reserved 1048576K
}
Event: 113.037 GC heap before
{Heap before GC invocations=1413 (full 3):
 PSYoungGen      total 5632K, used 5490K [0x00000000d5580000, 0x00000000d5c80000, 0x0000000100000000)
  eden space 5120K, 100% used [0x00000000d5580000,0x00000000d5a80000,0x00000000d5a80000)
  from space 512K, 72% used [0x00000000d5a80000,0x00000000d5adc940,0x00000000d5b00000)
  to   space 512K, 0% used [0x00000000d5c00000,0x00000000d5c00000,0x00000000d5c80000)
 ParOldGen       total 828928K, used 828698K [0x0000000080000000, 0x00000000b2980000, 0x00000000d5580000)
  object space 828928K, 99% used [0x0000000080000000,0x00000000b2946a88,0x00000000b2980000)
 Metaspace       used 71772K, committed 73344K, reserved 1179648K
  class space    used 7648K, committed 8320K, reserved 1048576K
}
Event: 113.042 GC heap after
{Heap after GC invocations=1413 (full 3):
 PSYoungGen      total 5632K, used 359K [0x00000000d5580000, 0x00000000d5c80000, 0x0000000100000000)
  eden space 5120K, 0% used [0x00000000d5580000,0x00000000d5580000,0x00000000d5a80000)
  from space 512K, 70% used [0x00000000d5c00000,0x00000000d5c59c68,0x00000000d5c80000)
  to   space 512K, 0% used [0x00000000d5a80000,0x00000000d5a80000,0x00000000d5b00000)
 ParOldGen       total 829952K, used 829764K [0x0000000080000000, 0x00000000b2a80000, 0x00000000d5580000)
  object space 829952K, 99% used [0x0000000080000000,0x00000000b2a51130,0x00000000b2a80000)
 Metaspace       used 71772K, committed 73344K, reserved 1179648K
  class space    used 7648K, committed 8320K, reserved 1048576K
}
Event: 113.097 GC heap before
{Heap before GC invocations=1414 (full 3):
 PSYoungGen      total 5632K, used 5479K [0x00000000d5580000, 0x00000000d5c80000, 0x0000000100000000)
  eden space 5120K, 100% used [0x00000000d5580000,0x00000000d5a80000,0x00000000d5a80000)
  from space 512K, 70% used [0x00000000d5c00000,0x00000000d5c59c68,0x00000000d5c80000)
  to   space 512K, 0% used [0x00000000d5a80000,0x00000000d5a80000,0x00000000d5b00000)
 ParOldGen       total 829952K, used 829764K [0x0000000080000000, 0x00000000b2a80000, 0x00000000d5580000)
  object space 829952K, 99% used [0x0000000080000000,0x00000000b2a51130,0x00000000b2a80000)
 Metaspace       used 71772K, committed 73344K, reserved 1179648K
  class space    used 7648K, committed 8320K, reserved 1048576K
}
Event: 113.099 GC heap after
{Heap after GC invocations=1414 (full 3):
 PSYoungGen      total 5632K, used 298K [0x00000000d5580000, 0x00000000d5c80000, 0x0000000100000000)
  eden space 5120K, 0% used [0x00000000d5580000,0x00000000d5580000,0x00000000d5a80000)
  from space 512K, 58% used [0x00000000d5a80000,0x00000000d5aca9c8,0x00000000d5b00000)
  to   space 512K, 0% used [0x00000000d5c00000,0x00000000d5c00000,0x00000000d5c80000)
 ParOldGen       total 830464K, used 830057K [0x0000000080000000, 0x00000000b2b00000, 0x00000000d5580000)
  object space 830464K, 99% used [0x0000000080000000,0x00000000b2a9a428,0x00000000b2b00000)
 Metaspace       used 71772K, committed 73344K, reserved 1179648K
  class space    used 7648K, committed 8320K, reserved 1048576K
}
Event: 113.129 GC heap before
{Heap before GC invocations=1415 (full 3):
 PSYoungGen      total 5632K, used 5418K [0x00000000d5580000, 0x00000000d5c80000, 0x0000000100000000)
  eden space 5120K, 100% used [0x00000000d5580000,0x00000000d5a80000,0x00000000d5a80000)
  from space 512K, 58% used [0x00000000d5a80000,0x00000000d5aca9c8,0x00000000d5b00000)
  to   space 512K, 0% used [0x00000000d5c00000,0x00000000d5c00000,0x00000000d5c80000)
 ParOldGen       total 830464K, used 830057K [0x0000000080000000, 0x00000000b2b00000, 0x00000000d5580000)
  object space 830464K, 99% used [0x0000000080000000,0x00000000b2a9a428,0x00000000b2b00000)
 Metaspace       used 71772K, committed 73344K, reserved 1179648K
  class space    used 7648K, committed 8320K, reserved 1048576K
}
Event: 113.132 GC heap after
{Heap after GC invocations=1415 (full 3):
 PSYoungGen      total 5632K, used 504K [0x00000000d5580000, 0x00000000d5c80000, 0x0000000100000000)
  eden space 5120K, 0% used [0x00000000d5580000,0x00000000d5580000,0x00000000d5a80000)
  from space 512K, 98% used [0x00000000d5c00000,0x00000000d5c7e0b0,0x00000000d5c80000)
  to   space 1024K, 0% used [0x00000000d5a80000,0x00000000d5a80000,0x00000000d5b80000)
 ParOldGen       total 830464K, used 830307K [0x0000000080000000, 0x00000000b2b00000, 0x00000000d5580000)
  object space 830464K, 99% used [0x0000000080000000,0x00000000b2ad8c60,0x00000000b2b00000)
 Metaspace       used 71772K, committed 73344K, reserved 1179648K
  class space    used 7648K, committed 8320K, reserved 1048576K
}
Event: 113.185 GC heap before
{Heap before GC invocations=1416 (full 3):
 PSYoungGen      total 5632K, used 5624K [0x00000000d5580000, 0x00000000d5c80000, 0x0000000100000000)
  eden space 5120K, 100% used [0x00000000d5580000,0x00000000d5a80000,0x00000000d5a80000)
  from space 512K, 98% used [0x00000000d5c00000,0x00000000d5c7e0b0,0x00000000d5c80000)
  to   space 1024K, 0% used [0x00000000d5a80000,0x00000000d5a80000,0x00000000d5b80000)
 ParOldGen       total 830464K, used 830307K [0x0000000080000000, 0x00000000b2b00000, 0x00000000d5580000)
  object space 830464K, 99% used [0x0000000080000000,0x00000000b2ad8c60,0x00000000b2b00000)
 Metaspace       used 71819K, committed 73408K, reserved 1179648K
  class space    used 7652K, committed 8320K, reserved 1048576K
}
Event: 113.190 GC heap after
{Heap after GC invocations=1416 (full 3):
 PSYoungGen      total 6144K, used 464K [0x00000000d5580000, 0x00000000d5c80000, 0x0000000100000000)
  eden space 5120K, 0% used [0x00000000d5580000,0x00000000d5580000,0x00000000d5a80000)
  from space 1024K, 45% used [0x00000000d5a80000,0x00000000d5af40b0,0x00000000d5b80000)
  to   space 1024K, 0% used [0x00000000d5b80000,0x00000000d5b80000,0x00000000d5c80000)
 ParOldGen       total 830976K, used 830727K [0x0000000080000000, 0x00000000b2b80000, 0x00000000d5580000)
  object space 830976K, 99% used [0x0000000080000000,0x00000000b2b41f40,0x00000000b2b80000)
 Metaspace       used 71819K, committed 73408K, reserved 1179648K
  class space    used 7652K, committed 8320K, reserved 1048576K
}
Event: 113.315 GC heap before
{Heap before GC invocations=1417 (full 3):
 PSYoungGen      total 6144K, used 5584K [0x00000000d5580000, 0x00000000d5c80000, 0x0000000100000000)
  eden space 5120K, 100% used [0x00000000d5580000,0x00000000d5a80000,0x00000000d5a80000)
  from space 1024K, 45% used [0x00000000d5a80000,0x00000000d5af40b0,0x00000000d5b80000)
  to   space 1024K, 0% used [0x00000000d5b80000,0x00000000d5b80000,0x00000000d5c80000)
 ParOldGen       total 830976K, used 830727K [0x0000000080000000, 0x00000000b2b80000, 0x00000000d5580000)
  object space 830976K, 99% used [0x0000000080000000,0x00000000b2b41f40,0x00000000b2b80000)
 Metaspace       used 71921K, committed 73536K, reserved 1179648K
  class space    used 7676K, committed 8384K, reserved 1048576K
}
Event: 113.320 GC heap after
{Heap after GC invocations=1417 (full 3):
 PSYoungGen      total 4608K, used 998K [0x00000000d5580000, 0x00000000d5f80000, 0x0000000100000000)
  eden space 3584K, 0% used [0x00000000d5580000,0x00000000d5580000,0x00000000d5900000)
  from space 1024K, 97% used [0x00000000d5b80000,0x00000000d5c79918,0x00000000d5c80000)
  to   space 2560K, 0% used [0x00000000d5900000,0x00000000d5900000,0x00000000d5b80000)
 ParOldGen       total 832000K, used 831751K [0x0000000080000000, 0x00000000b2c80000, 0x00000000d5580000)
  object space 832000K, 99% used [0x0000000080000000,0x00000000b2c41cf8,0x00000000b2c80000)
 Metaspace       used 71921K, committed 73536K, reserved 1179648K
  class space    used 7676K, committed 8384K, reserved 1048576K
}

Dll operation events (14 events):
Event: 0.017 Loaded shared library c:\Users\Hoang Anh\.vscode\extensions\redhat.java-1.53.0-win32-x64\jre\21.0.10-win32-x86_64\bin\java.dll
Event: 0.152 Loaded shared library c:\Users\Hoang Anh\.vscode\extensions\redhat.java-1.53.0-win32-x64\jre\21.0.10-win32-x86_64\bin\zip.dll
Event: 0.198 Loaded shared library C:\Users\Hoang Anh\.vscode\extensions\redhat.java-1.53.0-win32-x64\jre\21.0.10-win32-x86_64\bin\instrument.dll
Event: 0.206 Loaded shared library C:\Users\Hoang Anh\.vscode\extensions\redhat.java-1.53.0-win32-x64\jre\21.0.10-win32-x86_64\bin\net.dll
Event: 0.209 Loaded shared library C:\Users\Hoang Anh\.vscode\extensions\redhat.java-1.53.0-win32-x64\jre\21.0.10-win32-x86_64\bin\nio.dll
Event: 0.216 Loaded shared library C:\Users\Hoang Anh\.vscode\extensions\redhat.java-1.53.0-win32-x64\jre\21.0.10-win32-x86_64\bin\zip.dll
Event: 0.253 Loaded shared library C:\Users\Hoang Anh\.vscode\extensions\redhat.java-1.53.0-win32-x64\jre\21.0.10-win32-x86_64\bin\jimage.dll
Event: 0.413 Loaded shared library c:\Users\Hoang Anh\.vscode\extensions\redhat.java-1.53.0-win32-x64\jre\21.0.10-win32-x86_64\bin\verify.dll
Event: 3.458 Loaded shared library C:\Users\Hoang Anh\AppData\Roaming\Code\User\globalStorage\redhat.java\1.53.0\config_win\org.eclipse.equinox.launcher\org.eclipse.equinox.launcher.win32.win32.x86_64_1.3.0.v20260203-2149\eclipse_11919.dll
Event: 5.943 Loaded shared library C:\Users\Hoang Anh\.vscode\extensions\redhat.java-1.53.0-win32-x64\jre\21.0.10-win32-x86_64\bin\management.dll
Event: 5.956 Loaded shared library C:\Users\Hoang Anh\.vscode\extensions\redhat.java-1.53.0-win32-x64\jre\21.0.10-win32-x86_64\bin\management_ext.dll
Event: 8.505 Loaded shared library C:\Users\Hoang Anh\AppData\Local\Temp\jna--1970391186\jna4342337896281654369.dll
Event: 9.467 Loaded shared library C:\Users\Hoang Anh\.vscode\extensions\redhat.java-1.53.0-win32-x64\jre\21.0.10-win32-x86_64\bin\sunmscapi.dll
Event: 9.704 Loaded shared library C:\Users\Hoang Anh\.vscode\extensions\redhat.java-1.53.0-win32-x64\jre\21.0.10-win32-x86_64\bin\extnet.dll

Deoptimization events (20 events):
Event: 113.306 Thread 0x0000028a79f668c0 Uncommon trap: trap_request=0xffffff45 fr.pc=0x0000028a685081d4 relative=0x00000000000005b4
Event: 113.306 Thread 0x0000028a79f668c0 Uncommon trap: reason=unstable_if action=reinterpret pc=0x0000028a685081d4 method=org.eclipse.jdt.internal.compiler.classfmt.FieldInfo.getTypeName()[C @ 4 c2
Event: 113.306 Thread 0x0000028a79f668c0 DEOPT PACKING pc=0x0000028a685081d4 sp=0x0000008f5a2fd640
Event: 113.306 Thread 0x0000028a79f668c0 DEOPT UNPACKING pc=0x0000028a67783aa2 sp=0x0000008f5a2fd608 mode 2
Event: 113.331 Thread 0x0000028a79f668c0 Uncommon trap: trap_request=0xffffff45 fr.pc=0x0000028a6860235c relative=0x00000000000001bc
Event: 113.331 Thread 0x0000028a79f668c0 Uncommon trap: reason=unstable_if action=reinterpret pc=0x0000028a6860235c method=org.eclipse.jdt.core.Signature.checkArrayDimension([CII)I @ 8 c2
Event: 113.331 Thread 0x0000028a79f668c0 DEOPT PACKING pc=0x0000028a6860235c sp=0x0000008f5a2fe070
Event: 113.331 Thread 0x0000028a79f668c0 DEOPT UNPACKING pc=0x0000028a67783aa2 sp=0x0000008f5a2fe008 mode 2
Event: 113.343 Thread 0x0000028a79f668c0 Uncommon trap: trap_request=0xfffffff4 fr.pc=0x0000028a687a2124 relative=0x0000000000001fe4
Event: 113.343 Thread 0x0000028a79f668c0 Uncommon trap: reason=null_check action=make_not_entrant pc=0x0000028a687a2124 method=org.eclipse.jdt.internal.core.JavaModelCache.getInfo(Lorg/eclipse/jdt/core/IJavaElement;)Lorg/eclipse/jdt/internal/compiler/env/IElementInfo; @ 152 c2
Event: 113.343 Thread 0x0000028a79f668c0 DEOPT PACKING pc=0x0000028a687a2124 sp=0x0000008f5a2fde20
Event: 113.343 Thread 0x0000028a79f668c0 DEOPT UNPACKING pc=0x0000028a67783aa2 sp=0x0000008f5a2fddf8 mode 2
Event: 113.415 Thread 0x0000028a79f668c0 Uncommon trap: trap_request=0xffffff45 fr.pc=0x0000028a685ff7a4 relative=0x00000000000006a4
Event: 113.415 Thread 0x0000028a79f668c0 Uncommon trap: reason=unstable_if action=reinterpret pc=0x0000028a685ff7a4 method=org.eclipse.jdt.core.Signature.appendTypeSignature([CIZLjava/lang/StringBuilder;Z)I @ 197 c2
Event: 113.415 Thread 0x0000028a79f668c0 DEOPT PACKING pc=0x0000028a685ff7a4 sp=0x0000008f5a2fde70
Event: 113.415 Thread 0x0000028a79f668c0 DEOPT UNPACKING pc=0x0000028a67783aa2 sp=0x0000008f5a2fde18 mode 2
Event: 113.415 Thread 0x0000028a79f668c0 Uncommon trap: trap_request=0xffffff45 fr.pc=0x0000028a6849483c relative=0x00000000000006bc
Event: 113.415 Thread 0x0000028a79f668c0 Uncommon trap: reason=unstable_if action=reinterpret pc=0x0000028a6849483c method=org.eclipse.jdt.core.Signature.appendClassTypeSignature([CIZLjava/lang/StringBuilder;)I @ 23 c2
Event: 113.415 Thread 0x0000028a79f668c0 DEOPT PACKING pc=0x0000028a6849483c sp=0x0000008f5a2fdbb0
Event: 113.415 Thread 0x0000028a79f668c0 DEOPT UNPACKING pc=0x0000028a67783aa2 sp=0x0000008f5a2fdb48 mode 2

Classes loaded (20 events):
Event: 56.792 Loading class java/io/CharArrayWriter
Event: 56.792 Loading class java/io/CharArrayWriter done
Event: 56.811 Loading class java/nio/file/attribute/PosixFileAttributes
Event: 56.811 Loading class java/nio/file/attribute/PosixFileAttributes done
Event: 61.254 Loading class java/util/stream/ReduceOps$5
Event: 61.254 Loading class java/util/stream/ReduceOps$5 done
Event: 61.255 Loading class java/util/stream/ReduceOps$CountingSink$OfRef
Event: 61.255 Loading class java/util/stream/ReduceOps$CountingSink
Event: 61.255 Loading class java/util/stream/ReduceOps$CountingSink done
Event: 61.255 Loading class java/util/stream/ReduceOps$CountingSink$OfRef done
Event: 61.605 Loading class java/util/stream/ReduceOps$1
Event: 61.605 Loading class java/util/stream/ReduceOps$1 done
Event: 61.605 Loading class java/util/stream/ReduceOps$1ReducingSink
Event: 61.605 Loading class java/util/stream/ReduceOps$1ReducingSink done
Event: 86.639 Loading class java/lang/Throwable$WrappedPrintWriter
Event: 86.642 Loading class java/lang/Throwable$PrintStreamOrWriter
Event: 86.642 Loading class java/lang/Throwable$PrintStreamOrWriter done
Event: 86.642 Loading class java/lang/Throwable$WrappedPrintWriter done
Event: 89.995 Loading class java/lang/Throwable$WrappedPrintStream
Event: 89.995 Loading class java/lang/Throwable$WrappedPrintStream done

Classes unloaded (8 events):
Event: 7.307 Thread 0x0000028a739bfbd0 Unloading class 0x0000028a011ab400 'java/lang/invoke/LambdaForm$MH+0x0000028a011ab400'
Event: 7.307 Thread 0x0000028a739bfbd0 Unloading class 0x0000028a011ab000 'java/lang/invoke/LambdaForm$MH+0x0000028a011ab000'
Event: 7.307 Thread 0x0000028a739bfbd0 Unloading class 0x0000028a011aac00 'java/lang/invoke/LambdaForm$MH+0x0000028a011aac00'
Event: 7.307 Thread 0x0000028a739bfbd0 Unloading class 0x0000028a011aa800 'java/lang/invoke/LambdaForm$MH+0x0000028a011aa800'
Event: 7.307 Thread 0x0000028a739bfbd0 Unloading class 0x0000028a011aa400 'java/lang/invoke/LambdaForm$BMH+0x0000028a011aa400'
Event: 7.307 Thread 0x0000028a739bfbd0 Unloading class 0x0000028a011aa000 'java/lang/invoke/LambdaForm$DMH+0x0000028a011aa000'
Event: 7.307 Thread 0x0000028a739bfbd0 Unloading class 0x0000028a011a8c00 'java/lang/invoke/LambdaForm$DMH+0x0000028a011a8c00'
Event: 9.166 Thread 0x0000028a739bfbd0 Unloading class 0x0000028a0130d000 'java/lang/invoke/LambdaForm$MH+0x0000028a0130d000'

Classes redefined (0 events):
No events

Internal exceptions (20 events):
Event: 111.697 Thread 0x0000028a79cf6ad0 Exception <a 'java/io/IOException'{0x00000000d569ccb8}> (0x00000000d569ccb8) 
thrown [s\src\hotspot\share\prims\jni.cpp, line 520]
Event: 111.702 Thread 0x0000028a79f65ba0 Exception <a 'java/io/IOException'{0x00000000d56ca6c0}> (0x00000000d56ca6c0) 
thrown [s\src\hotspot\share\prims\jni.cpp, line 520]
Event: 111.711 Thread 0x0000028a79cf6ad0 Exception <a 'java/io/IOException'{0x00000000d583edb0}> (0x00000000d583edb0) 
thrown [s\src\hotspot\share\prims\jni.cpp, line 520]
Event: 111.711 Thread 0x0000028a79cf6ad0 Exception <a 'sun/nio/fs/WindowsException'{0x00000000d583f428}> (0x00000000d583f428) 
thrown [s\src\hotspot\share\prims\jni.cpp, line 520]
Event: 111.713 Thread 0x0000028a79cf6ad0 Exception <a 'java/io/IOException'{0x00000000d5847a68}> (0x00000000d5847a68) 
thrown [s\src\hotspot\share\prims\jni.cpp, line 520]
Event: 111.717 Thread 0x0000028a79cf3ce0 Exception <a 'java/io/IOException'{0x00000000d5874dd0}> (0x00000000d5874dd0) 
thrown [s\src\hotspot\share\prims\jni.cpp, line 520]
Event: 111.743 Thread 0x0000028a79cf6ad0 Exception <a 'java/io/IOException'{0x00000000d56b96e8}> (0x00000000d56b96e8) 
thrown [s\src\hotspot\share\prims\jni.cpp, line 520]
Event: 111.743 Thread 0x0000028a79cf6ad0 Exception <a 'sun/nio/fs/WindowsException'{0x00000000d56b9d60}> (0x00000000d56b9d60) 
thrown [s\src\hotspot\share\prims\jni.cpp, line 520]
Event: 111.743 Thread 0x0000028a79cf6ad0 Exception <a 'java/io/IOException'{0x00000000d56c2a48}> (0x00000000d56c2a48) 
thrown [s\src\hotspot\share\prims\jni.cpp, line 520]
Event: 111.745 Thread 0x0000028a79cf5720 Exception <a 'java/io/IOException'{0x00000000d56ebb88}> (0x00000000d56ebb88) 
thrown [s\src\hotspot\share\prims\jni.cpp, line 520]
Event: 111.753 Thread 0x0000028a79cf6ad0 Exception <a 'java/io/IOException'{0x00000000d583ef88}> (0x00000000d583ef88) 
thrown [s\src\hotspot\share\prims\jni.cpp, line 520]
Event: 111.753 Thread 0x0000028a79cf6ad0 Exception <a 'java/io/IOException'{0x00000000d583f2b0}> (0x00000000d583f2b0) 
thrown [s\src\hotspot\share\prims\jni.cpp, line 520]
Event: 111.754 Thread 0x0000028a79cf6ad0 Exception <a 'java/io/IOException'{0x00000000d584b6d0}> (0x00000000d584b6d0) 
thrown [s\src\hotspot\share\prims\jni.cpp, line 520]
Event: 111.756 Thread 0x0000028a79f65ba0 Exception <a 'java/io/IOException'{0x00000000d5875fd0}> (0x00000000d5875fd0) 
thrown [s\src\hotspot\share\prims\jni.cpp, line 520]
Event: 111.765 Thread 0x0000028a7b2e5e70 Exception <a 'java/lang/NoSuchMethodError'{0x00000000d58f6ab0}: 'java.lang.Object java.lang.invoke.DirectMethodHandle$Holder.invokeStaticInit(java.lang.Object, java.lang.Object, java.lang.Object)'> (0x00000000d58f6ab0) 
thrown [s\src\hotspot\share\interpreter\linkResolver.cpp, line 773]
Event: 111.785 Thread 0x0000028a79f668c0 Exception <a 'java/io/IOException'{0x00000000d55d4388}> (0x00000000d55d4388) 
thrown [s\src\hotspot\share\prims\jni.cpp, line 520]
Event: 111.888 Thread 0x0000028a79f668c0 Exception <a 'java/lang/IncompatibleClassChangeError'{0x00000000d57db1a0}: Found class java.lang.Object, but interface was expected> (0x00000000d57db1a0) 
thrown [s\src\hotspot\share\interpreter\linkResolver.cpp, line 840]
Event: 111.962 Thread 0x0000028a79f668c0 Implicit null exception at 0x0000028a683969ec to 0x0000028a683971a0
Event: 113.285 Thread 0x0000028a79f668c0 Implicit null exception at 0x0000028a685c8c63 to 0x0000028a685c92d0
Event: 113.343 Thread 0x0000028a79f668c0 Implicit null exception at 0x0000028a687a0224 to 0x0000028a687a2114

ZGC Phase Switch (0 events):
No events

VM Operations (20 events):
Event: 113.037 Executing safepoint VM operation: ParallelGCFailedAllocation (Allocation Failure)
Event: 113.042 Executing safepoint VM operation: ParallelGCFailedAllocation (Allocation Failure) done
Event: 113.097 Executing safepoint VM operation: ParallelGCFailedAllocation (Allocation Failure)
Event: 113.099 Executing safepoint VM operation: ParallelGCFailedAllocation (Allocation Failure) done
Event: 113.129 Executing safepoint VM operation: ParallelGCFailedAllocation (Allocation Failure)
Event: 113.132 Executing safepoint VM operation: ParallelGCFailedAllocation (Allocation Failure) done
Event: 113.185 Executing safepoint VM operation: ParallelGCFailedAllocation (Allocation Failure)
Event: 113.190 Executing safepoint VM operation: ParallelGCFailedAllocation (Allocation Failure) done
Event: 113.246 Executing non-safepoint VM operation: HandshakeAllThreads (Deoptimize)
Event: 113.247 Executing non-safepoint VM operation: HandshakeAllThreads (Deoptimize) done
Event: 113.315 Executing safepoint VM operation: ParallelGCFailedAllocation (Allocation Failure)
Event: 113.320 Executing safepoint VM operation: ParallelGCFailedAllocation (Allocation Failure) done
Event: 113.347 Executing non-safepoint VM operation: HandshakeAllThreads (Deoptimize)
Event: 113.347 Executing non-safepoint VM operation: HandshakeAllThreads (Deoptimize) done
Event: 113.389 Executing non-safepoint VM operation: HandshakeAllThreads (Deoptimize)
Event: 113.389 Executing non-safepoint VM operation: HandshakeAllThreads (Deoptimize) done
Event: 113.405 Executing non-safepoint VM operation: HandshakeAllThreads (Deoptimize)
Event: 113.405 Executing non-safepoint VM operation: HandshakeAllThreads (Deoptimize) done
Event: 113.411 Executing non-safepoint VM operation: HandshakeAllThreads (Deoptimize)
Event: 113.411 Executing non-safepoint VM operation: HandshakeAllThreads (Deoptimize) done

Memory protections (0 events):
No events

Nmethod flushes (20 events):
Event: 39.081 Thread 0x0000028a739bfbd0 flushing  nmethod 0x0000028a60a44710
Event: 39.081 Thread 0x0000028a739bfbd0 flushing  nmethod 0x0000028a60a44f90
Event: 39.081 Thread 0x0000028a739bfbd0 flushing  nmethod 0x0000028a60a47690
Event: 39.081 Thread 0x0000028a739bfbd0 flushing  nmethod 0x0000028a60a4df10
Event: 39.081 Thread 0x0000028a739bfbd0 flushing  nmethod 0x0000028a60a54f90
Event: 39.081 Thread 0x0000028a739bfbd0 flushing  nmethod 0x0000028a60a63310
Event: 39.081 Thread 0x0000028a739bfbd0 flushing  nmethod 0x0000028a60a83c90
Event: 39.081 Thread 0x0000028a739bfbd0 flushing  nmethod 0x0000028a60a8d410
Event: 39.081 Thread 0x0000028a739bfbd0 flushing  nmethod 0x0000028a60aab890
Event: 39.081 Thread 0x0000028a739bfbd0 flushing  nmethod 0x0000028a60abaf10
Event: 39.081 Thread 0x0000028a739bfbd0 flushing  nmethod 0x0000028a60af1c90
Event: 39.081 Thread 0x0000028a739bfbd0 flushing  nmethod 0x0000028a60aff990
Event: 39.081 Thread 0x0000028a739bfbd0 flushing  nmethod 0x0000028a60b09190
Event: 39.081 Thread 0x0000028a739bfbd0 flushing  nmethod 0x0000028a60b09c90
Event: 39.081 Thread 0x0000028a739bfbd0 flushing  nmethod 0x0000028a60b1ed90
Event: 39.081 Thread 0x0000028a739bfbd0 flushing  nmethod 0x0000028a60b2ef90
Event: 39.081 Thread 0x0000028a739bfbd0 flushing  nmethod 0x0000028a60b38110
Event: 39.081 Thread 0x0000028a739bfbd0 flushing  nmethod 0x0000028a60b3fa90
Event: 39.081 Thread 0x0000028a739bfbd0 flushing  nmethod 0x0000028a60b47410
Event: 39.081 Thread 0x0000028a739bfbd0 flushing  nmethod 0x0000028a60b5a190

Events (20 events):
Event: 54.879 Thread 0x0000028a79f668c0 Thread added: 0x0000028a79f675e0
Event: 55.851 Thread 0x0000028a79f675e0 Thread added: 0x0000028a7b2e5e70
Event: 55.852 Thread 0x0000028a7c8cfb30 Thread exited: 0x0000028a7c8cfb30
Event: 55.923 Thread 0x0000028a79cf5720 Thread added: 0x0000028a7b2e4430
Event: 56.008 Thread 0x0000028a79cf5720 Thread added: 0x0000028a7b2e8c60
Event: 56.090 Thread 0x0000028a73a24620 Thread added: 0x0000028a79ea4c50
Event: 56.374 Thread 0x0000028a79cf5720 Thread added: 0x0000028a7b2e6500
Event: 56.375 Thread 0x0000028a79cf5720 Thread added: 0x0000028a7adf1cc0
Event: 56.375 Thread 0x0000028a79cf5720 Thread added: 0x0000028a7adf7210
Event: 56.376 Thread 0x0000028a79cf5720 Thread added: 0x0000028a7adf2350
Event: 56.376 Thread 0x0000028a79cf5720 Thread added: 0x0000028a7adf3d90
Event: 56.485 Thread 0x0000028a7adf1cc0 Thread exited: 0x0000028a7adf1cc0
Event: 56.485 Thread 0x0000028a7adf2350 Thread exited: 0x0000028a7adf2350
Event: 56.485 Thread 0x0000028a7adf7210 Thread exited: 0x0000028a7adf7210
Event: 56.485 Thread 0x0000028a7adf3d90 Thread exited: 0x0000028a7adf3d90
Event: 56.518 Thread 0x0000028a7b2e6500 Thread exited: 0x0000028a7b2e6500
Event: 57.126 Thread 0x0000028a79cf5090 Thread added: 0x0000028a7b2e6500
Event: 65.900 Thread 0x0000028a79ea4c50 Thread exited: 0x0000028a79ea4c50
Event: 78.908 Thread 0x0000028a73a24620 Thread added: 0x0000028a79ea0830
Event: 79.309 Thread 0x0000028a79ea0830 Thread exited: 0x0000028a79ea0830


Dynamic libraries:
0x00007ff666a90000 - 0x00007ff666a9e000 	c:\Users\Hoang Anh\.vscode\extensions\redhat.java-1.53.0-win32-x64\jre\21.0.10-win32-x86_64\bin\java.exe
0x00007fff16b70000 - 0x00007fff16d68000 	C:\WINDOWS\SYSTEM32\ntdll.dll
0x00007fff15d80000 - 0x00007fff15e3d000 	C:\WINDOWS\System32\KERNEL32.DLL
0x00007fff14220000 - 0x00007fff14516000 	C:\WINDOWS\System32\KERNELBASE.dll
0x00007fff14550000 - 0x00007fff14650000 	C:\WINDOWS\System32\ucrtbase.dll
0x00007fff0c030000 - 0x00007fff0c048000 	c:\Users\Hoang Anh\.vscode\extensions\redhat.java-1.53.0-win32-x64\jre\21.0.10-win32-x86_64\bin\jli.dll
0x00007fff16990000 - 0x00007fff16b2f000 	C:\WINDOWS\System32\USER32.dll
0x00007fff14520000 - 0x00007fff14542000 	C:\WINDOWS\System32\win32u.dll
0x00007fff15ca0000 - 0x00007fff15ccb000 	C:\WINDOWS\System32\GDI32.dll
0x00007fff14650000 - 0x00007fff14767000 	C:\WINDOWS\System32\gdi32full.dll
0x00007fff14b00000 - 0x00007fff14b9d000 	C:\WINDOWS\System32\msvcp_win.dll
0x00007fff07a60000 - 0x00007fff07a7e000 	c:\Users\Hoang Anh\.vscode\extensions\redhat.java-1.53.0-win32-x64\jre\21.0.10-win32-x86_64\bin\VCRUNTIME140.dll
0x00007ffefe910000 - 0x00007ffefebaa000 	C:\WINDOWS\WinSxS\amd64_microsoft.windows.common-controls_6595b64144ccf1df_6.0.19041.3636_none_60b6a03d71f818d5\COMCTL32.dll
0x00007fff16080000 - 0x00007fff1611e000 	C:\WINDOWS\System32\msvcrt.dll
0x00007fff16950000 - 0x00007fff16982000 	C:\WINDOWS\System32\IMM32.DLL
0x00007fff0f550000 - 0x00007fff0f55c000 	c:\Users\Hoang Anh\.vscode\extensions\redhat.java-1.53.0-win32-x64\jre\21.0.10-win32-x86_64\bin\vcruntime140_1.dll
0x00007ffeed260000 - 0x00007ffeed2ed000 	c:\Users\Hoang Anh\.vscode\extensions\redhat.java-1.53.0-win32-x64\jre\21.0.10-win32-x86_64\bin\msvcp140.dll
0x00007ffec84d0000 - 0x00007ffec9271000 	c:\Users\Hoang Anh\.vscode\extensions\redhat.java-1.53.0-win32-x64\jre\21.0.10-win32-x86_64\bin\server\jvm.dll
0x00007fff16600000 - 0x00007fff166b0000 	C:\WINDOWS\System32\ADVAPI32.dll
0x00007fff14e10000 - 0x00007fff14eb0000 	C:\WINDOWS\System32\sechost.dll
0x00007fff15810000 - 0x00007fff15933000 	C:\WINDOWS\System32\RPCRT4.dll
0x00007fff14a20000 - 0x00007fff14a47000 	C:\WINDOWS\System32\bcrypt.dll
0x00007fff15ff0000 - 0x00007fff1605b000 	C:\WINDOWS\System32\WS2_32.dll
0x00007fff14080000 - 0x00007fff140cb000 	C:\WINDOWS\SYSTEM32\POWRPROF.dll
0x00007ffefed70000 - 0x00007ffefed97000 	C:\WINDOWS\SYSTEM32\WINMM.dll
0x00007fff12950000 - 0x00007fff1295a000 	C:\WINDOWS\SYSTEM32\VERSION.dll
0x00007fff14060000 - 0x00007fff14072000 	C:\WINDOWS\SYSTEM32\UMPDC.dll
0x00007fff12a00000 - 0x00007fff12a12000 	C:\WINDOWS\SYSTEM32\kernel.appcore.dll
0x00007fff0e220000 - 0x00007fff0e22a000 	c:\Users\Hoang Anh\.vscode\extensions\redhat.java-1.53.0-win32-x64\jre\21.0.10-win32-x86_64\bin\jimage.dll
0x00007fff0cb70000 - 0x00007fff0cd54000 	C:\WINDOWS\SYSTEM32\DBGHELP.DLL
0x00007ffefbcc0000 - 0x00007ffefbcf4000 	C:\WINDOWS\SYSTEM32\dbgcore.DLL
0x00007fff147c0000 - 0x00007fff14842000 	C:\WINDOWS\System32\bcryptPrimitives.dll
0x00007fff0de10000 - 0x00007fff0de1f000 	c:\Users\Hoang Anh\.vscode\extensions\redhat.java-1.53.0-win32-x64\jre\21.0.10-win32-x86_64\bin\instrument.dll
0x00007fff01990000 - 0x00007fff019b0000 	c:\Users\Hoang Anh\.vscode\extensions\redhat.java-1.53.0-win32-x64\jre\21.0.10-win32-x86_64\bin\java.dll
0x00007fff14f30000 - 0x00007fff1569b000 	C:\WINDOWS\System32\SHELL32.dll
0x00007fff11f90000 - 0x00007fff1272e000 	C:\WINDOWS\SYSTEM32\windows.storage.dll
0x00007fff15940000 - 0x00007fff15c93000 	C:\WINDOWS\System32\combase.dll
0x00007fff13aa0000 - 0x00007fff13ace000 	C:\WINDOWS\SYSTEM32\Wldp.dll
0x00007fff14d30000 - 0x00007fff14dfd000 	C:\WINDOWS\System32\OLEAUT32.dll
0x00007fff15cd0000 - 0x00007fff15d7d000 	C:\WINDOWS\System32\SHCORE.dll
0x00007fff16710000 - 0x00007fff16765000 	C:\WINDOWS\System32\shlwapi.dll
0x00007fff14150000 - 0x00007fff14173000 	C:\WINDOWS\SYSTEM32\profapi.dll
0x00007ffef8e70000 - 0x00007ffef8e88000 	c:\Users\Hoang Anh\.vscode\extensions\redhat.java-1.53.0-win32-x64\jre\21.0.10-win32-x86_64\bin\zip.dll
0x00007fff0bce0000 - 0x00007fff0bcf0000 	C:\Users\Hoang Anh\.vscode\extensions\redhat.java-1.53.0-win32-x64\jre\21.0.10-win32-x86_64\bin\net.dll
0x00007fff12740000 - 0x00007fff1284a000 	C:\WINDOWS\SYSTEM32\WINHTTP.dll
0x00007fff13880000 - 0x00007fff138ea000 	C:\WINDOWS\system32\mswsock.dll
0x00007ffef8e50000 - 0x00007ffef8e66000 	C:\Users\Hoang Anh\.vscode\extensions\redhat.java-1.53.0-win32-x64\jre\21.0.10-win32-x86_64\bin\nio.dll
0x00007fff07a50000 - 0x00007fff07a60000 	c:\Users\Hoang Anh\.vscode\extensions\redhat.java-1.53.0-win32-x64\jre\21.0.10-win32-x86_64\bin\verify.dll
0x00007ffef45d0000 - 0x00007ffef4615000 	C:\Users\Hoang Anh\AppData\Roaming\Code\User\globalStorage\redhat.java\1.53.0\config_win\org.eclipse.equinox.launcher\org.eclipse.equinox.launcher.win32.win32.x86_64_1.3.0.v20260203-2149\eclipse_11919.dll
0x00007fff14c00000 - 0x00007fff14d2b000 	C:\WINDOWS\System32\ole32.dll
0x00007fff03100000 - 0x00007fff0310a000 	C:\Users\Hoang Anh\.vscode\extensions\redhat.java-1.53.0-win32-x64\jre\21.0.10-win32-x86_64\bin\management.dll
0x00007fff021f0000 - 0x00007fff021fc000 	C:\Users\Hoang Anh\.vscode\extensions\redhat.java-1.53.0-win32-x64\jre\21.0.10-win32-x86_64\bin\management_ext.dll
0x00007fff16120000 - 0x00007fff16128000 	C:\WINDOWS\System32\PSAPI.DLL
0x00007fff13ae0000 - 0x00007fff13af8000 	C:\WINDOWS\SYSTEM32\CRYPTSP.dll
0x00007fff131c0000 - 0x00007fff131f4000 	C:\WINDOWS\system32\rsaenh.dll
0x00007fff14110000 - 0x00007fff1413e000 	C:\WINDOWS\SYSTEM32\USERENV.dll
0x00007fff13a10000 - 0x00007fff13a1c000 	C:\WINDOWS\SYSTEM32\CRYPTBASE.dll
0x00007fff13580000 - 0x00007fff135bb000 	C:\WINDOWS\SYSTEM32\IPHLPAPI.DLL
0x00007fff16770000 - 0x00007fff16778000 	C:\WINDOWS\System32\NSI.dll
0x00007ffede000000 - 0x00007ffede049000 	C:\Users\Hoang Anh\AppData\Local\Temp\jna--1970391186\jna4342337896281654369.dll
0x00007fff0c270000 - 0x00007fff0c287000 	C:\WINDOWS\SYSTEM32\dhcpcsvc6.DLL
0x00007fff0c2a0000 - 0x00007fff0c2bd000 	C:\WINDOWS\SYSTEM32\dhcpcsvc.DLL
0x00007ffeff020000 - 0x00007ffeff02e000 	C:\Users\Hoang Anh\.vscode\extensions\redhat.java-1.53.0-win32-x64\jre\21.0.10-win32-x86_64\bin\sunmscapi.dll
0x00007fff14850000 - 0x00007fff149ae000 	C:\WINDOWS\System32\CRYPT32.dll
0x00007fff13bf0000 - 0x00007fff13c18000 	C:\WINDOWS\SYSTEM32\ncrypt.dll
0x00007fff13bb0000 - 0x00007fff13beb000 	C:\WINDOWS\SYSTEM32\NTASN1.dll
0x00007fff135c0000 - 0x00007fff1368b000 	C:\WINDOWS\SYSTEM32\DNSAPI.dll
0x00007fff0c370000 - 0x00007fff0c37a000 	C:\Windows\System32\rasadhlp.dll
0x00007fff01cb0000 - 0x00007fff01d30000 	C:\WINDOWS\System32\fwpuclnt.dll
0x00007ffefecb0000 - 0x00007ffefecb9000 	C:\Users\Hoang Anh\.vscode\extensions\redhat.java-1.53.0-win32-x64\jre\21.0.10-win32-x86_64\bin\extnet.dll

JVMTI agents:
c:\Users\Hoang Anh\.vscode\extensions\redhat.java-1.53.0-win32-x64\lombok\lombok-1.18.39-4050.jar path:c:\Users\Hoang Anh\.vscode\extensions\redhat.java-1.53.0-win32-x64\jre\21.0.10-win32-x86_64\bin\instrument.dll, loaded, initialized, instrumentlib options:none

dbghelp: loaded successfully - version: 4.0.5 - missing functions: none
symbol engine: initialized successfully - sym options: 0x614 - pdb path: .;c:\Users\Hoang Anh\.vscode\extensions\redhat.java-1.53.0-win32-x64\jre\21.0.10-win32-x86_64\bin;C:\WINDOWS\SYSTEM32;C:\WINDOWS\WinSxS\amd64_microsoft.windows.common-controls_6595b64144ccf1df_6.0.19041.3636_none_60b6a03d71f818d5;c:\Users\Hoang Anh\.vscode\extensions\redhat.java-1.53.0-win32-x64\jre\21.0.10-win32-x86_64\bin\server;C:\Users\Hoang Anh\AppData\Roaming\Code\User\globalStorage\redhat.java\1.53.0\config_win\org.eclipse.equinox.launcher\org.eclipse.equinox.launcher.win32.win32.x86_64_1.3.0.v20260203-2149;C:\Users\Hoang Anh\AppData\Local\Temp\jna--1970391186

VM Arguments:
jvm_args: --add-modules=ALL-SYSTEM --add-opens=java.base/java.util=ALL-UNNAMED --add-opens=java.base/java.lang=ALL-UNNAMED --add-opens=java.base/sun.nio.fs=ALL-UNNAMED -Declipse.application=org.eclipse.jdt.ls.core.id1 -Dosgi.bundles.defaultStartLevel=4 -Declipse.product=org.eclipse.jdt.ls.core.product -Djava.import.generatesMetadataFilesAtProjectRoot=false -DDetectVMInstallationsJob.disabled=true -Dfile.encoding=utf8 -XX:+UseParallelGC -XX:GCTimeRatio=4 -XX:AdaptiveSizePolicyWeight=90 -Dsun.zip.disableMemoryMapping=true -Xmx2G -Xms100m -Xlog:disable -javaagent:c:\Users\Hoang Anh\.vscode\extensions\redhat.java-1.53.0-win32-x64\lombok\lombok-1.18.39-4050.jar -XX:+HeapDumpOnOutOfMemoryError -XX:HeapDumpPath=c:\Users\Hoang Anh\AppData\Roaming\Code\User\workspaceStorage\751ba291b6b10acd976b8a98f14e1457\redhat.java -Daether.dependencyCollector.impl=bf 
java_command: c:\Users\Hoang Anh\.vscode\extensions\redhat.java-1.53.0-win32-x64\server\plugins\org.eclipse.equinox.launcher_1.7.100.v20251111-0406.jar -configuration c:\Users\Hoang Anh\AppData\Roaming\Code\User\globalStorage\redhat.java\1.53.0\config_win -data c:\Users\Hoang Anh\AppData\Roaming\Code\User\workspaceStorage\751ba291b6b10acd976b8a98f14e1457\redhat.java\jdt_ws --pipe=\\.\pipe\lsp-488b82b8de28b4a3d21d401dcb2a47a9-sock
java_class_path (initial): c:\Users\Hoang Anh\.vscode\extensions\redhat.java-1.53.0-win32-x64\server\plugins\org.eclipse.equinox.launcher_1.7.100.v20251111-0406.jar
Launcher Type: SUN_STANDARD

[Global flags]
    uintx AdaptiveSizePolicyWeight                 = 90                                        {product} {command line}
     intx CICompilerCount                          = 3                                         {product} {ergonomic}
    uintx GCTimeRatio                              = 4                                         {product} {command line}
     bool HeapDumpOnOutOfMemoryError               = true                                   {manageable} {command line}
    ccstr HeapDumpPath                             = c:\Users\Hoang Anh\AppData\Roaming\Code\User\workspaceStorage\751ba291b6b10acd976b8a98f14e1457\redhat.java         {manageable} {command line}
   size_t InitialHeapSize                          = 104857600                                 {product} {command line}
   size_t MaxHeapSize                              = 2147483648                                {product} {command line}
   size_t MaxNewSize                               = 715653120                                 {product} {ergonomic}
   size_t MinHeapDeltaBytes                        = 524288                                    {product} {ergonomic}
   size_t MinHeapSize                              = 104857600                                 {product} {command line}
   size_t NewSize                                  = 34603008                                  {product} {ergonomic}
    uintx NonNMethodCodeHeapSize                   = 5832780                                {pd product} {ergonomic}
    uintx NonProfiledCodeHeapSize                  = 122912730                              {pd product} {ergonomic}
   size_t OldSize                                  = 70254592                                  {product} {ergonomic}
    uintx ProfiledCodeHeapSize                     = 122912730                              {pd product} {ergonomic}
    uintx ReservedCodeCacheSize                    = 251658240                              {pd product} {ergonomic}
     bool SegmentedCodeCache                       = true                                      {product} {ergonomic}
   size_t SoftMaxHeapSize                          = 2147483648                             {manageable} {ergonomic}
     bool UseCompressedOops                        = true                           {product lp64_product} {ergonomic}
     bool UseLargePagesIndividualAllocation        = false                                  {pd product} {ergonomic}
     bool UseParallelGC                            = true                                      {product} {command line}

Logging:
Log output configuration:
 #0: stdout all=off uptime,level,tags foldmultilines=false
 #1: stderr all=off uptime,level,tags foldmultilines=false

Release file:
JAVA_VERSION="21.0.10" 
MODULES="java.base java.compiler java.datatransfer java.xml java.prefs java.desktop java.instrument java.logging java.management java.security.sasl java.naming java.rmi java.management.rmi java.net.http java.scripting java.security.jgss java.transaction.xa java.sql java.sql.rowset java.xml.crypto java.se java.smartcardio jdk.accessibility jdk.internal.jvmstat jdk.attach jdk.charsets jdk.internal.opt jdk.zipfs jdk.compiler jdk.crypto.ec jdk.crypto.cryptoki jdk.crypto.mscapi jdk.dynalink jdk.internal.ed jdk.editpad jdk.hotspot.agent jdk.httpserver jdk.internal.le jdk.internal.vm.ci jdk.internal.vm.compiler jdk.internal.vm.compiler.management jdk.jartool jdk.javadoc jdk.jcmd jdk.management jdk.management.agent jdk.jconsole jdk.jdeps jdk.jdwp.agent jdk.jdi jdk.jfr jdk.jshell jdk.jsobject jdk.jstatd jdk.localedata jdk.management.jfr jdk.naming.dns jdk.naming.rmi jdk.net jdk.nio.mapmode jdk.random jdk.sctp jdk.security.auth jdk.security.jgss jdk.unsupported jdk.unsupported.desktop jdk.xml.dom" 

Environment Variables:
PATH=C:\Users\Hoang Anh\VS Code;C:\Users\Hoang Anh\AppData\Local\Programs\Python\Python313\Scripts\;C:\Users\Hoang Anh\AppData\Local\Programs\Python\Python313\;C:\Program Files\Common Files\Oracle\Java\javapath;C:\Program Files (x86)\Common Files\Oracle\Java\java8path;C:\Program Files (x86)\Common Files\Oracle\Java\javapath;C:\Users\Hoang Anh\VS Code\bin;C:\Program Files\Microsoft MPI\Bin\;C:\WINDOWS\system32;C:\WINDOWS;C:\WINDOWS\System32\Wbem;C:\WINDOWS\System32\WindowsPowerShell\v1.0\;C:\WINDOWS\System32\OpenSSH\;C:\Program Files (x86)\Microsoft SQL Server\160\Tools\Binn\;C:\Program Files\Microsoft SQL Server\160\Tools\Binn\;C:\Program Files\Microsoft SQL Server\Client SDK\ODBC\170\Tools\Binn\;C:\Program Files\Microsoft SQL Server\160\DTS\Binn\;C:\Program Files (x86)\Microsoft SQL Server\160\DTS\Binn\;C:\Program Files\dotnet\;C:\Program Files\Microsoft SQL Server\150\Tools\Binn\;E:\Git\cmd;C:\xampp\php;C:\ProgramData\ComposerSetup\bin;C:\flutter\bin;C:\Android\sdk\platform-tools;C:\ProgramData\chocolatey\bin;C:\Program Files\Cloudflare\Cloudflare WARP\;E:\nodejs\;C:\Program Files\Docker\Docker\resources\bin;e:\cursor\resources\app\codeBin;C:\Users\Hoang Anh\AppData\Local\Microsoft\WindowsApps;C:\Program Files\JetBrains\IntelliJ IDEA 2023.3.4\bin;;C:\Users\Hoang Anh\.dotnet\tools;C:\Users\Hoang Anh\VS Code\bin;C:\Users\Hoang Anh\AppData\Roaming\Composer\vendor\bin;C:\Users\Hoang Anh\AppData\Local\Pub\Cache\bin;E:\cursor\resources\app\bin;C:\Users\Hoang Anh\AppData\Roaming\npm;C:\Users\Hoang Anh\AppData\Local\GitHubDesktop\bin
USERNAME=Hoang Anh
OS=Windows_NT
PROCESSOR_IDENTIFIER=Intel64 Family 6 Model 78 Stepping 3, GenuineIntel
TMP=C:\Users\HOANGA~1\AppData\Local\Temp
TEMP=C:\Users\HOANGA~1\AppData\Local\Temp




Periodic native trim disabled

---------------  S Y S T E M  ---------------

OS:
 Windows 10 , 64 bit Build 19041 (10.0.19041.3636)
OS uptime: 0 days 11:45 hours
Hyper-V role detected

CPU: total 4 (initial active 4) (2 cores per cpu, 2 threads per core) family 6 model 78 stepping 3 microcode 0xd6, cx8, cmov, fxsr, ht, mmx, 3dnowpref, sse, sse2, sse3, ssse3, sse4.1, sse4.2, popcnt, lzcnt, tsc, tscinvbit, avx, avx2, aes, erms, clmul, bmi1, bmi2, adx, fma, vzeroupper, clflush, clflushopt, hv, rdtscp, f16c
Processor Information for the first 4 processors :
  Max Mhz: 2592, Current Mhz: 2492, Mhz Limit: 2488

Memory: 4k page, system-wide physical 8063M (323M free)
TotalPageFile size 12687M (AvailPageFile size 5M)
current process WorkingSet (physical memory assigned to process): 826M, peak: 844M
current process commit charge ("private bytes"): 1118M, peak: 1119M

vm_info: OpenJDK 64-Bit Server VM (21.0.10+7-LTS) for windows-amd64 JRE (21.0.10+7-LTS), built on 2026-01-20T00:00:00Z by "admin" with MS VC++ 17.12 (VS2022)

END.
