#
# There is insufficient memory for the Java Runtime Environment to continue.
# Native memory allocation (malloc) failed to allocate 1048576 bytes. Error detail: AllocateHeap
# Possible reasons:
#   The system is out of physical RAM or swap space
#   This process is running with CompressedOops enabled, and the Java Heap may be blocking the growth of the native heap
# Possible solutions:
#   Reduce memory load on the system
#   Increase physical memory or swap space
#   Check if swap backing store is full
#   Decrease Java heap size (-Xmx/-Xms)
#   Decrease number of Java threads
#   Decrease Java thread stack sizes (-Xss)
#   Set larger code cache with -XX:ReservedCodeCacheSize=
#   JVM is running with Unscaled Compressed Oops mode in which the Java heap is
#     placed in the first 4GB address space. The Java Heap base address is the
#     maximum limit for the native heap growth. Please use -XX:HeapBaseMinAddress
#     to set the Java Heap base and to place the Java Heap above 4GB virtual address.
# This output file may be truncated or incomplete.
#
#  Out of Memory Error (allocation.cpp:44), pid=15716, tid=4968
#
# JRE version: OpenJDK Runtime Environment Temurin-21.0.10+7 (21.0.10+7) (build 21.0.10+7-LTS)
# Java VM: OpenJDK 64-Bit Server VM Temurin-21.0.10+7 (21.0.10+7-LTS, mixed mode, sharing, tiered, compressed oops, compressed class ptrs, parallel gc, windows-amd64)
# No core dump will be written. Minidumps are not enabled by default on client versions of Windows
#

---------------  S U M M A R Y ------------

Command Line: --add-modules=ALL-SYSTEM --add-opens=java.base/java.util=ALL-UNNAMED --add-opens=java.base/java.lang=ALL-UNNAMED --add-opens=java.base/sun.nio.fs=ALL-UNNAMED -Declipse.application=org.eclipse.jdt.ls.core.id1 -Dosgi.bundles.defaultStartLevel=4 -Declipse.product=org.eclipse.jdt.ls.core.product -Djava.import.generatesMetadataFilesAtProjectRoot=false -DDetectVMInstallationsJob.disabled=true -Dfile.encoding=utf8 -XX:+UseParallelGC -XX:GCTimeRatio=4 -XX:AdaptiveSizePolicyWeight=90 -Dsun.zip.disableMemoryMapping=true -Xmx2G -Xms100m -Xlog:disable -javaagent:c:\Users\Hoang Anh\.vscode\extensions\redhat.java-1.53.0-win32-x64\lombok\lombok-1.18.39-4050.jar -XX:+HeapDumpOnOutOfMemoryError -XX:HeapDumpPath=c:\Users\Hoang Anh\AppData\Roaming\Code\User\workspaceStorage\751ba291b6b10acd976b8a98f14e1457\redhat.java -Daether.dependencyCollector.impl=bf c:\Users\Hoang Anh\.vscode\extensions\redhat.java-1.53.0-win32-x64\server\plugins\org.eclipse.equinox.launcher_1.7.100.v20251111-0406.jar -configuration c:\Users\Hoang Anh\AppData\Roaming\Code\User\globalStorage\redhat.java\1.53.0\config_win -data c:\Users\Hoang Anh\AppData\Roaming\Code\User\workspaceStorage\751ba291b6b10acd976b8a98f14e1457\redhat.java\jdt_ws --pipe=\\.\pipe\lsp-adbb82b95991d40386031e2041c4e412-sock

Host: Intel(R) Core(TM) i7-6500U CPU @ 2.50GHz, 4 cores, 7G,  Windows 10 , 64 bit Build 19041 (10.0.19041.3636)
Time: Sat Mar 21 10:10:47 2026 SE Asia Standard Time elapsed time: 94.822723 seconds (0d 0h 1m 34s)

---------------  T H R E A D  ---------------

Current thread (0x000001ccb762e360):  JavaThread "Attach Listener" daemon [_thread_in_vm, id=4968, stack(0x000000160c400000,0x000000160c500000) (1024K)]

Stack: [0x000000160c400000,0x000000160c500000]
Native frames: (J=compiled Java code, j=interpreted, Vv=VM code, C=native code)
V  [jvm.dll+0x6d7a39]
V  [jvm.dll+0x8b4b26]
V  [jvm.dll+0x8b70de]
V  [jvm.dll+0x8b77c3]
V  [jvm.dll+0x284346]
V  [jvm.dll+0xc1277]
V  [jvm.dll+0x6d82e9]
V  [jvm.dll+0x1334a6]
V  [jvm.dll+0x3f857e]
V  [jvm.dll+0x85f59d]
V  [jvm.dll+0x6d626d]
C  [ucrtbase.dll+0x21bb2]
C  [KERNEL32.DLL+0x17344]
C  [ntdll.dll+0x526b1]


---------------  P R O C E S S  ---------------

Threads class SMR info:
_java_thread_list=0x000001cd17cc1bf0, length=36, elements={
0x000001ccb543de60, 0x000001ccb7628ed0, 0x000001ccb762a040, 0x000001ccb762d1c0,
0x000001ccb762e360, 0x000001ccb7631f40, 0x000001ccb76329a0, 0x000001ccb7633a30,
0x000001ccb76539b0, 0x000001cd141851d0, 0x000001cd14287d40, 0x000001cd1493cb60,
0x000001cd1472e7d0, 0x000001cd14717960, 0x000001cd147183a0, 0x000001cd14b25870,
0x000001cd14a0aee0, 0x000001cd14f95540, 0x000001cd14f94eb0, 0x000001cd14f93b00,
0x000001cd14f94820, 0x000001cd14f96260, 0x000001cd14f92de0, 0x000001cd14f93470,
0x000001cd14f94190, 0x000001cd17a68120, 0x000001cd17a66d70, 0x000001cd17a64ca0,
0x000001cd17a659c0, 0x000001cd17a69b60, 0x000001cd17a68e40, 0x000001cd17a638f0,
0x000001cd17a65330, 0x000001cd17a66050, 0x000001cd17a666e0, 0x000001cd17a67400
}

Java Threads: ( => current thread )
  0x000001ccb543de60 JavaThread "main"                              [_thread_blocked, id=8964, stack(0x000000160bd00000,0x000000160be00000) (1024K)]
  0x000001ccb7628ed0 JavaThread "Reference Handler"          daemon [_thread_blocked, id=3316, stack(0x000000160c100000,0x000000160c200000) (1024K)]
  0x000001ccb762a040 JavaThread "Finalizer"                  daemon [_thread_blocked, id=8472, stack(0x000000160c200000,0x000000160c300000) (1024K)]
  0x000001ccb762d1c0 JavaThread "Signal Dispatcher"          daemon [_thread_blocked, id=9280, stack(0x000000160c300000,0x000000160c400000) (1024K)]
=>0x000001ccb762e360 JavaThread "Attach Listener"            daemon [_thread_in_vm, id=4968, stack(0x000000160c400000,0x000000160c500000) (1024K)]
  0x000001ccb7631f40 JavaThread "Service Thread"             daemon [_thread_blocked, id=2680, stack(0x000000160c500000,0x000000160c600000) (1024K)]
  0x000001ccb76329a0 JavaThread "Monitor Deflation Thread"   daemon [_thread_blocked, id=3976, stack(0x000000160c600000,0x000000160c700000) (1024K)]
  0x000001ccb7633a30 JavaThread "C2 CompilerThread0"         daemon [_thread_blocked, id=13828, stack(0x000000160c700000,0x000000160c800000) (1024K)]
  0x000001ccb76539b0 JavaThread "C1 CompilerThread0"         daemon [_thread_blocked, id=9308, stack(0x000000160c800000,0x000000160c900000) (1024K)]
  0x000001cd141851d0 JavaThread "Common-Cleaner"             daemon [_thread_blocked, id=2408, stack(0x000000160c900000,0x000000160ca00000) (1024K)]
  0x000001cd14287d40 JavaThread "Notification Thread"        daemon [_thread_blocked, id=16076, stack(0x000000160ca00000,0x000000160cb00000) (1024K)]
  0x000001cd1493cb60 JavaThread "Active Thread: Equinox Container: 6fbe4861-70c1-4482-aef2-d1e01c57c8d9"        [_thread_blocked, id=13536, stack(0x000000160cf00000,0x000000160d000000) (1024K)]
  0x000001cd1472e7d0 JavaThread "Refresh Thread: Equinox Container: 6fbe4861-70c1-4482-aef2-d1e01c57c8d9" daemon [_thread_blocked, id=15820, stack(0x000000160d000000,0x000000160d100000) (1024K)]
  0x000001cd14717960 JavaThread "Framework Event Dispatcher: Equinox Container: 6fbe4861-70c1-4482-aef2-d1e01c57c8d9" daemon [_thread_blocked, id=15848, stack(0x000000160ce00000,0x000000160cf00000) (1024K)]
  0x000001cd147183a0 JavaThread "Start Level: Equinox Container: 6fbe4861-70c1-4482-aef2-d1e01c57c8d9" daemon [_thread_blocked, id=968, stack(0x000000160d100000,0x000000160d200000) (1024K)]
  0x000001cd14b25870 JavaThread "Bundle File Closer"         daemon [_thread_blocked, id=14904, stack(0x000000160d300000,0x000000160d400000) (1024K)]
  0x000001cd14a0aee0 JavaThread "SCR Component Actor"        daemon [_thread_blocked, id=12280, stack(0x000000160d200000,0x000000160d300000) (1024K)]
  0x000001cd14f95540 JavaThread "Worker-JM"                         [_thread_blocked, id=632, stack(0x000000160d400000,0x000000160d500000) (1024K)]
  0x000001cd14f94eb0 JavaThread "JNA Cleaner"                daemon [_thread_blocked, id=4912, stack(0x000000160d500000,0x000000160d600000) (1024K)]
  0x000001cd14f93b00 JavaThread "Worker-0"                          [_thread_blocked, id=13924, stack(0x000000160d600000,0x000000160d700000) (1024K)]
  0x000001cd14f94820 JavaThread "Worker-1"                          [_thread_blocked, id=7892, stack(0x000000160d700000,0x000000160d800000) (1024K)]
  0x000001cd14f96260 JavaThread "Java indexing"              daemon [_thread_blocked, id=12796, stack(0x000000160d900000,0x000000160da00000) (1024K)]
  0x000001cd14f92de0 JavaThread "Worker-2"                          [_thread_blocked, id=10740, stack(0x000000160db00000,0x000000160dc00000) (1024K)]
  0x000001cd14f93470 JavaThread "Worker-3"                          [_thread_blocked, id=10940, stack(0x000000160dd00000,0x000000160de00000) (1024K)]
  0x000001cd14f94190 JavaThread "Worker-4"                          [_thread_blocked, id=13384, stack(0x000000160de00000,0x000000160df00000) (1024K)]
  0x000001cd17a68120 JavaThread "Thread-1"                   daemon [_thread_in_native, id=12956, stack(0x000000160df00000,0x000000160e000000) (1024K)]
  0x000001cd17a66d70 JavaThread "Thread-2"                   daemon [_thread_in_native, id=13284, stack(0x000000160e000000,0x000000160e100000) (1024K)]
  0x000001cd17a64ca0 JavaThread "Thread-3"                   daemon [_thread_in_native, id=6908, stack(0x000000160e100000,0x000000160e200000) (1024K)]
  0x000001cd17a659c0 JavaThread "Thread-4"                   daemon [_thread_in_native, id=13708, stack(0x000000160e200000,0x000000160e300000) (1024K)]
  0x000001cd17a69b60 JavaThread "Thread-5"                   daemon [_thread_in_native, id=16132, stack(0x000000160e300000,0x000000160e400000) (1024K)]
  0x000001cd17a68e40 JavaThread "pool-2-thread-1"                   [_thread_blocked, id=15808, stack(0x000000160e400000,0x000000160e500000) (1024K)]
  0x000001cd17a638f0 JavaThread "WorkspaceEventsHandler"            [_thread_blocked, id=1672, stack(0x000000160e500000,0x000000160e600000) (1024K)]
  0x000001cd17a65330 JavaThread "pool-1-thread-1"                   [_thread_blocked, id=1596, stack(0x000000160e600000,0x000000160e700000) (1024K)]
  0x000001cd17a66050 JavaThread "ForkJoinPool.commonPool-worker-1" daemon [_thread_blocked, id=13040, stack(0x000000160e700000,0x000000160e800000) (1024K)]
  0x000001cd17a666e0 JavaThread "ForkJoinPool.commonPool-worker-2" daemon [_thread_blocked, id=15320, stack(0x000000160e800000,0x000000160e900000) (1024K)]
  0x000001cd17a67400 JavaThread "ForkJoinPool.commonPool-worker-3" daemon [_thread_blocked, id=13120, stack(0x000000160e900000,0x000000160ea00000) (1024K)]
Total: 36

Other Threads:
  0x000001ccb77f7af0 VMThread "VM Thread"                           [id=1556, stack(0x000000160c000000,0x000000160c100000) (1024K)]
  0x000001ccb77a5c90 WatcherThread "VM Periodic Task Thread"        [id=14788, stack(0x000000160bf00000,0x000000160c000000) (1024K)]
  0x000001ccb7758b50 WorkerThread "GC Thread#0"                     [id=15944, stack(0x000000160be00000,0x000000160bf00000) (1024K)]
  0x000001cd147dbc90 WorkerThread "GC Thread#1"                     [id=12192, stack(0x000000160cb00000,0x000000160cc00000) (1024K)]
  0x000001cd147dc040 WorkerThread "GC Thread#2"                     [id=16220, stack(0x000000160cc00000,0x000000160cd00000) (1024K)]
  0x000001cd147dc3f0 WorkerThread "GC Thread#3"                     [id=11520, stack(0x000000160cd00000,0x000000160ce00000) (1024K)]
Total: 6

Threads with active compile tasks:
Total: 0

VM state: not at safepoint (normal execution)

VM Mutex/Monitor currently owned by a thread: None

Heap address: 0x0000000080000000, size: 2048 MB, Compressed Oops mode: 32-bit

CDS archive(s) mapped at: [0x000001ccce000000-0x000001ccceba0000-0x000001ccceba0000), size 12189696, SharedBaseAddress: 0x000001ccce000000, ArchiveRelocationMode: 1.
Compressed class space mapped at: 0x000001cccf000000-0x000001cd0f000000, reserved size: 1073741824
Narrow klass base: 0x000001ccce000000, Narrow klass shift: 0, Narrow klass range: 0x100000000

GC Precious Log:
 CardTable entry size: 512
 CPUs: 4 total, 4 available
 Memory: 8063M
 Large Page Support: Disabled
 NUMA Support: Disabled
 Compressed Oops: Enabled (32-bit)
 Alignments: Space 512K, Generation 512K, Heap 2M
 Heap Min Capacity: 100M
 Heap Initial Capacity: 100M
 Heap Max Capacity: 2G
 Pre-touch: Disabled
 Parallel Workers: 4

Heap:
 PSYoungGen      total 7680K, used 2113K [0x00000000d5580000, 0x00000000d6080000, 0x0000000100000000)
  eden space 7168K, 25% used [0x00000000d5580000,0x00000000d5743260,0x00000000d5c80000)
  from space 512K, 60% used [0x00000000d6000000,0x00000000d604d200,0x00000000d6080000)
  to   space 512K, 0% used [0x00000000d5f80000,0x00000000d5f80000,0x00000000d6000000)
 ParOldGen       total 156160K, used 155909K [0x0000000080000000, 0x0000000089880000, 0x00000000d5580000)
  object space 156160K, 99% used [0x0000000080000000,0x00000000898414e8,0x0000000089880000)
 Metaspace       used 64428K, committed 65856K, reserved 1114112K
  class space    used 6833K, committed 7424K, reserved 1048576K

Card table byte_map: [0x000001ccb70e0000,0x000001ccb74f0000] _byte_map_base: 0x000001ccb6ce0000

Marking Bits: (ParMarkBitMap*) 0x00007ffbe2453450
 Begin Bits: [0x000001ccc9bf0000, 0x000001cccbbf0000)
 End Bits:   [0x000001cccbbf0000, 0x000001cccdbf0000)

Polling page: 0x000001ccb56f0000

Metaspace:

Usage:
  Non-class:     56.25 MB used.
      Class:      6.67 MB used.
       Both:     62.92 MB used.

Virtual space:
  Non-class space:       64.00 MB reserved,      57.06 MB ( 89%) committed,  1 nodes.
      Class space:        1.00 GB reserved,       7.25 MB ( <1%) committed,  1 nodes.
             Both:        1.06 GB reserved,      64.31 MB (  6%) committed. 

Chunk freelists:
   Non-Class:  6.80 MB
       Class:  8.65 MB
        Both:  15.44 MB

MaxMetaspaceSize: unlimited
CompressedClassSpaceSize: 1.00 GB
Initial GC threshold: 21.00 MB
Current GC threshold: 97.31 MB
CDS: on
 - commit_granule_bytes: 65536.
 - commit_granule_words: 8192.
 - virtual_space_node_default_size: 8388608.
 - enlarge_chunks_in_place: 1.
 - use_allocation_guard: 0.


Internal statistics:

num_allocs_failed_limit: 9.
num_arena_births: 1206.
num_arena_deaths: 14.
num_vsnodes_births: 2.
num_vsnodes_deaths: 0.
num_space_committed: 1029.
num_space_uncommitted: 0.
num_chunks_returned_to_freelist: 23.
num_chunks_taken_from_freelist: 4113.
num_chunk_merges: 15.
num_chunk_splits: 2619.
num_chunks_enlarged: 1549.
num_inconsistent_stats: 0.

CodeHeap 'non-profiled nmethods': size=120000Kb used=7329Kb max_used=7329Kb free=112670Kb
 bounds [0x000001ccc2410000, 0x000001ccc2b40000, 0x000001ccc9940000]
CodeHeap 'profiled nmethods': size=120000Kb used=23156Kb max_used=23156Kb free=96844Kb
 bounds [0x000001ccba940000, 0x000001ccbbfe0000, 0x000001ccc1e70000]
CodeHeap 'non-nmethods': size=5760Kb used=1431Kb max_used=1504Kb free=4329Kb
 bounds [0x000001ccc1e70000, 0x000001ccc20e0000, 0x000001ccc2410000]
CodeCache: size=245760Kb, used=31916Kb, max_used=31989Kb, free=213843Kb
 total_blobs=10978, nmethods=10231, adapters=653, full_count=0
Compilation: enabled, stopped_count=0, restarted_count=0

Compilation events (20 events):
Event: 78.678 Thread 0x000001ccb76539b0 10941       3       org.eclipse.core.filesystem.provider.FileInfo::<init> (42 bytes)
Event: 78.679 Thread 0x000001ccb76539b0 nmethod 10941 0x000001ccbbfd7310 code [0x000001ccbbfd74c0, 0x000001ccbbfd76a0]
Event: 78.679 Thread 0x000001ccb76539b0 10942       3       org.eclipse.osgi.internal.framework.EquinoxBundle$1::run (40 bytes)
Event: 78.680 Thread 0x000001ccb76539b0 nmethod 10942 0x000001ccbbfd7790 code [0x000001ccbbfd79c0, 0x000001ccbbfd8228]
Event: 78.680 Thread 0x000001ccb76539b0 10943       3       org.eclipse.core.internal.resources.Resource::isHidden (51 bytes)
Event: 78.680 Thread 0x000001ccb76539b0 nmethod 10943 0x000001ccbbfd8510 code [0x000001ccbbfd8720, 0x000001ccbbfd8ee8]
Event: 94.327 Thread 0x000001ccb7633a30 10944       4       java.nio.MappedByteBuffer::limit (6 bytes)
Event: 94.329 Thread 0x000001ccb7633a30 nmethod 10944 0x000001ccc2b37e90 code [0x000001ccc2b38020, 0x000001ccc2b38148]
Event: 94.375 Thread 0x000001ccb76539b0 10945       3       org.eclipse.core.internal.resources.Container::findMember (7 bytes)
Event: 94.376 Thread 0x000001ccb76539b0 nmethod 10945 0x000001ccbbfd9110 code [0x000001ccbbfd92c0, 0x000001ccbbfd9488]
Event: 94.376 Thread 0x000001ccb76539b0 10946       3       java.util.Hashtable$Enumerator::<init> (51 bytes)
Event: 94.377 Thread 0x000001ccb76539b0 nmethod 10946 0x000001ccbbfd9590 code [0x000001ccbbfd9740, 0x000001ccbbfd98f8]
Event: 94.377 Thread 0x000001ccb76539b0 10947       1       org.eclipse.lsp4j.jsonrpc.messages.Either::getRight (5 bytes)
Event: 94.378 Thread 0x000001ccb76539b0 nmethod 10947 0x000001ccc2b38290 code [0x000001ccc2b38420, 0x000001ccc2b384e8]
Event: 94.383 Thread 0x000001ccb76539b0 10948   !   3       org.eclipse.core.internal.registry.osgi.RegistryStrategyOSGI::getBundle (165 bytes)
Event: 94.385 Thread 0x000001ccb76539b0 nmethod 10948 0x000001ccbbfd9a10 code [0x000001ccbbfd9da0, 0x000001ccbbfdb810]
Event: 94.385 Thread 0x000001ccb76539b0 10949       3       org.eclipse.jdt.core.dom.ASTNode::accept (40 bytes)
Event: 94.385 Thread 0x000001ccb76539b0 nmethod 10949 0x000001ccbbfdc210 code [0x000001ccbbfdc400, 0x000001ccbbfdc958]
Event: 94.385 Thread 0x000001ccb76539b0 10950       3       org.eclipse.lsp4j.jsonrpc.json.adapters.CollectionTypeAdapter::write (10 bytes)
Event: 94.386 Thread 0x000001ccb76539b0 nmethod 10950 0x000001ccbbfdcb10 code [0x000001ccbbfdccc0, 0x000001ccbbfdcf20]

GC Heap History (20 events):
Event: 44.247 GC heap before
{Heap before GC invocations=78 (full 3):
 PSYoungGen      total 15872K, used 15424K [0x00000000d5580000, 0x00000000d6e00000, 0x0000000100000000)
  eden space 8704K, 100% used [0x00000000d5580000,0x00000000d5e00000,0x00000000d5e00000)
  from space 7168K, 93% used [0x00000000d6700000,0x00000000d6d90000,0x00000000d6e00000)
  to   space 7168K, 0% used [0x00000000d5e00000,0x00000000d5e00000,0x00000000d6500000)
 ParOldGen       total 135168K, used 134913K [0x0000000080000000, 0x0000000088400000, 0x00000000d5580000)
  object space 135168K, 99% used [0x0000000080000000,0x00000000883c05f8,0x0000000088400000)
 Metaspace       used 62629K, committed 64000K, reserved 1114112K
  class space    used 6614K, committed 7168K, reserved 1048576K
}
Event: 44.260 GC heap after
{Heap after GC invocations=78 (full 3):
 PSYoungGen      total 15872K, used 6688K [0x00000000d5580000, 0x00000000d6c00000, 0x0000000100000000)
  eden space 8704K, 0% used [0x00000000d5580000,0x00000000d5580000,0x00000000d5e00000)
  from space 7168K, 93% used [0x00000000d5e00000,0x00000000d6488000,0x00000000d6500000)
  to   space 7168K, 0% used [0x00000000d6500000,0x00000000d6500000,0x00000000d6c00000)
 ParOldGen       total 141824K, used 141593K [0x0000000080000000, 0x0000000088a80000, 0x00000000d5580000)
  object space 141824K, 99% used [0x0000000080000000,0x0000000088a465f8,0x0000000088a80000)
 Metaspace       used 62629K, committed 64000K, reserved 1114112K
  class space    used 6614K, committed 7168K, reserved 1048576K
}
Event: 47.026 GC heap before
{Heap before GC invocations=79 (full 3):
 PSYoungGen      total 15872K, used 15392K [0x00000000d5580000, 0x00000000d6c00000, 0x0000000100000000)
  eden space 8704K, 100% used [0x00000000d5580000,0x00000000d5e00000,0x00000000d5e00000)
  from space 7168K, 93% used [0x00000000d5e00000,0x00000000d6488000,0x00000000d6500000)
  to   space 7168K, 0% used [0x00000000d6500000,0x00000000d6500000,0x00000000d6c00000)
 ParOldGen       total 141824K, used 141593K [0x0000000080000000, 0x0000000088a80000, 0x00000000d5580000)
  object space 141824K, 99% used [0x0000000080000000,0x0000000088a465f8,0x0000000088a80000)
 Metaspace       used 62888K, committed 64384K, reserved 1114112K
  class space    used 6646K, committed 7296K, reserved 1048576K
}
Event: 47.039 GC heap after
{Heap after GC invocations=79 (full 3):
 PSYoungGen      total 9728K, used 919K [0x00000000d5580000, 0x00000000d6600000, 0x0000000100000000)
  eden space 8704K, 0% used [0x00000000d5580000,0x00000000d5580000,0x00000000d5e00000)
  from space 1024K, 89% used [0x00000000d6500000,0x00000000d65e5c38,0x00000000d6600000)
  to   space 3072K, 0% used [0x00000000d6000000,0x00000000d6000000,0x00000000d6300000)
 ParOldGen       total 148480K, used 148249K [0x0000000080000000, 0x0000000089100000, 0x00000000d5580000)
  object space 148480K, 99% used [0x0000000080000000,0x00000000890c65f8,0x0000000089100000)
 Metaspace       used 62888K, committed 64384K, reserved 1114112K
  class space    used 6646K, committed 7296K, reserved 1048576K
}
Event: 47.182 GC heap before
{Heap before GC invocations=80 (full 3):
 PSYoungGen      total 9728K, used 9623K [0x00000000d5580000, 0x00000000d6600000, 0x0000000100000000)
  eden space 8704K, 100% used [0x00000000d5580000,0x00000000d5e00000,0x00000000d5e00000)
  from space 1024K, 89% used [0x00000000d6500000,0x00000000d65e5c38,0x00000000d6600000)
  to   space 3072K, 0% used [0x00000000d6000000,0x00000000d6000000,0x00000000d6300000)
 ParOldGen       total 148480K, used 148249K [0x0000000080000000, 0x0000000089100000, 0x00000000d5580000)
  object space 148480K, 99% used [0x0000000080000000,0x00000000890c65f8,0x0000000089100000)
 Metaspace       used 63261K, committed 64704K, reserved 1114112K
  class space    used 6688K, committed 7296K, reserved 1048576K
}
Event: 47.185 GC heap after
{Heap after GC invocations=80 (full 3):
 PSYoungGen      total 11776K, used 244K [0x00000000d5580000, 0x00000000d6580000, 0x0000000100000000)
  eden space 8704K, 0% used [0x00000000d5580000,0x00000000d5580000,0x00000000d5e00000)
  from space 3072K, 7% used [0x00000000d6000000,0x00000000d603d220,0x00000000d6300000)
  to   space 1024K, 0% used [0x00000000d6480000,0x00000000d6480000,0x00000000d6580000)
 ParOldGen       total 148992K, used 148966K [0x0000000080000000, 0x0000000089180000, 0x00000000d5580000)
  object space 148992K, 99% used [0x0000000080000000,0x0000000089179910,0x0000000089180000)
 Metaspace       used 63261K, committed 64704K, reserved 1114112K
  class space    used 6688K, committed 7296K, reserved 1048576K
}
Event: 47.369 GC heap before
{Heap before GC invocations=81 (full 3):
 PSYoungGen      total 11776K, used 8948K [0x00000000d5580000, 0x00000000d6580000, 0x0000000100000000)
  eden space 8704K, 100% used [0x00000000d5580000,0x00000000d5e00000,0x00000000d5e00000)
  from space 3072K, 7% used [0x00000000d6000000,0x00000000d603d220,0x00000000d6300000)
  to   space 1024K, 0% used [0x00000000d6480000,0x00000000d6480000,0x00000000d6580000)
 ParOldGen       total 148992K, used 148966K [0x0000000080000000, 0x0000000089180000, 0x00000000d5580000)
  object space 148992K, 99% used [0x0000000080000000,0x0000000089179910,0x0000000089180000)
 Metaspace       used 63386K, committed 64832K, reserved 1114112K
  class space    used 6697K, committed 7296K, reserved 1048576K
}
Event: 47.371 GC heap after
{Heap after GC invocations=81 (full 3):
 PSYoungGen      total 9728K, used 1017K [0x00000000d5580000, 0x00000000d6580000, 0x0000000100000000)
  eden space 8704K, 0% used [0x00000000d5580000,0x00000000d5580000,0x00000000d5e00000)
  from space 1024K, 99% used [0x00000000d6480000,0x00000000d657e5f0,0x00000000d6580000)
  to   space 3072K, 0% used [0x00000000d5f80000,0x00000000d5f80000,0x00000000d6280000)
 ParOldGen       total 150528K, used 150359K [0x0000000080000000, 0x0000000089300000, 0x00000000d5580000)
  object space 150528K, 99% used [0x0000000080000000,0x00000000892d5fc0,0x0000000089300000)
 Metaspace       used 63386K, committed 64832K, reserved 1114112K
  class space    used 6697K, committed 7296K, reserved 1048576K
}
Event: 47.578 GC heap before
{Heap before GC invocations=82 (full 3):
 PSYoungGen      total 9728K, used 9421K [0x00000000d5580000, 0x00000000d6580000, 0x0000000100000000)
  eden space 8704K, 96% used [0x00000000d5580000,0x00000000d5db4fd0,0x00000000d5e00000)
  from space 1024K, 99% used [0x00000000d6480000,0x00000000d657e5f0,0x00000000d6580000)
  to   space 3072K, 0% used [0x00000000d5f80000,0x00000000d5f80000,0x00000000d6280000)
 ParOldGen       total 150528K, used 150359K [0x0000000080000000, 0x0000000089300000, 0x00000000d5580000)
  object space 150528K, 99% used [0x0000000080000000,0x00000000892d5fc0,0x0000000089300000)
 Metaspace       used 63388K, committed 64832K, reserved 1114112K
  class space    used 6697K, committed 7296K, reserved 1048576K
}
Event: 47.580 GC heap after
{Heap after GC invocations=82 (full 3):
 PSYoungGen      total 11776K, used 2818K [0x00000000d5580000, 0x00000000d6500000, 0x0000000100000000)
  eden space 8704K, 0% used [0x00000000d5580000,0x00000000d5580000,0x00000000d5e00000)
  from space 3072K, 91% used [0x00000000d5f80000,0x00000000d62408b0,0x00000000d6280000)
  to   space 2560K, 0% used [0x00000000d6280000,0x00000000d6280000,0x00000000d6500000)
 ParOldGen       total 151552K, used 151396K [0x0000000080000000, 0x0000000089400000, 0x00000000d5580000)
  object space 151552K, 99% used [0x0000000080000000,0x00000000893d92b0,0x0000000089400000)
 Metaspace       used 63388K, committed 64832K, reserved 1114112K
  class space    used 6697K, committed 7296K, reserved 1048576K
}
Event: 47.866 GC heap before
{Heap before GC invocations=83 (full 3):
 PSYoungGen      total 11776K, used 11522K [0x00000000d5580000, 0x00000000d6500000, 0x0000000100000000)
  eden space 8704K, 100% used [0x00000000d5580000,0x00000000d5e00000,0x00000000d5e00000)
  from space 3072K, 91% used [0x00000000d5f80000,0x00000000d62408b0,0x00000000d6280000)
  to   space 2560K, 0% used [0x00000000d6280000,0x00000000d6280000,0x00000000d6500000)
 ParOldGen       total 151552K, used 151396K [0x0000000080000000, 0x0000000089400000, 0x00000000d5580000)
  object space 151552K, 99% used [0x0000000080000000,0x00000000893d92b0,0x0000000089400000)
 Metaspace       used 63528K, committed 64960K, reserved 1114112K
  class space    used 6726K, committed 7360K, reserved 1048576K
}
Event: 47.870 GC heap after
{Heap after GC invocations=83 (full 3):
 PSYoungGen      total 9728K, used 2538K [0x00000000d5580000, 0x00000000d6a00000, 0x0000000100000000)
  eden space 7168K, 0% used [0x00000000d5580000,0x00000000d5580000,0x00000000d5c80000)
  from space 2560K, 99% used [0x00000000d6280000,0x00000000d64fa9d8,0x00000000d6500000)
  to   space 6144K, 0% used [0x00000000d5c80000,0x00000000d5c80000,0x00000000d6280000)
 ParOldGen       total 154624K, used 154294K [0x0000000080000000, 0x0000000089700000, 0x00000000d5580000)
  object space 154624K, 99% used [0x0000000080000000,0x00000000896adb58,0x0000000089700000)
 Metaspace       used 63528K, committed 64960K, reserved 1114112K
  class space    used 6726K, committed 7360K, reserved 1048576K
}
Event: 48.975 GC heap before
{Heap before GC invocations=84 (full 3):
 PSYoungGen      total 9728K, used 9706K [0x00000000d5580000, 0x00000000d6a00000, 0x0000000100000000)
  eden space 7168K, 100% used [0x00000000d5580000,0x00000000d5c80000,0x00000000d5c80000)
  from space 2560K, 99% used [0x00000000d6280000,0x00000000d64fa9d8,0x00000000d6500000)
  to   space 6144K, 0% used [0x00000000d5c80000,0x00000000d5c80000,0x00000000d6280000)
 ParOldGen       total 154624K, used 154294K [0x0000000080000000, 0x0000000089700000, 0x00000000d5580000)
  object space 154624K, 99% used [0x0000000080000000,0x00000000896adb58,0x0000000089700000)
 Metaspace       used 63737K, committed 65216K, reserved 1114112K
  class space    used 6744K, committed 7360K, reserved 1048576K
}
Event: 48.979 GC heap after
{Heap after GC invocations=84 (full 3):
 PSYoungGen      total 9216K, used 1884K [0x00000000d5580000, 0x00000000d6380000, 0x0000000100000000)
  eden space 7168K, 0% used [0x00000000d5580000,0x00000000d5580000,0x00000000d5c80000)
  from space 2048K, 92% used [0x00000000d5c80000,0x00000000d5e57118,0x00000000d5e80000)
  to   space 3584K, 0% used [0x00000000d6000000,0x00000000d6000000,0x00000000d6380000)
 ParOldGen       total 155648K, used 155305K [0x0000000080000000, 0x0000000089800000, 0x00000000d5580000)
  object space 155648K, 99% used [0x0000000080000000,0x00000000897aa4a8,0x0000000089800000)
 Metaspace       used 63737K, committed 65216K, reserved 1114112K
  class space    used 6744K, committed 7360K, reserved 1048576K
}
Event: 49.237 GC heap before
{Heap before GC invocations=85 (full 3):
 PSYoungGen      total 9216K, used 8306K [0x00000000d5580000, 0x00000000d6380000, 0x0000000100000000)
  eden space 7168K, 89% used [0x00000000d5580000,0x00000000d5bc5948,0x00000000d5c80000)
  from space 2048K, 92% used [0x00000000d5c80000,0x00000000d5e57118,0x00000000d5e80000)
  to   space 3584K, 0% used [0x00000000d6000000,0x00000000d6000000,0x00000000d6380000)
 ParOldGen       total 155648K, used 155305K [0x0000000080000000, 0x0000000089800000, 0x00000000d5580000)
  object space 155648K, 99% used [0x0000000080000000,0x00000000897aa4a8,0x0000000089800000)
 Metaspace       used 63794K, committed 65280K, reserved 1114112K
  class space    used 6748K, committed 7360K, reserved 1048576K
}
Event: 49.239 GC heap after
{Heap after GC invocations=85 (full 3):
 PSYoungGen      total 7680K, used 128K [0x00000000d5580000, 0x00000000d6080000, 0x0000000100000000)
  eden space 7168K, 0% used [0x00000000d5580000,0x00000000d5580000,0x00000000d5c80000)
  from space 512K, 25% used [0x00000000d6000000,0x00000000d6020000,0x00000000d6080000)
  to   space 1024K, 0% used [0x00000000d5e80000,0x00000000d5e80000,0x00000000d5f80000)
 ParOldGen       total 156160K, used 155701K [0x0000000080000000, 0x0000000089880000, 0x00000000d5580000)
  object space 156160K, 99% used [0x0000000080000000,0x000000008980d4d8,0x0000000089880000)
 Metaspace       used 63794K, committed 65280K, reserved 1114112K
  class space    used 6748K, committed 7360K, reserved 1048576K
}
Event: 53.731 GC heap before
{Heap before GC invocations=86 (full 3):
 PSYoungGen      total 7680K, used 7296K [0x00000000d5580000, 0x00000000d6080000, 0x0000000100000000)
  eden space 7168K, 100% used [0x00000000d5580000,0x00000000d5c80000,0x00000000d5c80000)
  from space 512K, 25% used [0x00000000d6000000,0x00000000d6020000,0x00000000d6080000)
  to   space 1024K, 0% used [0x00000000d5e80000,0x00000000d5e80000,0x00000000d5f80000)
 ParOldGen       total 156160K, used 155701K [0x0000000080000000, 0x0000000089880000, 0x00000000d5580000)
  object space 156160K, 99% used [0x0000000080000000,0x000000008980d4d8,0x0000000089880000)
 Metaspace       used 64068K, committed 65472K, reserved 1114112K
  class space    used 6773K, committed 7360K, reserved 1048576K
}
Event: 53.732 GC heap after
{Heap after GC invocations=86 (full 3):
 PSYoungGen      total 8192K, used 224K [0x00000000d5580000, 0x00000000d6080000, 0x0000000100000000)
  eden space 7168K, 0% used [0x00000000d5580000,0x00000000d5580000,0x00000000d5c80000)
  from space 1024K, 21% used [0x00000000d5e80000,0x00000000d5eb8000,0x00000000d5f80000)
  to   space 512K, 0% used [0x00000000d6000000,0x00000000d6000000,0x00000000d6080000)
 ParOldGen       total 156160K, used 155749K [0x0000000080000000, 0x0000000089880000, 0x00000000d5580000)
  object space 156160K, 99% used [0x0000000080000000,0x00000000898194d8,0x0000000089880000)
 Metaspace       used 64068K, committed 65472K, reserved 1114112K
  class space    used 6773K, committed 7360K, reserved 1048576K
}
Event: 76.607 GC heap before
{Heap before GC invocations=87 (full 3):
 PSYoungGen      total 8192K, used 7392K [0x00000000d5580000, 0x00000000d6080000, 0x0000000100000000)
  eden space 7168K, 100% used [0x00000000d5580000,0x00000000d5c80000,0x00000000d5c80000)
  from space 1024K, 21% used [0x00000000d5e80000,0x00000000d5eb8000,0x00000000d5f80000)
  to   space 512K, 0% used [0x00000000d6000000,0x00000000d6000000,0x00000000d6080000)
 ParOldGen       total 156160K, used 155749K [0x0000000080000000, 0x0000000089880000, 0x00000000d5580000)
  object space 156160K, 99% used [0x0000000080000000,0x00000000898194d8,0x0000000089880000)
 Metaspace       used 64422K, committed 65856K, reserved 1114112K
  class space    used 6833K, committed 7424K, reserved 1048576K
}
Event: 76.609 GC heap after
{Heap after GC invocations=87 (full 3):
 PSYoungGen      total 7680K, used 308K [0x00000000d5580000, 0x00000000d6080000, 0x0000000100000000)
  eden space 7168K, 0% used [0x00000000d5580000,0x00000000d5580000,0x00000000d5c80000)
  from space 512K, 60% used [0x00000000d6000000,0x00000000d604d200,0x00000000d6080000)
  to   space 512K, 0% used [0x00000000d5f80000,0x00000000d5f80000,0x00000000d6000000)
 ParOldGen       total 156160K, used 155909K [0x0000000080000000, 0x0000000089880000, 0x00000000d5580000)
  object space 156160K, 99% used [0x0000000080000000,0x00000000898414e8,0x0000000089880000)
 Metaspace       used 64422K, committed 65856K, reserved 1114112K
  class space    used 6833K, committed 7424K, reserved 1048576K
}

Dll operation events (10 events):
Event: 0.017 Loaded shared library c:\Users\Hoang Anh\.vscode\extensions\redhat.java-1.53.0-win32-x64\jre\21.0.10-win32-x86_64\bin\java.dll
Event: 0.150 Loaded shared library c:\Users\Hoang Anh\.vscode\extensions\redhat.java-1.53.0-win32-x64\jre\21.0.10-win32-x86_64\bin\zip.dll
Event: 0.255 Loaded shared library C:\Users\Hoang Anh\.vscode\extensions\redhat.java-1.53.0-win32-x64\jre\21.0.10-win32-x86_64\bin\instrument.dll
Event: 0.283 Loaded shared library C:\Users\Hoang Anh\.vscode\extensions\redhat.java-1.53.0-win32-x64\jre\21.0.10-win32-x86_64\bin\net.dll
Event: 0.299 Loaded shared library C:\Users\Hoang Anh\.vscode\extensions\redhat.java-1.53.0-win32-x64\jre\21.0.10-win32-x86_64\bin\nio.dll
Event: 0.304 Loaded shared library C:\Users\Hoang Anh\.vscode\extensions\redhat.java-1.53.0-win32-x64\jre\21.0.10-win32-x86_64\bin\zip.dll
Event: 0.372 Loaded shared library C:\Users\Hoang Anh\.vscode\extensions\redhat.java-1.53.0-win32-x64\jre\21.0.10-win32-x86_64\bin\jimage.dll
Event: 0.785 Loaded shared library c:\Users\Hoang Anh\.vscode\extensions\redhat.java-1.53.0-win32-x64\jre\21.0.10-win32-x86_64\bin\verify.dll
Event: 4.018 Loaded shared library C:\Users\Hoang Anh\AppData\Roaming\Code\User\globalStorage\redhat.java\1.53.0\config_win\org.eclipse.equinox.launcher\org.eclipse.equinox.launcher.win32.win32.x86_64_1.3.0.v20260203-2149\eclipse_11919.dll
Event: 7.468 Loaded shared library C:\Users\Hoang Anh\AppData\Local\Temp\jna--1970391186\jna13934999922930290383.dll

Deoptimization events (20 events):
Event: 52.893 Thread 0x000001cd17a67400 DEOPT PACKING pc=0x000001ccc28b6638 sp=0x000000160e9fe6a0
Event: 52.893 Thread 0x000001cd17a67400 DEOPT UNPACKING pc=0x000001ccc1ec3aa2 sp=0x000000160e9fe638 mode 2
Event: 59.576 Thread 0x000001cd17a666e0 Uncommon trap: trap_request=0xffffff45 fr.pc=0x000001ccc25cffb4 relative=0x00000000000001f4
Event: 59.576 Thread 0x000001cd17a666e0 Uncommon trap: reason=unstable_if action=reinterpret pc=0x000001ccc25cffb4 method=java.util.concurrent.locks.ReentrantReadWriteLock$Sync.tryAcquireShared(I)I @ 81 c2
Event: 59.576 Thread 0x000001cd17a666e0 DEOPT PACKING pc=0x000001ccc25cffb4 sp=0x000000160e8fe780
Event: 59.576 Thread 0x000001cd17a666e0 DEOPT UNPACKING pc=0x000001ccc1ec3aa2 sp=0x000000160e8fe6a0 mode 2
Event: 59.592 Thread 0x000001cd17a67400 Uncommon trap: trap_request=0xffffffde fr.pc=0x000001ccc294e5bc relative=0x00000000000091fc
Event: 59.592 Thread 0x000001cd17a67400 Uncommon trap: reason=class_check action=maybe_recompile pc=0x000001ccc294e5bc method=org.lombokweb.asm.ClassReader.readCode(Lorg/lombokweb/asm/MethodVisitor;Lorg/lombokweb/asm/Context;I)V @ 4265 c2
Event: 59.592 Thread 0x000001cd17a67400 DEOPT PACKING pc=0x000001ccc294e5bc sp=0x000000160e9fc030
Event: 59.592 Thread 0x000001cd17a67400 DEOPT UNPACKING pc=0x000001ccc1ec3aa2 sp=0x000000160e9fbf78 mode 2
Event: 59.640 Thread 0x000001cd17a65330 Uncommon trap: trap_request=0xffffff45 fr.pc=0x000001ccc24529cc relative=0x00000000000001ac
Event: 59.640 Thread 0x000001cd17a65330 Uncommon trap: reason=unstable_if action=reinterpret pc=0x000001ccc24529cc method=java.lang.Long.stringSize(J)I @ 5 c2
Event: 59.640 Thread 0x000001cd17a65330 DEOPT PACKING pc=0x000001ccc24529cc sp=0x000000160e6fdfb0
Event: 59.640 Thread 0x000001cd17a65330 DEOPT UNPACKING pc=0x000001ccc1ec3aa2 sp=0x000000160e6fdf20 mode 2
Event: 59.640 Thread 0x000001cd17a65330 Uncommon trap: trap_request=0xffffff45 fr.pc=0x000001ccc25a9830 relative=0x0000000000000370
Event: 59.640 Thread 0x000001cd17a65330 Uncommon trap: reason=unstable_if action=reinterpret pc=0x000001ccc25a9830 method=java.lang.Long.getChars(JI[B)I @ 6 c2
Event: 59.640 Thread 0x000001cd17a65330 DEOPT PACKING pc=0x000001ccc25a9830 sp=0x000000160e6fdfa0
Event: 59.640 Thread 0x000001cd17a65330 DEOPT UNPACKING pc=0x000001ccc1ec3aa2 sp=0x000000160e6fdef8 mode 2
Event: 78.354 Thread 0x000001cd17a67400 DEOPT PACKING pc=0x000001ccbb21d7db sp=0x000000160e9fe480
Event: 78.354 Thread 0x000001cd17a67400 DEOPT UNPACKING pc=0x000001ccc1ec4242 sp=0x000000160e9fd908 mode 0

Classes loaded (20 events):
Event: 43.552 Loading class sun/security/util/ArrayUtil
Event: 43.552 Loading class sun/security/util/ArrayUtil done
Event: 43.618 Loading class java/util/zip/CheckedInputStream
Event: 43.618 Loading class java/util/zip/CheckedInputStream done
Event: 43.745 Loading class java/util/zip/GZIPInputStream$1
Event: 43.745 Loading class java/util/zip/GZIPInputStream$1 done
Event: 47.775 Loading class java/nio/file/Files$2
Event: 47.775 Loading class java/nio/file/Files$2 done
Event: 47.894 Loading class java/util/stream/DistinctOps
Event: 47.894 Loading class java/util/stream/DistinctOps done
Event: 47.894 Loading class java/util/stream/DistinctOps$1
Event: 47.894 Loading class java/util/stream/DistinctOps$1 done
Event: 47.896 Loading class java/util/stream/DistinctOps$1$2
Event: 47.896 Loading class java/util/stream/DistinctOps$1$2 done
Event: 48.749 Loading class java/util/AbstractList$RandomAccessSubList
Event: 48.749 Loading class java/util/AbstractList$SubList
Event: 48.750 Loading class java/util/AbstractList$SubList done
Event: 48.750 Loading class java/util/AbstractList$RandomAccessSubList done
Event: 48.750 Loading class java/util/AbstractList$SubList$1
Event: 48.750 Loading class java/util/AbstractList$SubList$1 done

Classes unloaded (7 events):
Event: 8.468 Thread 0x000001ccb77f7af0 Unloading class 0x000001cccf1aac00 'java/lang/invoke/LambdaForm$MH+0x000001cccf1aac00'
Event: 8.468 Thread 0x000001ccb77f7af0 Unloading class 0x000001cccf1aa800 'java/lang/invoke/LambdaForm$MH+0x000001cccf1aa800'
Event: 8.468 Thread 0x000001ccb77f7af0 Unloading class 0x000001cccf1aa400 'java/lang/invoke/LambdaForm$MH+0x000001cccf1aa400'
Event: 8.468 Thread 0x000001ccb77f7af0 Unloading class 0x000001cccf1aa000 'java/lang/invoke/LambdaForm$MH+0x000001cccf1aa000'
Event: 8.468 Thread 0x000001ccb77f7af0 Unloading class 0x000001cccf1a9c00 'java/lang/invoke/LambdaForm$BMH+0x000001cccf1a9c00'
Event: 8.468 Thread 0x000001ccb77f7af0 Unloading class 0x000001cccf1a9800 'java/lang/invoke/LambdaForm$DMH+0x000001cccf1a9800'
Event: 8.468 Thread 0x000001ccb77f7af0 Unloading class 0x000001cccf1a8400 'java/lang/invoke/LambdaForm$DMH+0x000001cccf1a8400'

Classes redefined (0 events):
No events

Internal exceptions (20 events):
Event: 46.927 Thread 0x000001cd14f93b00 Exception <a 'sun/nio/fs/WindowsException'{0x00000000d5a99940}> (0x00000000d5a99940) 
thrown [s\src\hotspot\share\prims\jni.cpp, line 520]
Event: 46.931 Thread 0x000001cd14f93b00 Exception <a 'sun/nio/fs/WindowsException'{0x00000000d5abefb0}> (0x00000000d5abefb0) 
thrown [s\src\hotspot\share\prims\jni.cpp, line 520]
Event: 46.931 Thread 0x000001cd14f93b00 Exception <a 'sun/nio/fs/WindowsException'{0x00000000d5abfa88}> (0x00000000d5abfa88) 
thrown [s\src\hotspot\share\prims\jni.cpp, line 520]
Event: 46.949 Thread 0x000001cd14f93b00 Exception <a 'java/lang/NoSuchMethodError'{0x00000000d5c57940}: method resolution failed> (0x00000000d5c57940) 
thrown [s\src\hotspot\share\prims\methodHandles.cpp, line 1136]
Event: 47.901 Thread 0x000001cd17a666e0 Exception <a 'java/lang/NoSuchMethodError'{0x00000000d5648370}: 'java.lang.Object java.lang.invoke.DirectMethodHandle$Holder.invokeStaticInit(java.lang.Object, java.lang.Object, java.lang.Object)'> (0x00000000d5648370) 
thrown [s\src\hotspot\share\interpreter\linkResolver.cpp, line 773]
Event: 48.941 Thread 0x000001cd17a67400 Exception <a 'sun/nio/fs/WindowsException'{0x00000000d58192b0}> (0x00000000d58192b0) 
thrown [s\src\hotspot\share\prims\jni.cpp, line 520]
Event: 48.941 Thread 0x000001cd17a67400 Exception <a 'sun/nio/fs/WindowsException'{0x00000000d5929590}> (0x00000000d5929590) 
thrown [s\src\hotspot\share\prims\jni.cpp, line 520]
Event: 48.942 Thread 0x000001cd17a67400 Exception <a 'sun/nio/fs/WindowsException'{0x00000000d592ad10}> (0x00000000d592ad10) 
thrown [s\src\hotspot\share\prims\jni.cpp, line 520]
Event: 48.942 Thread 0x000001cd17a67400 Exception <a 'sun/nio/fs/WindowsException'{0x00000000d592bae8}> (0x00000000d592bae8) 
thrown [s\src\hotspot\share\prims\jni.cpp, line 520]
Event: 48.943 Thread 0x000001cd17a67400 Exception <a 'sun/nio/fs/WindowsException'{0x00000000d592fa00}> (0x00000000d592fa00) 
thrown [s\src\hotspot\share\prims\jni.cpp, line 520]
Event: 48.943 Thread 0x000001cd17a67400 Exception <a 'sun/nio/fs/WindowsException'{0x00000000d5930540}> (0x00000000d5930540) 
thrown [s\src\hotspot\share\prims\jni.cpp, line 520]
Event: 48.949 Thread 0x000001cd17a67400 Exception <a 'sun/nio/fs/WindowsException'{0x00000000d5952e68}> (0x00000000d5952e68) 
thrown [s\src\hotspot\share\prims\jni.cpp, line 520]
Event: 48.949 Thread 0x000001cd17a67400 Exception <a 'sun/nio/fs/WindowsException'{0x00000000d5953c00}> (0x00000000d5953c00) 
thrown [s\src\hotspot\share\prims\jni.cpp, line 520]
Event: 52.870 Thread 0x000001cd17a65330 Exception <a 'java/lang/IncompatibleClassChangeError'{0x00000000d5b70770}: Found class java.lang.Object, but interface was expected> (0x00000000d5b70770) 
thrown [s\src\hotspot\share\interpreter\linkResolver.cpp, line 840]
Event: 52.878 Thread 0x000001cd17a67400 Exception <a 'java/lang/NoSuchMethodError'{0x00000000d5b9e430}: 'java.lang.Object java.lang.invoke.DirectMethodHandle$Holder.invokeSpecial(java.lang.Object, java.lang.Object, java.lang.Object, java.lang.Object, int, java.lang.Object, java.lang.Object)'> (0x00000000d5b9e430) 
thrown [s\src\hotspot\share\interpreter\linkResolver.cpp, line 773]
Event: 59.572 Thread 0x000001cd17a65330 Exception <a 'java/lang/IncompatibleClassChangeError'{0x00000000d55c9a20}: Found class java.lang.Object, but interface was expected> (0x00000000d55c9a20) 
thrown [s\src\hotspot\share\interpreter\linkResolver.cpp, line 840]
Event: 61.927 Thread 0x000001cd14f93b00 Exception <a 'sun/nio/fs/WindowsException'{0x00000000d5928158}> (0x00000000d5928158) 
thrown [s\src\hotspot\share\prims\jni.cpp, line 520]
Event: 61.927 Thread 0x000001cd14f93b00 Exception <a 'sun/nio/fs/WindowsException'{0x00000000d5928c78}> (0x00000000d5928c78) 
thrown [s\src\hotspot\share\prims\jni.cpp, line 520]
Event: 61.929 Thread 0x000001cd14f93b00 Exception <a 'sun/nio/fs/WindowsException'{0x00000000d5940b88}> (0x00000000d5940b88) 
thrown [s\src\hotspot\share\prims\jni.cpp, line 520]
Event: 61.930 Thread 0x000001cd14f93b00 Exception <a 'sun/nio/fs/WindowsException'{0x00000000d5941698}> (0x00000000d5941698) 
thrown [s\src\hotspot\share\prims\jni.cpp, line 520]

ZGC Phase Switch (0 events):
No events

VM Operations (20 events):
Event: 59.676 Executing non-safepoint VM operation: HandshakeAllThreads (Deoptimize)
Event: 59.676 Executing non-safepoint VM operation: HandshakeAllThreads (Deoptimize) done
Event: 60.185 Executing non-safepoint VM operation: HandshakeAllThreads (HandshakeForDeflation)
Event: 60.185 Executing non-safepoint VM operation: HandshakeAllThreads (HandshakeForDeflation) done
Event: 60.185 Executing non-safepoint VM operation: RendezvousGCThreads
Event: 60.185 Executing non-safepoint VM operation: RendezvousGCThreads done
Event: 62.204 Executing safepoint VM operation: Cleanup
Event: 62.204 Executing safepoint VM operation: Cleanup done
Event: 63.214 Executing safepoint VM operation: Cleanup
Event: 63.214 Executing safepoint VM operation: Cleanup done
Event: 67.263 Executing safepoint VM operation: Cleanup
Event: 67.263 Executing safepoint VM operation: Cleanup done
Event: 76.607 Executing safepoint VM operation: ParallelGCFailedAllocation (Allocation Failure)
Event: 76.609 Executing safepoint VM operation: ParallelGCFailedAllocation (Allocation Failure) done
Event: 78.629 Executing safepoint VM operation: Cleanup
Event: 78.629 Executing safepoint VM operation: Cleanup done
Event: 79.643 Executing safepoint VM operation: Cleanup
Event: 79.643 Executing safepoint VM operation: Cleanup done
Event: 94.764 Executing safepoint VM operation: Cleanup
Event: 94.764 Executing safepoint VM operation: Cleanup done

Memory protections (0 events):
No events

Nmethod flushes (20 events):
Event: 34.827 Thread 0x000001ccb77f7af0 flushing  nmethod 0x000001ccbb174e90
Event: 34.827 Thread 0x000001ccb77f7af0 flushing osr nmethod 0x000001ccbb17c990
Event: 34.827 Thread 0x000001ccb77f7af0 flushing osr nmethod 0x000001ccbb181d10
Event: 34.827 Thread 0x000001ccb77f7af0 flushing osr nmethod 0x000001ccbb1d1090
Event: 34.827 Thread 0x000001ccb77f7af0 flushing  nmethod 0x000001ccbb1f3d90
Event: 34.827 Thread 0x000001ccb77f7af0 flushing  nmethod 0x000001ccbb20e910
Event: 34.827 Thread 0x000001ccb77f7af0 flushing  nmethod 0x000001ccbb221f90
Event: 34.827 Thread 0x000001ccb77f7af0 flushing  nmethod 0x000001ccbb222590
Event: 34.827 Thread 0x000001ccb77f7af0 flushing  nmethod 0x000001ccbb223410
Event: 34.827 Thread 0x000001ccb77f7af0 flushing  nmethod 0x000001ccbb225990
Event: 34.827 Thread 0x000001ccb77f7af0 flushing  nmethod 0x000001ccbb232a10
Event: 34.827 Thread 0x000001ccb77f7af0 flushing osr nmethod 0x000001ccbb29d110
Event: 34.827 Thread 0x000001ccb77f7af0 flushing  nmethod 0x000001ccbb2b4090
Event: 34.827 Thread 0x000001ccb77f7af0 flushing  nmethod 0x000001ccbb2b5b90
Event: 34.827 Thread 0x000001ccb77f7af0 flushing  nmethod 0x000001ccbb2b7490
Event: 34.827 Thread 0x000001ccb77f7af0 flushing  nmethod 0x000001ccbb2bf890
Event: 34.827 Thread 0x000001ccb77f7af0 flushing  nmethod 0x000001ccbb2c0290
Event: 34.827 Thread 0x000001ccb77f7af0 flushing  nmethod 0x000001ccbb2c0710
Event: 34.827 Thread 0x000001ccb77f7af0 flushing  nmethod 0x000001ccbb2c0a90
Event: 34.827 Thread 0x000001ccb77f7af0 flushing  nmethod 0x000001ccbb2c3610

Events (20 events):
Event: 39.181 Thread 0x000001ccb76539b0 Thread added: 0x000001cd16e24820
Event: 39.296 Thread 0x000001cd14f94820 Thread added: 0x000001cd17a6a1f0
Event: 39.296 Thread 0x000001cd14f94820 Thread added: 0x000001cd17a6a880
Event: 39.296 Thread 0x000001cd14f94820 Thread added: 0x000001cd17a6af10
Event: 39.298 Thread 0x000001cd14f94820 Thread added: 0x000001cd17a63f80
Event: 39.298 Thread 0x000001cd14f94820 Thread added: 0x000001cd17fe6ac0
Event: 40.060 Thread 0x000001cd17fe6ac0 Thread exited: 0x000001cd17fe6ac0
Event: 40.060 Thread 0x000001cd17a6a880 Thread exited: 0x000001cd17a6a880
Event: 40.060 Thread 0x000001cd17a63f80 Thread exited: 0x000001cd17a63f80
Event: 40.060 Thread 0x000001cd17a6a1f0 Thread exited: 0x000001cd17a6a1f0
Event: 40.060 Thread 0x000001cd17a6af10 Thread exited: 0x000001cd17a6af10
Event: 41.237 Thread 0x000001cd16e24820 Thread exited: 0x000001cd16e24820
Event: 43.488 Thread 0x000001cd17a66050 Thread added: 0x000001cd17a63f80
Event: 43.672 Thread 0x000001ccb7633a30 Thread added: 0x000001cd16e24ef0
Event: 44.099 Thread 0x000001cd16e24ef0 Thread exited: 0x000001cd16e24ef0
Event: 44.261 Thread 0x000001cd17a63f80 Thread exited: 0x000001cd17a63f80
Event: 46.955 Thread 0x000001ccb76539b0 Thread added: 0x000001cd16e233b0
Event: 47.734 Thread 0x000001cd16e233b0 Thread exited: 0x000001cd16e233b0
Event: 59.652 Thread 0x000001ccb7633a30 Thread added: 0x000001cd16e24820
Event: 60.319 Thread 0x000001cd16e24820 Thread exited: 0x000001cd16e24820


Dynamic libraries:
0x00007ff7bbcf0000 - 0x00007ff7bbcfe000 	c:\Users\Hoang Anh\.vscode\extensions\redhat.java-1.53.0-win32-x64\jre\21.0.10-win32-x86_64\bin\java.exe
0x00007ffc48f90000 - 0x00007ffc49188000 	C:\WINDOWS\SYSTEM32\ntdll.dll
0x00007ffc479c0000 - 0x00007ffc47a7d000 	C:\WINDOWS\System32\KERNEL32.DLL
0x00007ffc46810000 - 0x00007ffc46b06000 	C:\WINDOWS\System32\KERNELBASE.dll
0x00007ffc43820000 - 0x00007ffc438b0000 	C:\WINDOWS\SYSTEM32\apphelp.dll
0x00007ffc46710000 - 0x00007ffc46810000 	C:\WINDOWS\System32\ucrtbase.dll
0x00007ffc27330000 - 0x00007ffc27348000 	c:\Users\Hoang Anh\.vscode\extensions\redhat.java-1.53.0-win32-x64\jre\21.0.10-win32-x86_64\bin\jli.dll
0x00007ffc48000000 - 0x00007ffc4819f000 	C:\WINDOWS\System32\USER32.dll
0x00007ffc466e0000 - 0x00007ffc46702000 	C:\WINDOWS\System32\win32u.dll
0x00007ffc481a0000 - 0x00007ffc481cb000 	C:\WINDOWS\System32\GDI32.dll
0x00007ffc46bc0000 - 0x00007ffc46cd7000 	C:\WINDOWS\System32\gdi32full.dll
0x00007ffc46ce0000 - 0x00007ffc46d7d000 	C:\WINDOWS\System32\msvcp_win.dll
0x00007ffc2b300000 - 0x00007ffc2b31e000 	c:\Users\Hoang Anh\.vscode\extensions\redhat.java-1.53.0-win32-x64\jre\21.0.10-win32-x86_64\bin\VCRUNTIME140.dll
0x00007ffc33b10000 - 0x00007ffc33daa000 	C:\WINDOWS\WinSxS\amd64_microsoft.windows.common-controls_6595b64144ccf1df_6.0.19041.3636_none_60b6a03d71f818d5\COMCTL32.dll
0x00007ffc47920000 - 0x00007ffc479be000 	C:\WINDOWS\System32\msvcrt.dll
0x00007ffc48dd0000 - 0x00007ffc48e02000 	C:\WINDOWS\System32\IMM32.DLL
0x00007ffc40050000 - 0x00007ffc4005c000 	c:\Users\Hoang Anh\.vscode\extensions\redhat.java-1.53.0-win32-x64\jre\21.0.10-win32-x86_64\bin\vcruntime140_1.dll
0x00007ffc05430000 - 0x00007ffc054bd000 	c:\Users\Hoang Anh\.vscode\extensions\redhat.java-1.53.0-win32-x64\jre\21.0.10-win32-x86_64\bin\msvcp140.dll
0x00007ffbe1790000 - 0x00007ffbe2531000 	c:\Users\Hoang Anh\.vscode\extensions\redhat.java-1.53.0-win32-x64\jre\21.0.10-win32-x86_64\bin\server\jvm.dll
0x00007ffc46fc0000 - 0x00007ffc47070000 	C:\WINDOWS\System32\ADVAPI32.dll
0x00007ffc481d0000 - 0x00007ffc48270000 	C:\WINDOWS\System32\sechost.dll
0x00007ffc48ca0000 - 0x00007ffc48dc3000 	C:\WINDOWS\System32\RPCRT4.dll
0x00007ffc466b0000 - 0x00007ffc466d7000 	C:\WINDOWS\System32\bcrypt.dll
0x00007ffc47a80000 - 0x00007ffc47aeb000 	C:\WINDOWS\System32\WS2_32.dll
0x00007ffc464a0000 - 0x00007ffc464eb000 	C:\WINDOWS\SYSTEM32\POWRPROF.dll
0x00007ffc2fbc0000 - 0x00007ffc2fbe7000 	C:\WINDOWS\SYSTEM32\WINMM.dll
0x00007ffc44d70000 - 0x00007ffc44d7a000 	C:\WINDOWS\SYSTEM32\VERSION.dll
0x00007ffc46480000 - 0x00007ffc46492000 	C:\WINDOWS\SYSTEM32\UMPDC.dll
0x00007ffc44e50000 - 0x00007ffc44e62000 	C:\WINDOWS\SYSTEM32\kernel.appcore.dll
0x00007ffc3d3d0000 - 0x00007ffc3d3da000 	c:\Users\Hoang Anh\.vscode\extensions\redhat.java-1.53.0-win32-x64\jre\21.0.10-win32-x86_64\bin\jimage.dll
0x00007ffc34030000 - 0x00007ffc34214000 	C:\WINDOWS\SYSTEM32\DBGHELP.DLL
0x00007ffc2cb70000 - 0x00007ffc2cba4000 	C:\WINDOWS\SYSTEM32\dbgcore.DLL
0x00007ffc46f30000 - 0x00007ffc46fb2000 	C:\WINDOWS\System32\bcryptPrimitives.dll
0x00007ffc3d3a0000 - 0x00007ffc3d3af000 	c:\Users\Hoang Anh\.vscode\extensions\redhat.java-1.53.0-win32-x64\jre\21.0.10-win32-x86_64\bin\instrument.dll
0x00007ffc23980000 - 0x00007ffc239a0000 	c:\Users\Hoang Anh\.vscode\extensions\redhat.java-1.53.0-win32-x64\jre\21.0.10-win32-x86_64\bin\java.dll
0x00007ffc47100000 - 0x00007ffc4786b000 	C:\WINDOWS\System32\SHELL32.dll
0x00007ffc443b0000 - 0x00007ffc44b4e000 	C:\WINDOWS\SYSTEM32\windows.storage.dll
0x00007ffc48940000 - 0x00007ffc48c93000 	C:\WINDOWS\System32\combase.dll
0x00007ffc45ec0000 - 0x00007ffc45eee000 	C:\WINDOWS\SYSTEM32\Wldp.dll
0x00007ffc48400000 - 0x00007ffc484cd000 	C:\WINDOWS\System32\OLEAUT32.dll
0x00007ffc47cd0000 - 0x00007ffc47d7d000 	C:\WINDOWS\System32\SHCORE.dll
0x00007ffc48280000 - 0x00007ffc482d5000 	C:\WINDOWS\System32\shlwapi.dll
0x00007ffc46570000 - 0x00007ffc46593000 	C:\WINDOWS\SYSTEM32\profapi.dll
0x00007ffc220c0000 - 0x00007ffc220d8000 	c:\Users\Hoang Anh\.vscode\extensions\redhat.java-1.53.0-win32-x64\jre\21.0.10-win32-x86_64\bin\zip.dll
0x00007ffc35150000 - 0x00007ffc35160000 	C:\Users\Hoang Anh\.vscode\extensions\redhat.java-1.53.0-win32-x64\jre\21.0.10-win32-x86_64\bin\net.dll
0x00007ffc44b60000 - 0x00007ffc44c6a000 	C:\WINDOWS\SYSTEM32\WINHTTP.dll
0x00007ffc45ca0000 - 0x00007ffc45d0a000 	C:\WINDOWS\system32\mswsock.dll
0x00007ffc21bb0000 - 0x00007ffc21bc6000 	C:\Users\Hoang Anh\.vscode\extensions\redhat.java-1.53.0-win32-x64\jre\21.0.10-win32-x86_64\bin\nio.dll
0x00007ffc33ae0000 - 0x00007ffc33af0000 	c:\Users\Hoang Anh\.vscode\extensions\redhat.java-1.53.0-win32-x64\jre\21.0.10-win32-x86_64\bin\verify.dll
0x00007ffc054d0000 - 0x00007ffc05515000 	C:\Users\Hoang Anh\AppData\Roaming\Code\User\globalStorage\redhat.java\1.53.0\config_win\org.eclipse.equinox.launcher\org.eclipse.equinox.launcher.win32.win32.x86_64_1.3.0.v20260203-2149\eclipse_11919.dll
0x00007ffc47d80000 - 0x00007ffc47eab000 	C:\WINDOWS\System32\ole32.dll
0x00007ffc45f00000 - 0x00007ffc45f18000 	C:\WINDOWS\SYSTEM32\CRYPTSP.dll
0x00007ffc455e0000 - 0x00007ffc45614000 	C:\WINDOWS\system32\rsaenh.dll
0x00007ffc46530000 - 0x00007ffc4655e000 	C:\WINDOWS\SYSTEM32\USERENV.dll
0x00007ffc45e30000 - 0x00007ffc45e3c000 	C:\WINDOWS\SYSTEM32\CRYPTBASE.dll
0x00007ffc459a0000 - 0x00007ffc459db000 	C:\WINDOWS\SYSTEM32\IPHLPAPI.DLL
0x00007ffc47af0000 - 0x00007ffc47af8000 	C:\WINDOWS\System32\NSI.dll
0x00007ffbfa4a0000 - 0x00007ffbfa4e9000 	C:\Users\Hoang Anh\AppData\Local\Temp\jna--1970391186\jna13934999922930290383.dll
0x00007ffc48270000 - 0x00007ffc48278000 	C:\WINDOWS\System32\PSAPI.DLL
0x00007ffc3fbf0000 - 0x00007ffc3fc07000 	C:\WINDOWS\SYSTEM32\dhcpcsvc6.DLL
0x00007ffc3fbd0000 - 0x00007ffc3fbed000 	C:\WINDOWS\SYSTEM32\dhcpcsvc.DLL

JVMTI agents:
c:\Users\Hoang Anh\.vscode\extensions\redhat.java-1.53.0-win32-x64\lombok\lombok-1.18.39-4050.jar path:c:\Users\Hoang Anh\.vscode\extensions\redhat.java-1.53.0-win32-x64\jre\21.0.10-win32-x86_64\bin\instrument.dll, loaded, initialized, instrumentlib options:none

dbghelp: loaded successfully - version: 4.0.5 - missing functions: none
symbol engine: initialized successfully - sym options: 0x614 - pdb path: .;c:\Users\Hoang Anh\.vscode\extensions\redhat.java-1.53.0-win32-x64\jre\21.0.10-win32-x86_64\bin;C:\WINDOWS\SYSTEM32;C:\WINDOWS\WinSxS\amd64_microsoft.windows.common-controls_6595b64144ccf1df_6.0.19041.3636_none_60b6a03d71f818d5;c:\Users\Hoang Anh\.vscode\extensions\redhat.java-1.53.0-win32-x64\jre\21.0.10-win32-x86_64\bin\server;C:\Users\Hoang Anh\AppData\Roaming\Code\User\globalStorage\redhat.java\1.53.0\config_win\org.eclipse.equinox.launcher\org.eclipse.equinox.launcher.win32.win32.x86_64_1.3.0.v20260203-2149;C:\Users\Hoang Anh\AppData\Local\Temp\jna--1970391186

VM Arguments:
jvm_args: --add-modules=ALL-SYSTEM --add-opens=java.base/java.util=ALL-UNNAMED --add-opens=java.base/java.lang=ALL-UNNAMED --add-opens=java.base/sun.nio.fs=ALL-UNNAMED -Declipse.application=org.eclipse.jdt.ls.core.id1 -Dosgi.bundles.defaultStartLevel=4 -Declipse.product=org.eclipse.jdt.ls.core.product -Djava.import.generatesMetadataFilesAtProjectRoot=false -DDetectVMInstallationsJob.disabled=true -Dfile.encoding=utf8 -XX:+UseParallelGC -XX:GCTimeRatio=4 -XX:AdaptiveSizePolicyWeight=90 -Dsun.zip.disableMemoryMapping=true -Xmx2G -Xms100m -Xlog:disable -javaagent:c:\Users\Hoang Anh\.vscode\extensions\redhat.java-1.53.0-win32-x64\lombok\lombok-1.18.39-4050.jar -XX:+HeapDumpOnOutOfMemoryError -XX:HeapDumpPath=c:\Users\Hoang Anh\AppData\Roaming\Code\User\workspaceStorage\751ba291b6b10acd976b8a98f14e1457\redhat.java -Daether.dependencyCollector.impl=bf 
java_command: c:\Users\Hoang Anh\.vscode\extensions\redhat.java-1.53.0-win32-x64\server\plugins\org.eclipse.equinox.launcher_1.7.100.v20251111-0406.jar -configuration c:\Users\Hoang Anh\AppData\Roaming\Code\User\globalStorage\redhat.java\1.53.0\config_win -data c:\Users\Hoang Anh\AppData\Roaming\Code\User\workspaceStorage\751ba291b6b10acd976b8a98f14e1457\redhat.java\jdt_ws --pipe=\\.\pipe\lsp-adbb82b95991d40386031e2041c4e412-sock
java_class_path (initial): c:\Users\Hoang Anh\.vscode\extensions\redhat.java-1.53.0-win32-x64\server\plugins\org.eclipse.equinox.launcher_1.7.100.v20251111-0406.jar
Launcher Type: SUN_STANDARD

[Global flags]
    uintx AdaptiveSizePolicyWeight                 = 90                                        {product} {command line}
     intx CICompilerCount                          = 3                                         {product} {ergonomic}
    uintx GCTimeRatio                              = 4                                         {product} {command line}
     bool HeapDumpOnOutOfMemoryError               = true                                   {manageable} {command line}
    ccstr HeapDumpPath                             = c:\Users\Hoang Anh\AppData\Roaming\Code\User\workspaceStorage\751ba291b6b10acd976b8a98f14e1457\redhat.java         {manageable} {command line}
   size_t InitialHeapSize                          = 104857600                                 {product} {command line}
   size_t MaxHeapSize                              = 2147483648                                {product} {command line}
   size_t MaxNewSize                               = 715653120                                 {product} {ergonomic}
   size_t MinHeapDeltaBytes                        = 524288                                    {product} {ergonomic}
   size_t MinHeapSize                              = 104857600                                 {product} {command line}
   size_t NewSize                                  = 34603008                                  {product} {ergonomic}
    uintx NonNMethodCodeHeapSize                   = 5832780                                {pd product} {ergonomic}
    uintx NonProfiledCodeHeapSize                  = 122912730                              {pd product} {ergonomic}
   size_t OldSize                                  = 70254592                                  {product} {ergonomic}
    uintx ProfiledCodeHeapSize                     = 122912730                              {pd product} {ergonomic}
    uintx ReservedCodeCacheSize                    = 251658240                              {pd product} {ergonomic}
     bool SegmentedCodeCache                       = true                                      {product} {ergonomic}
   size_t SoftMaxHeapSize                          = 2147483648                             {manageable} {ergonomic}
     bool UseCompressedOops                        = true                           {product lp64_product} {ergonomic}
     bool UseLargePagesIndividualAllocation        = false                                  {pd product} {ergonomic}
     bool UseParallelGC                            = true                                      {product} {command line}

Logging:
Log output configuration:
 #0: stdout all=off uptime,level,tags foldmultilines=false
 #1: stderr all=off uptime,level,tags foldmultilines=false

Release file:
JAVA_VERSION="21.0.10" 
MODULES="java.base java.compiler java.datatransfer java.xml java.prefs java.desktop java.instrument java.logging java.management java.security.sasl java.naming java.rmi java.management.rmi java.net.http java.scripting java.security.jgss java.transaction.xa java.sql java.sql.rowset java.xml.crypto java.se java.smartcardio jdk.accessibility jdk.internal.jvmstat jdk.attach jdk.charsets jdk.internal.opt jdk.zipfs jdk.compiler jdk.crypto.ec jdk.crypto.cryptoki jdk.crypto.mscapi jdk.dynalink jdk.internal.ed jdk.editpad jdk.hotspot.agent jdk.httpserver jdk.internal.le jdk.internal.vm.ci jdk.internal.vm.compiler jdk.internal.vm.compiler.management jdk.jartool jdk.javadoc jdk.jcmd jdk.management jdk.management.agent jdk.jconsole jdk.jdeps jdk.jdwp.agent jdk.jdi jdk.jfr jdk.jshell jdk.jsobject jdk.jstatd jdk.localedata jdk.management.jfr jdk.naming.dns jdk.naming.rmi jdk.net jdk.nio.mapmode jdk.random jdk.sctp jdk.security.auth jdk.security.jgss jdk.unsupported jdk.unsupported.desktop jdk.xml.dom" 

Environment Variables:
PATH=C:\Users\Hoang Anh\VS Code;C:\Users\Hoang Anh\AppData\Local\Programs\Python\Python313\Scripts\;C:\Users\Hoang Anh\AppData\Local\Programs\Python\Python313\;C:\Program Files\Common Files\Oracle\Java\javapath;C:\Program Files (x86)\Common Files\Oracle\Java\java8path;C:\Program Files (x86)\Common Files\Oracle\Java\javapath;C:\Users\Hoang Anh\VS Code\bin;C:\Program Files\Microsoft MPI\Bin\;C:\WINDOWS\system32;C:\WINDOWS;C:\WINDOWS\System32\Wbem;C:\WINDOWS\System32\WindowsPowerShell\v1.0\;C:\WINDOWS\System32\OpenSSH\;C:\Program Files (x86)\Microsoft SQL Server\160\Tools\Binn\;C:\Program Files\Microsoft SQL Server\160\Tools\Binn\;C:\Program Files\Microsoft SQL Server\Client SDK\ODBC\170\Tools\Binn\;C:\Program Files\Microsoft SQL Server\160\DTS\Binn\;C:\Program Files (x86)\Microsoft SQL Server\160\DTS\Binn\;C:\Program Files\dotnet\;C:\Program Files\Microsoft SQL Server\150\Tools\Binn\;E:\Git\cmd;C:\xampp\php;C:\ProgramData\ComposerSetup\bin;C:\flutter\bin;C:\Android\sdk\platform-tools;C:\ProgramData\chocolatey\bin;E:\nodejs\;C:\Program Files\Docker\Docker\resources\bin;e:\cursor\resources\app\codeBin;C:\Users\Hoang Anh\AppData\Local\Microsoft\WindowsApps;C:\Program Files\JetBrains\IntelliJ IDEA 2023.3.4\bin;;C:\Users\Hoang Anh\.dotnet\tools;C:\Users\Hoang Anh\VS Code\bin;C:\Users\Hoang Anh\AppData\Roaming\Composer\vendor\bin;C:\Users\Hoang Anh\AppData\Local\Pub\Cache\bin;E:\cursor\resources\app\bin;C:\Users\Hoang Anh\AppData\Roaming\npm;C:\Users\Hoang Anh\AppData\Local\GitHubDesktop\bin
USERNAME=Hoang Anh
OS=Windows_NT
PROCESSOR_IDENTIFIER=Intel64 Family 6 Model 78 Stepping 3, GenuineIntel
TMP=C:\Users\HOANGA~1\AppData\Local\Temp
TEMP=C:\Users\HOANGA~1\AppData\Local\Temp




Periodic native trim disabled

---------------  S Y S T E M  ---------------

OS:
 Windows 10 , 64 bit Build 19041 (10.0.19041.3636)
OS uptime: 0 days 2:00 hours
Hyper-V role detected

CPU: total 4 (initial active 4) (2 cores per cpu, 2 threads per core) family 6 model 78 stepping 3 microcode 0xd6, cx8, cmov, fxsr, ht, mmx, 3dnowpref, sse, sse2, sse3, ssse3, sse4.1, sse4.2, popcnt, lzcnt, tsc, tscinvbit, avx, avx2, aes, erms, clmul, bmi1, bmi2, adx, fma, vzeroupper, clflush, clflushopt, hv, rdtscp, f16c
Processor Information for the first 4 processors :
  Max Mhz: 2592, Current Mhz: 2492, Mhz Limit: 2488

Memory: 4k page, system-wide physical 8063M (497M free)
TotalPageFile size 13412M (AvailPageFile size 5M)
current process WorkingSet (physical memory assigned to process): 344M, peak: 369M
current process commit charge ("private bytes"): 401M, peak: 431M

vm_info: OpenJDK 64-Bit Server VM (21.0.10+7-LTS) for windows-amd64 JRE (21.0.10+7-LTS), built on 2026-01-20T00:00:00Z by "admin" with MS VC++ 17.12 (VS2022)

END.
