#
# There is insufficient memory for the Java Runtime Environment to continue.
# Native memory allocation (mmap) failed to map 65536 bytes. Error detail: Failed to commit metaspace.
# Possible reasons:
#   The system is out of physical RAM or swap space
#   This process is running with CompressedOops enabled, and the Java Heap may be blocking the growth of the native heap
# Possible solutions:
#   Reduce memory load on the system
#   Increase physical memory or swap space
#   Check if swap backing store is full
#   Decrease Java heap size (-Xmx/-Xms)
#   Decrease number of Java threads
#   Decrease Java thread stack sizes (-Xss)
#   Set larger code cache with -XX:ReservedCodeCacheSize=
#   JVM is running with Unscaled Compressed Oops mode in which the Java heap is
#     placed in the first 4GB address space. The Java Heap base address is the
#     maximum limit for the native heap growth. Please use -XX:HeapBaseMinAddress
#     to set the Java Heap base and to place the Java Heap above 4GB virtual address.
# This output file may be truncated or incomplete.
#
#  Out of Memory Error (virtualSpaceNode.cpp:113), pid=1020, tid=12796
#
# JRE version: OpenJDK Runtime Environment Temurin-21.0.10+7 (21.0.10+7) (build 21.0.10+7-LTS)
# Java VM: OpenJDK 64-Bit Server VM Temurin-21.0.10+7 (21.0.10+7-LTS, mixed mode, sharing, tiered, compressed oops, compressed class ptrs, parallel gc, windows-amd64)
# No core dump will be written. Minidumps are not enabled by default on client versions of Windows
#

---------------  S U M M A R Y ------------

Command Line: --add-modules=ALL-SYSTEM --add-opens=java.base/java.util=ALL-UNNAMED --add-opens=java.base/java.lang=ALL-UNNAMED --add-opens=java.base/sun.nio.fs=ALL-UNNAMED -Declipse.application=org.eclipse.jdt.ls.core.id1 -Dosgi.bundles.defaultStartLevel=4 -Declipse.product=org.eclipse.jdt.ls.core.product -Djava.import.generatesMetadataFilesAtProjectRoot=false -DDetectVMInstallationsJob.disabled=true -Dfile.encoding=utf8 -XX:+UseParallelGC -XX:GCTimeRatio=4 -XX:AdaptiveSizePolicyWeight=90 -Dsun.zip.disableMemoryMapping=true -Xmx2G -Xms100m -Xlog:disable -javaagent:c:\Users\Hoang Anh\.vscode\extensions\redhat.java-1.53.0-win32-x64\lombok\lombok-1.18.39-4050.jar c:\Users\Hoang Anh\.vscode\extensions\redhat.java-1.53.0-win32-x64\server\plugins\org.eclipse.equinox.launcher_1.7.100.v20251111-0406.jar -configuration c:\Users\Hoang Anh\AppData\Roaming\Code\User\globalStorage\redhat.java\1.53.0\config_ss_win -data c:\Users\Hoang Anh\AppData\Roaming\Code\User\workspaceStorage\353763c45bab8f2b146ef728505f567b\redhat.java\ss_ws --pipe=\\.\pipe\lsp-98347f27168839a253ff4f1b80e9ea85-sock

Host: Intel(R) Core(TM) i7-6500U CPU @ 2.50GHz, 4 cores, 7G,  Windows 10 , 64 bit Build 19041 (10.0.19041.3636)
Time: Sat Mar 14 20:46:53 2026 SE Asia Standard Time elapsed time: 2.458915 seconds (0d 0h 0m 2s)

---------------  T H R E A D  ---------------

Current thread (0x000001c3968d8c40):  JavaThread "main"             [_thread_in_vm, id=12796, stack(0x0000007ce9f00000,0x0000007cea000000) (1024K)]

Stack: [0x0000007ce9f00000,0x0000007cea000000]
Native frames: (J=compiled Java code, j=interpreted, Vv=VM code, C=native code)
V  [jvm.dll+0x6d7a39]
V  [jvm.dll+0x8b4b26]
V  [jvm.dll+0x8b70de]
V  [jvm.dll+0x8b77c3]
V  [jvm.dll+0x284346]
V  [jvm.dll+0x8b086e]
V  [jvm.dll+0x679444]
V  [jvm.dll+0x1e82bb]
V  [jvm.dll+0x1e807e]
V  [jvm.dll+0x67bd42]
V  [jvm.dll+0x67bb72]
V  [jvm.dll+0x679e1e]
V  [jvm.dll+0x26f614]
V  [jvm.dll+0x219f3f]
V  [jvm.dll+0x20f62e]
V  [jvm.dll+0x5b644f]
V  [jvm.dll+0x82ead6]
V  [jvm.dll+0x478db8]
V  [jvm.dll+0x47ebe8]
C  [java.dll+0x17ec]

Java frames: (J=compiled Java code, j=interpreted, Vv=VM code)
j  java.lang.ClassLoader.defineClass1(Ljava/lang/ClassLoader;Ljava/lang/String;[BIILjava/security/ProtectionDomain;Ljava/lang/String;)Ljava/lang/Class;+0 java.base@21.0.10
j  java.lang.ClassLoader.defineClass(Ljava/lang/String;[BIILjava/security/ProtectionDomain;)Ljava/lang/Class;+27 java.base@21.0.10
j  java.security.SecureClassLoader.defineClass(Ljava/lang/String;[BIILjava/security/CodeSource;)Ljava/lang/Class;+12 java.base@21.0.10
j  java.net.URLClassLoader.defineClass(Ljava/lang/String;Ljdk/internal/loader/Resource;)Ljava/lang/Class;+220 java.base@21.0.10
j  java.net.URLClassLoader$1.run()Ljava/lang/Class;+43 java.base@21.0.10
j  java.net.URLClassLoader$1.run()Ljava/lang/Object;+1 java.base@21.0.10
j  java.security.AccessController.executePrivileged(Ljava/security/PrivilegedExceptionAction;Ljava/security/AccessControlContext;Ljava/lang/Class;)Ljava/lang/Object;+29 java.base@21.0.10
j  java.security.AccessController.doPrivileged(Ljava/security/PrivilegedExceptionAction;Ljava/security/AccessControlContext;)Ljava/lang/Object;+13 java.base@21.0.10
j  java.net.URLClassLoader.findClass(Ljava/lang/String;)Ljava/lang/Class;+13 java.base@21.0.10
j  java.lang.ClassLoader.loadClass(Ljava/lang/String;Z)Ljava/lang/Class;+69 java.base@21.0.10
J 1016 c1 java.lang.ClassLoader.loadClass(Ljava/lang/String;)Ljava/lang/Class; java.base@21.0.10 (7 bytes) @ 0x000001c399c823d4 [0x000001c399c822c0+0x0000000000000114]
v  ~StubRoutines::call_stub 0x000001c3a101100d
j  org.eclipse.osgi.internal.framework.EquinoxConfiguration.<init>(Ljava/util/Map;Lorg/eclipse/osgi/internal/hookregistry/HookRegistry;)V+148
j  org.eclipse.osgi.internal.framework.EquinoxContainer.<init>(Ljava/util/Map;Lorg/osgi/framework/connect/ModuleConnector;)V+82
j  org.eclipse.osgi.launch.Equinox.<init>(Ljava/util/Map;Lorg/osgi/framework/connect/ModuleConnector;)V+10
j  org.eclipse.osgi.launch.Equinox.<init>(Ljava/util/Map;)V+3
j  org.eclipse.core.runtime.adaptor.EclipseStarter.startup([Ljava/lang/String;Ljava/lang/Runnable;)Lorg/osgi/framework/BundleContext;+28
j  org.eclipse.core.runtime.adaptor.EclipseStarter.run([Ljava/lang/String;Ljava/lang/Runnable;)Ljava/lang/Object;+21
j  java.lang.invoke.DirectMethodHandle$Holder.invokeStatic(Ljava/lang/Object;Ljava/lang/Object;Ljava/lang/Object;)Ljava/lang/Object;+11 java.base@21.0.10
j  java.lang.invoke.LambdaForm$MH+0x000001c3af08a800.invoke(Ljava/lang/Object;Ljava/lang/Object;Ljava/lang/Object;Ljava/lang/Object;)Ljava/lang/Object;+54 java.base@21.0.10
j  java.lang.invoke.LambdaForm$MH+0x000001c3af002c00.invokeExact_MT(Ljava/lang/Object;Ljava/lang/Object;Ljava/lang/Object;Ljava/lang/Object;Ljava/lang/Object;)Ljava/lang/Object;+22 java.base@21.0.10
j  jdk.internal.reflect.DirectMethodHandleAccessor.invokeImpl(Ljava/lang/Object;[Ljava/lang/Object;)Ljava/lang/Object;+72 java.base@21.0.10
j  jdk.internal.reflect.DirectMethodHandleAccessor.invoke(Ljava/lang/Object;[Ljava/lang/Object;)Ljava/lang/Object;+23 java.base@21.0.10
j  java.lang.reflect.Method.invoke(Ljava/lang/Object;[Ljava/lang/Object;)Ljava/lang/Object;+102 java.base@21.0.10
j  org.eclipse.equinox.launcher.Main.invokeFramework([Ljava/lang/String;[Ljava/net/URL;)V+155
j  org.eclipse.equinox.launcher.Main.basicRun([Ljava/lang/String;)V+191
j  org.eclipse.equinox.launcher.Main.run([Ljava/lang/String;)I+4
j  org.eclipse.equinox.launcher.Main.main([Ljava/lang/String;)V+10
v  ~StubRoutines::call_stub 0x000001c3a101100d

Compiled method (c1) 2515 1016       3       java.lang.ClassLoader::loadClass (7 bytes)
 total in heap  [0x000001c399c82110,0x000001c399c82500] = 1008
 relocation     [0x000001c399c82270,0x000001c399c822b0] = 64
 main code      [0x000001c399c822c0,0x000001c399c82450] = 400
 stub code      [0x000001c399c82450,0x000001c399c82498] = 72
 metadata       [0x000001c399c82498,0x000001c399c824a0] = 8
 scopes data    [0x000001c399c824a0,0x000001c399c824b8] = 24
 scopes pcs     [0x000001c399c824b8,0x000001c399c824f8] = 64
 dependencies   [0x000001c399c824f8,0x000001c399c82500] = 8

[Constant Pool (empty)]

[MachCode]
[Entry Point]
  # {method} {0x000001c3ae0143f0} 'loadClass' '(Ljava/lang/String;)Ljava/lang/Class;' in 'java/lang/ClassLoader'
  # this:     rdx:rdx   = 'java/lang/ClassLoader'
  # parm0:    r8:r8     = 'java/lang/String'
  #           [sp+0x40]  (sp of caller)
  0x000001c399c822c0: 448b 5208 | 49bb 0000 | 00ae c301 | 0000 4d03 | d34c 3bd0 

  0x000001c399c822d4: ;   {runtime_call ic_miss_stub}
  0x000001c399c822d4: 0f85 a6c1 | 3d07 660f | 1f44 0000 
[Verified Entry Point]
  0x000001c399c822e0: 8984 2400 | 80ff ff55 | 4883 ec30 | 4181 7f20 | 0100 0000 

  0x000001c399c822f4: ;   {runtime_call StubRoutines (final stubs)}
  0x000001c399c822f4: 7405 e8e5 

  0x000001c399c822f8: ;   {metadata(method data for {method} {0x000001c3ae0143f0} 'loadClass' '(Ljava/lang/String;)Ljava/lang/Class;' in 'java/lang/ClassLoader')}
  0x000001c399c822f8: 663c 0749 | b938 2f2b | efc3 0100 | 0041 8bb1 | cc00 0000 | 83c6 0241 | 89b1 cc00 | 0000 81e6 
  0x000001c399c82318: fe07 0000 | 85f6 0f84 | cb00 0000 

  0x000001c399c82324: ;   {metadata(method data for {method} {0x000001c3ae0143f0} 'loadClass' '(Ljava/lang/String;)Ljava/lang/Class;' in 'java/lang/ClassLoader')}
  0x000001c399c82324: 4c8b ca48 | be38 2f2b | efc3 0100 | 0045 8b49 | 0849 ba00 | 0000 aec3 | 0100 004d | 03ca 4c3b 
  0x000001c399c82344: 8e20 0100 | 0075 0d48 | 8386 2801 | 0000 01e9 | 6000 0000 | 4c3b 8e30 | 0100 0075 | 0d48 8386 
  0x000001c399c82364: 3801 0000 | 01e9 4a00 | 0000 4883 | be20 0100 | 0000 7517 | 4c89 8e20 | 0100 0048 | c786 2801 
  0x000001c399c82384: 0000 0100 | 0000 e929 | 0000 0048 | 83be 3001 | 0000 0075 | 174c 898e | 3001 0000 | 48c7 8638 
  0x000001c399c823a4: 0100 0001 | 0000 00e9 | 0800 0000 | 4883 8610 | 0100 0001 | 41b9 0000 | 0000 0f1f | 8000 0000 
  0x000001c399c823c4: 0048 b8a0 | 2051 f3c3 

  0x000001c399c823cc: ;   {virtual_call}
  0x000001c399c823cc: 0100 00e8 

  0x000001c399c823d0: ; ImmutableOopMap {}
                      ;*invokevirtual loadClass {reexecute=0 rethrow=0 return_oop=0}
                      ; - java.lang.ClassLoader::loadClass@3
  0x000001c399c823d0: 6571 3d07 

  0x000001c399c823d4: ;   {other}
  0x000001c399c823d4: 0f1f 8400 | c402 0000 | 4883 c430 

  0x000001c399c823e0: ;   {poll_return}
  0x000001c399c823e0: 5d49 3ba7 | 5004 0000 | 0f87 2200 

  0x000001c399c823ec: ;   {metadata({method} {0x000001c3ae0143f0} 'loadClass' '(Ljava/lang/String;)Ljava/lang/Class;' in 'java/lang/ClassLoader')}
  0x000001c399c823ec: 0000 c349 | bae8 4301 | aec3 0100 | 004c 8954 | 2408 48c7 | 0424 ffff 

  0x000001c399c82404: ;   {runtime_call counter_overflow Runtime1 stub}
  0x000001c399c82404: ffff e8f5 

  0x000001c399c82408: ; ImmutableOopMap {rdx=Oop r8=Oop }
                      ;*synchronization entry
                      ; - java.lang.ClassLoader::loadClass@-1
  0x000001c399c82408: 1f49 07e9 | 14ff ffff 

  0x000001c399c82410: ;   {internal_word}
  0x000001c399c82410: 49ba e123 | c899 c301 | 0000 4d89 | 9768 0400 

  0x000001c399c82420: ;   {runtime_call SafepointBlob}
  0x000001c399c82420: 00e9 da26 | 3e07 498b | 8700 0500 | 0049 c787 | 0005 0000 | 0000 0000 | 49c7 8708 | 0500 0000 
  0x000001c399c82440: 0000 0048 | 83c4 305d 

  0x000001c399c82448: ;   {runtime_call unwind_exception Runtime1 stub}
  0x000001c399c82448: e9b3 9e48 | 07f4 f4f4 
[Stub Code]
  0x000001c399c82450: ;   {no_reloc}
  0x000001c399c82450: 0f1f 4400 

  0x000001c399c82454: ;   {static_stub}
  0x000001c399c82454: 0048 bb00 | 0000 0000 

  0x000001c399c8245c: ;   {runtime_call nmethod}
  0x000001c399c8245c: 0000 00e9 | fbff ffff 
[Exception Handler]
  0x000001c399c82464: ;   {runtime_call handle_exception_from_callee Runtime1 stub}
  0x000001c399c82464: e897 e048 

  0x000001c399c82468: ;   {external_word}
  0x000001c399c82468: 0748 b940 | 53c7 d7fb | 7f00 0048 

  0x000001c399c82474: ;   {runtime_call}
  0x000001c399c82474: 83e4 f048 | b8b0 c389 | d7fb 7f00 | 00ff d0f4 
[Deopt Handler Code]
  0x000001c399c82484: ;   {section_word}
  0x000001c399c82484: 49ba 8424 | c899 c301 | 0000 4152 

  0x000001c399c82490: ;   {runtime_call DeoptimizationBlob}
  0x000001c399c82490: e90b 193e | 07f4 f4f4 
[/MachCode]


---------------  P R O C E S S  ---------------

Threads class SMR info:
_java_thread_list=0x000001c3f3511ad0, length=11, elements={
0x000001c3968d8c40, 0x000001c3ad2c36f0, 0x000001c3ad2c4860, 0x000001c3ad2c6940,
0x000001c3ad2c7ae0, 0x000001c3ad2caac0, 0x000001c3ad2d7060, 0x000001c3ad2da060,
0x000001c3ad2dad60, 0x000001c3f31371d0, 0x000001c3f3135e20
}

Java Threads: ( => current thread )
=>0x000001c3968d8c40 JavaThread "main"                              [_thread_in_vm, id=12796, stack(0x0000007ce9f00000,0x0000007cea000000) (1024K)]
  0x000001c3ad2c36f0 JavaThread "Reference Handler"          daemon [_thread_blocked, id=4616, stack(0x0000007cea300000,0x0000007cea400000) (1024K)]
  0x000001c3ad2c4860 JavaThread "Finalizer"                  daemon [_thread_blocked, id=15120, stack(0x0000007cea400000,0x0000007cea500000) (1024K)]
  0x000001c3ad2c6940 JavaThread "Signal Dispatcher"          daemon [_thread_blocked, id=12368, stack(0x0000007cea500000,0x0000007cea600000) (1024K)]
  0x000001c3ad2c7ae0 JavaThread "Attach Listener"            daemon [_thread_blocked, id=8948, stack(0x0000007cea600000,0x0000007cea700000) (1024K)]
  0x000001c3ad2caac0 JavaThread "Service Thread"             daemon [_thread_blocked, id=6288, stack(0x0000007cea700000,0x0000007cea800000) (1024K)]
  0x000001c3ad2d7060 JavaThread "Monitor Deflation Thread"   daemon [_thread_blocked, id=5476, stack(0x0000007cea800000,0x0000007cea900000) (1024K)]
  0x000001c3ad2da060 JavaThread "C2 CompilerThread0"         daemon [_thread_blocked, id=10116, stack(0x0000007cea900000,0x0000007ceaa00000) (1024K)]
  0x000001c3ad2dad60 JavaThread "C1 CompilerThread0"         daemon [_thread_blocked, id=6220, stack(0x0000007ceaa00000,0x0000007ceab00000) (1024K)]
  0x000001c3f31371d0 JavaThread "Common-Cleaner"             daemon [_thread_blocked, id=8172, stack(0x0000007ceab00000,0x0000007ceac00000) (1024K)]
  0x000001c3f3135e20 JavaThread "Notification Thread"        daemon [_thread_blocked, id=13756, stack(0x0000007ceac00000,0x0000007cead00000) (1024K)]
Total: 11

Other Threads:
  0x000001c3969945b0 VMThread "VM Thread"                           [id=14608, stack(0x0000007cea200000,0x0000007cea300000) (1024K)]
  0x000001c3945ce0b0 WatcherThread "VM Periodic Task Thread"        [id=14208, stack(0x0000007cea100000,0x0000007cea200000) (1024K)]
  0x000001c3968f9ef0 WorkerThread "GC Thread#0"                     [id=2568, stack(0x0000007cea000000,0x0000007cea100000) (1024K)]
  0x000001c3f38d55c0 WorkerThread "GC Thread#1"                     [id=6648, stack(0x0000007cead00000,0x0000007ceae00000) (1024K)]
  0x000001c3f352f110 WorkerThread "GC Thread#2"                     [id=368, stack(0x0000007ceae00000,0x0000007ceaf00000) (1024K)]
  0x000001c3f352f4c0 WorkerThread "GC Thread#3"                     [id=9352, stack(0x0000007ceaf00000,0x0000007ceb000000) (1024K)]
Total: 6

Threads with active compile tasks:
Total: 0

VM state: not at safepoint (normal execution)

VM Mutex/Monitor currently owned by a thread:  ([mutex/lock_event])
[0x00007ffbd7f2c4e0] Metaspace_lock - owner thread: 0x000001c3968d8c40

Heap address: 0x0000000080000000, size: 2048 MB, Compressed Oops mode: 32-bit

CDS archive(s) mapped at: [0x000001c3ae000000-0x000001c3aeba0000-0x000001c3aeba0000), size 12189696, SharedBaseAddress: 0x000001c3ae000000, ArchiveRelocationMode: 1.
Compressed class space mapped at: 0x000001c3af000000-0x000001c3ef000000, reserved size: 1073741824
Narrow klass base: 0x000001c3ae000000, Narrow klass shift: 0, Narrow klass range: 0x100000000

GC Precious Log:
 CardTable entry size: 512
 CPUs: 4 total, 4 available
 Memory: 8063M
 Large Page Support: Disabled
 NUMA Support: Disabled
 Compressed Oops: Enabled (32-bit)
 Alignments: Space 512K, Generation 512K, Heap 2M
 Heap Min Capacity: 100M
 Heap Initial Capacity: 100M
 Heap Max Capacity: 2G
 Pre-touch: Disabled
 Parallel Workers: 4

Heap:
 PSYoungGen      total 29696K, used 3804K [0x00000000d5580000, 0x00000000d7680000, 0x0000000100000000)
  eden space 25600K, 1% used [0x00000000d5580000,0x00000000d55fd418,0x00000000d6e80000)
  from space 4096K, 80% used [0x00000000d6e80000,0x00000000d71b9e98,0x00000000d7280000)
  to   space 4096K, 0% used [0x00000000d7280000,0x00000000d7280000,0x00000000d7680000)
 ParOldGen       total 68608K, used 8K [0x0000000080000000, 0x0000000084300000, 0x00000000d5580000)
  object space 68608K, 0% used [0x0000000080000000,0x0000000080002000,0x0000000084300000)
 Metaspace       used 4408K, committed 4608K, reserved 1114112K
  class space    used 475K, committed 576K, reserved 1048576K

Card table byte_map: [0x000001c3962b0000,0x000001c3966c0000] _byte_map_base: 0x000001c395eb0000

Marking Bits: (ParMarkBitMap*) 0x00007ffbd7f33450
 Begin Bits: [0x000001c3a8d90000, 0x000001c3aad90000)
 End Bits:   [0x000001c3aad90000, 0x000001c3acd90000)

Polling page: 0x000001c3960a0000

Metaspace:

Usage:
  Non-class:      3.84 MB used.
      Class:    475.84 KB used.
       Both:      4.30 MB used.

Virtual space:
  Non-class space:       64.00 MB reserved,       3.94 MB (  6%) committed,  1 nodes.
      Class space:        1.00 GB reserved,     576.00 KB ( <1%) committed,  1 nodes.
             Both:        1.06 GB reserved,       4.50 MB ( <1%) committed. 

Chunk freelists:
   Non-Class:  11.11 MB
       Class:  15.44 MB
        Both:  26.55 MB

MaxMetaspaceSize: unlimited
CompressedClassSpaceSize: 1.00 GB
Initial GC threshold: 21.00 MB
Current GC threshold: 21.00 MB
CDS: on
 - commit_granule_bytes: 65536.
 - commit_granule_words: 8192.
 - virtual_space_node_default_size: 8388608.
 - enlarge_chunks_in_place: 1.
 - use_allocation_guard: 0.


Internal statistics:

num_allocs_failed_limit: 0.
num_arena_births: 184.
num_arena_deaths: 0.
num_vsnodes_births: 2.
num_vsnodes_deaths: 0.
num_space_committed: 72.
num_space_uncommitted: 0.
num_chunks_returned_to_freelist: 0.
num_chunks_taken_from_freelist: 252.
num_chunk_merges: 0.
num_chunk_splits: 161.
num_chunks_enlarged: 92.
num_inconsistent_stats: 0.

CodeHeap 'non-profiled nmethods': size=120000Kb used=443Kb max_used=443Kb free=119557Kb
 bounds [0x000001c3a15b0000, 0x000001c3a1820000, 0x000001c3a8ae0000]
CodeHeap 'profiled nmethods': size=120000Kb used=1780Kb max_used=1780Kb free=118219Kb
 bounds [0x000001c399ae0000, 0x000001c399d50000, 0x000001c3a1010000]
CodeHeap 'non-nmethods': size=5760Kb used=1195Kb max_used=1224Kb free=4564Kb
 bounds [0x000001c3a1010000, 0x000001c3a1280000, 0x000001c3a15b0000]
CodeCache: size=245760Kb, used=3418Kb, max_used=3447Kb, free=242340Kb
 total_blobs=1554, nmethods=1099, adapters=362, full_count=0
Compilation: enabled, stopped_count=0, restarted_count=0

Compilation events (20 events):
Event: 2.411 Thread 0x000001c3ad2dad60 nmethod 1089 0x000001c3a161d890 code [0x000001c3a161da20, 0x000001c3a161daf0]
Event: 2.411 Thread 0x000001c3ad2dad60 1090       3       java.util.ArrayDeque::elementAt (4 bytes)
Event: 2.411 Thread 0x000001c3ad2dad60 nmethod 1090 0x000001c399c9a790 code [0x000001c399c9a920, 0x000001c399c9aa38]
Event: 2.413 Thread 0x000001c3ad2dad60 1091       3       jdk.internal.loader.BuiltinClassLoader::loadClass (22 bytes)
Event: 2.413 Thread 0x000001c3ad2dad60 nmethod 1091 0x000001c399c9ab10 code [0x000001c399c9ace0, 0x000001c399c9af98]
Event: 2.415 Thread 0x000001c3ad2dad60 1092       3       java.util.ArrayDeque::pollFirst (36 bytes)
Event: 2.415 Thread 0x000001c3ad2dad60 nmethod 1092 0x000001c399c9b090 code [0x000001c399c9b260, 0x000001c399c9b610]
Event: 2.441 Thread 0x000001c3ad2dad60 1094       1       java.util.Collections$EmptyIterator::hasNext (2 bytes)
Event: 2.441 Thread 0x000001c3ad2dad60 nmethod 1094 0x000001c3a161df90 code [0x000001c3a161e120, 0x000001c3a161e1e8]
Event: 2.445 Thread 0x000001c3ad2dad60 1095       1       java.util.zip.ZipEntry::getSize (5 bytes)
Event: 2.445 Thread 0x000001c3ad2dad60 nmethod 1095 0x000001c3a161e290 code [0x000001c3a161e420, 0x000001c3a161e4e8]
Event: 2.453 Thread 0x000001c3ad2da060 1096       4       java.lang.String::startsWith (7 bytes)
Event: 2.453 Thread 0x000001c3ad2dad60 1097       3       java.util.Properties::getProperty (50 bytes)
Event: 2.454 Thread 0x000001c3ad2dad60 nmethod 1097 0x000001c399c9b790 code [0x000001c399c9b980, 0x000001c399c9be70]
Event: 2.454 Thread 0x000001c3ad2dad60 1098       3       java.lang.StringBuilder::<init> (6 bytes)
Event: 2.454 Thread 0x000001c3ad2dad60 nmethod 1098 0x000001c399c9bf90 code [0x000001c399c9c140, 0x000001c399c9c278]
Event: 2.454 Thread 0x000001c3ad2dad60 1099       3       java.lang.AbstractStringBuilder::<init> (63 bytes)
Event: 2.455 Thread 0x000001c3ad2dad60 nmethod 1099 0x000001c399c9c310 code [0x000001c399c9c520, 0x000001c399c9cb88]
Event: 2.455 Thread 0x000001c3ad2dad60 1100       3       java.lang.StringBuilder::append (6 bytes)
Event: 2.455 Thread 0x000001c3ad2dad60 nmethod 1100 0x000001c399c9ce10 code [0x000001c399c9cfc0, 0x000001c399c9d170]

GC Heap History (2 events):
Event: 2.426 GC heap before
{Heap before GC invocations=1 (full 0):
 PSYoungGen      total 29696K, used 25600K [0x00000000d5580000, 0x00000000d7680000, 0x0000000100000000)
  eden space 25600K, 100% used [0x00000000d5580000,0x00000000d6e80000,0x00000000d6e80000)
  from space 4096K, 0% used [0x00000000d7280000,0x00000000d7280000,0x00000000d7680000)
  to   space 4096K, 0% used [0x00000000d6e80000,0x00000000d6e80000,0x00000000d7280000)
 ParOldGen       total 68608K, used 0K [0x0000000080000000, 0x0000000084300000, 0x00000000d5580000)
  object space 68608K, 0% used [0x0000000080000000,0x0000000080000000,0x0000000084300000)
 Metaspace       used 4377K, committed 4608K, reserved 1114112K
  class space    used 474K, committed 576K, reserved 1048576K
}
Event: 2.438 GC heap after
{Heap after GC invocations=1 (full 0):
 PSYoungGen      total 29696K, used 3303K [0x00000000d5580000, 0x00000000d7680000, 0x0000000100000000)
  eden space 25600K, 0% used [0x00000000d5580000,0x00000000d5580000,0x00000000d6e80000)
  from space 4096K, 80% used [0x00000000d6e80000,0x00000000d71b9e98,0x00000000d7280000)
  to   space 4096K, 0% used [0x00000000d7280000,0x00000000d7280000,0x00000000d7680000)
 ParOldGen       total 68608K, used 8K [0x0000000080000000, 0x0000000084300000, 0x00000000d5580000)
  object space 68608K, 0% used [0x0000000080000000,0x0000000080002000,0x0000000084300000)
 Metaspace       used 4377K, committed 4608K, reserved 1114112K
  class space    used 474K, committed 576K, reserved 1048576K
}

Dll operation events (8 events):
Event: 0.012 Loaded shared library c:\Users\Hoang Anh\.vscode\extensions\redhat.java-1.53.0-win32-x64\jre\21.0.10-win32-x86_64\bin\java.dll
Event: 0.099 Loaded shared library c:\Users\Hoang Anh\.vscode\extensions\redhat.java-1.53.0-win32-x64\jre\21.0.10-win32-x86_64\bin\zip.dll
Event: 0.141 Loaded shared library C:\Users\Hoang Anh\.vscode\extensions\redhat.java-1.53.0-win32-x64\jre\21.0.10-win32-x86_64\bin\instrument.dll
Event: 0.150 Loaded shared library C:\Users\Hoang Anh\.vscode\extensions\redhat.java-1.53.0-win32-x64\jre\21.0.10-win32-x86_64\bin\net.dll
Event: 0.154 Loaded shared library C:\Users\Hoang Anh\.vscode\extensions\redhat.java-1.53.0-win32-x64\jre\21.0.10-win32-x86_64\bin\nio.dll
Event: 0.157 Loaded shared library C:\Users\Hoang Anh\.vscode\extensions\redhat.java-1.53.0-win32-x64\jre\21.0.10-win32-x86_64\bin\zip.dll
Event: 0.185 Loaded shared library C:\Users\Hoang Anh\.vscode\extensions\redhat.java-1.53.0-win32-x64\jre\21.0.10-win32-x86_64\bin\jimage.dll
Event: 0.376 Loaded shared library c:\Users\Hoang Anh\.vscode\extensions\redhat.java-1.53.0-win32-x64\jre\21.0.10-win32-x86_64\bin\verify.dll

Deoptimization events (20 events):
Event: 2.307 Thread 0x000001c3968d8c40 DEOPT PACKING pc=0x000001c399c64431 sp=0x0000007ce9ffde20
Event: 2.307 Thread 0x000001c3968d8c40 DEOPT UNPACKING pc=0x000001c3a1064242 sp=0x0000007ce9ffd298 mode 0
Event: 2.308 Thread 0x000001c3968d8c40 DEOPT PACKING pc=0x000001c399c64431 sp=0x0000007ce9ffde20
Event: 2.308 Thread 0x000001c3968d8c40 DEOPT UNPACKING pc=0x000001c3a1064242 sp=0x0000007ce9ffd298 mode 0
Event: 2.320 Thread 0x000001c3968d8c40 Uncommon trap: trap_request=0xffffff45 fr.pc=0x000001c3a15f72e0 relative=0x00000000000000c0
Event: 2.321 Thread 0x000001c3968d8c40 Uncommon trap: reason=unstable_if action=reinterpret pc=0x000001c3a15f72e0 method=java.lang.invoke.VarHandle.checkAccessModeThenIsDirect(Ljava/lang/invoke/VarHandle$AccessDescriptor;)Z @ 4 c2
Event: 2.321 Thread 0x000001c3968d8c40 DEOPT PACKING pc=0x000001c3a15f72e0 sp=0x0000007ce9ffd9a0
Event: 2.321 Thread 0x000001c3968d8c40 DEOPT UNPACKING pc=0x000001c3a1063aa2 sp=0x0000007ce9ffd950 mode 2
Event: 2.454 Thread 0x000001c3968d8c40 Uncommon trap: trap_request=0xffffffde fr.pc=0x000001c3a15f0bd4 relative=0x00000000000005b4
Event: 2.454 Thread 0x000001c3968d8c40 Uncommon trap: reason=class_check action=maybe_recompile pc=0x000001c3a15f0bd4 method=java.util.Collections$UnmodifiableCollection$1.<init>(Ljava/util/Collections$UnmodifiableCollection;)V @ 17 c2
Event: 2.454 Thread 0x000001c3968d8c40 DEOPT PACKING pc=0x000001c3a15f0bd4 sp=0x0000007ce9ffe9f0
Event: 2.454 Thread 0x000001c3968d8c40 DEOPT UNPACKING pc=0x000001c3a1063aa2 sp=0x0000007ce9ffe938 mode 2
Event: 2.454 Thread 0x000001c3968d8c40 Uncommon trap: trap_request=0xffffffc6 fr.pc=0x000001c3a15ee904 relative=0x00000000000002c4
Event: 2.454 Thread 0x000001c3968d8c40 Uncommon trap: reason=bimorphic_or_optimized_type_check action=maybe_recompile pc=0x000001c3a15ee904 method=java.util.Collections$UnmodifiableCollection$1.next()Ljava/lang/Object; @ 4 c2
Event: 2.454 Thread 0x000001c3968d8c40 DEOPT PACKING pc=0x000001c3a15ee904 sp=0x0000007ce9ffea00
Event: 2.454 Thread 0x000001c3968d8c40 DEOPT UNPACKING pc=0x000001c3a1063aa2 sp=0x0000007ce9ffe9b0 mode 2
Event: 2.455 Thread 0x000001c3968d8c40 Uncommon trap: trap_request=0xffffffc6 fr.pc=0x000001c3a15ee904 relative=0x00000000000002c4
Event: 2.455 Thread 0x000001c3968d8c40 Uncommon trap: reason=bimorphic_or_optimized_type_check action=maybe_recompile pc=0x000001c3a15ee904 method=java.util.Collections$UnmodifiableCollection$1.next()Ljava/lang/Object; @ 4 c2
Event: 2.455 Thread 0x000001c3968d8c40 DEOPT PACKING pc=0x000001c3a15ee904 sp=0x0000007ce9ffea00
Event: 2.455 Thread 0x000001c3968d8c40 DEOPT UNPACKING pc=0x000001c3a1063aa2 sp=0x0000007ce9ffe9b0 mode 2

Classes loaded (20 events):
Event: 2.321 Loading class jdk/internal/logger/SimpleConsoleLogger done
Event: 2.321 Loading class jdk/internal/logger/SurrogateLogger done
Event: 2.322 Loading class sun/util/logging/PlatformLogger
Event: 2.322 Loading class sun/util/logging/PlatformLogger done
Event: 2.322 Loading class sun/util/logging/PlatformLogger$Level
Event: 2.322 Loading class sun/util/logging/PlatformLogger$Level done
Event: 2.400 Loading class java/io/BufferedReader
Event: 2.401 Loading class java/io/BufferedReader done
Event: 2.401 Loading class sun/nio/cs/StreamDecoder
Event: 2.401 Loading class sun/nio/cs/StreamDecoder done
Event: 2.418 Loading class java/util/UUID
Event: 2.418 Loading class java/util/UUID done
Event: 2.418 Loading class java/util/concurrent/atomic/AtomicBoolean
Event: 2.419 Loading class java/util/concurrent/atomic/AtomicBoolean done
Event: 2.419 Loading class java/lang/invoke/VarHandleInts$FieldInstanceReadWrite
Event: 2.419 Loading class java/lang/invoke/VarHandleInts$FieldInstanceReadOnly
Event: 2.419 Loading class java/lang/invoke/VarHandleInts$FieldInstanceReadOnly done
Event: 2.419 Loading class java/lang/invoke/VarHandleInts$FieldInstanceReadWrite done
Event: 2.446 Loading class java/nio/file/FileVisitor
Event: 2.446 Loading class java/nio/file/FileVisitor done

Classes unloaded (0 events):
No events

Classes redefined (0 events):
No events

Internal exceptions (20 events):
Event: 0.285 Thread 0x000001c3968d8c40 Exception <a 'java/lang/NoSuchMethodError'{0x00000000d5a14330}: 'void java.lang.invoke.DelegatingMethodHandle$Holder.delegate(java.lang.Object, java.lang.Object, int, java.lang.Object)'> (0x00000000d5a14330) 
thrown [s\src\hotspot\share\interpreter\linkResolver.cpp, line 773]
Event: 0.441 Thread 0x000001c3968d8c40 Exception <a 'java/lang/NoSuchMethodError'{0x00000000d5be1470}: 'void java.lang.invoke.DelegatingMethodHandle$Holder.reinvoke_L(java.lang.Object, java.lang.Object, java.lang.Object, int)'> (0x00000000d5be1470) 
thrown [s\src\hotspot\share\interpreter\linkResolver.cpp, line 773]
Event: 0.849 Thread 0x000001c3968d8c40 Exception <a 'java/lang/NoSuchMethodError'{0x00000000d607b2e8}: 'void java.lang.invoke.DirectMethodHandle$Holder.invokeVirtual(java.lang.Object, java.lang.Object)'> (0x00000000d607b2e8) 
thrown [s\src\hotspot\share\interpreter\linkResolver.cpp, line 773]
Event: 1.260 Thread 0x000001c3968d8c40 Exception <a 'java/lang/NoSuchMethodError'{0x00000000d6457090}: 'void java.lang.invoke.DirectMethodHandle$Holder.invokeStatic(java.lang.Object, java.lang.Object)'> (0x00000000d6457090) 
thrown [s\src\hotspot\share\interpreter\linkResolver.cpp, line 773]
Event: 1.267 Thread 0x000001c3968d8c40 Exception <a 'java/lang/ClassNotFoundException'{0x00000000d647ca90}: sun/net/www/protocol/c/Handler> (0x00000000d647ca90) 
thrown [s\src\hotspot\share\classfile\systemDictionary.cpp, line 312]
Event: 1.373 Thread 0x000001c3968d8c40 Exception <a 'java/io/FileNotFoundException'{0x00000000d64d9a48}> (0x00000000d64d9a48) 
thrown [s\src\hotspot\share\prims\jni.cpp, line 520]
Event: 1.374 Thread 0x000001c3968d8c40 Exception <a 'java/io/FileNotFoundException'{0x00000000d64dad80}> (0x00000000d64dad80) 
thrown [s\src\hotspot\share\prims\jni.cpp, line 520]
Event: 1.374 Thread 0x000001c3968d8c40 Exception <a 'java/io/FileNotFoundException'{0x00000000d64dba08}> (0x00000000d64dba08) 
thrown [s\src\hotspot\share\prims\jni.cpp, line 520]
Event: 1.375 Thread 0x000001c3968d8c40 Exception <a 'java/io/FileNotFoundException'{0x00000000d64dc578}> (0x00000000d64dc578) 
thrown [s\src\hotspot\share\prims\jni.cpp, line 520]
Event: 1.380 Thread 0x000001c3968d8c40 Implicit null exception at 0x000001c3a15e25a4 to 0x000001c3a15e2b70
Event: 1.385 Thread 0x000001c3968d8c40 Exception <a 'java/io/FileNotFoundException'{0x00000000d6514a10}> (0x00000000d6514a10) 
thrown [s\src\hotspot\share\prims\jni.cpp, line 520]
Event: 1.483 Thread 0x000001c3968d8c40 Exception <a 'java/lang/NoSuchMethodError'{0x00000000d654e288}: 'java.lang.Object java.lang.invoke.DirectMethodHandle$Holder.invokeInterface(java.lang.Object, java.lang.Object)'> (0x00000000d654e288) 
thrown [s\src\hotspot\share\interpreter\linkResolver.cpp, line 773]
Event: 1.489 Thread 0x000001c3968d8c40 Exception <a 'java/lang/NoSuchMethodError'{0x00000000d6561df8}: 'java.lang.Object java.lang.invoke.Invokers$Holder.invokeExact_MT(java.lang.Object, java.lang.Object, java.lang.Object, java.lang.Object, java.lang.Object, java.lang.Object)'> (0x00000000d6561df8) 
thrown [s\src\hotspot\share\interpreter\linkResolver.cpp, line 773]
Event: 1.495 Thread 0x000001c3968d8c40 Exception <a 'java/lang/NoSuchMethodError'{0x00000000d6578ed0}: 'int java.lang.invoke.DirectMethodHandle$Holder.invokeStatic(java.lang.Object, java.lang.Object, java.lang.Object, java.lang.Object, java.lang.Object)'> (0x00000000d6578ed0) 
thrown [s\src\hotspot\share\interpreter\linkResolver.cpp, line 773]
Event: 1.622 Thread 0x000001c3968d8c40 Exception <a 'java/lang/NoSuchMethodError'{0x00000000d660c790}: 'java.lang.Object java.lang.invoke.DirectMethodHandle$Holder.invokeInterface(java.lang.Object, java.lang.Object, int)'> (0x00000000d660c790) 
thrown [s\src\hotspot\share\interpreter\linkResolver.cpp, line 773]
Event: 2.197 Thread 0x000001c3968d8c40 Exception <a 'java/lang/NoSuchMethodError'{0x00000000d6a73e80}: 'java.lang.ClassLoader java.lang.ClassLoader.getPlatformClassLoader(java.lang.Class)'> (0x00000000d6a73e80) 
thrown [s\src\hotspot\share\interpreter\linkResolver.cpp, line 773]
Event: 2.440 Thread 0x000001c3968d8c40 Exception <a 'java/lang/ClassNotFoundException'{0x00000000d558adb8}: sun/net/www/protocol/c/Handler> (0x00000000d558adb8) 
thrown [s\src\hotspot\share\classfile\systemDictionary.cpp, line 312]
Event: 2.441 Thread 0x000001c3968d8c40 Exception <a 'java/lang/ClassNotFoundException'{0x00000000d558c118}: sun/net/www/protocol/e/Handler> (0x00000000d558c118) 
thrown [s\src\hotspot\share\classfile\systemDictionary.cpp, line 312]
Event: 2.441 Thread 0x000001c3968d8c40 Exception <a 'java/lang/ClassNotFoundException'{0x00000000d558d290}: sun/net/www/protocol/c/Handler> (0x00000000d558d290) 
thrown [s\src\hotspot\share\classfile\systemDictionary.cpp, line 312]
Event: 2.453 Thread 0x000001c3968d8c40 Exception <a 'java/io/FileNotFoundException'{0x00000000d55b6388}> (0x00000000d55b6388) 
thrown [s\src\hotspot\share\prims\jni.cpp, line 520]

ZGC Phase Switch (0 events):
No events

VM Operations (14 events):
Event: 0.098 Executing non-safepoint VM operation: HandshakeAllThreads (Deoptimize)
Event: 0.098 Executing non-safepoint VM operation: HandshakeAllThreads (Deoptimize) done
Event: 0.212 Executing non-safepoint VM operation: HandshakeAllThreads (Deoptimize)
Event: 0.212 Executing non-safepoint VM operation: HandshakeAllThreads (Deoptimize) done
Event: 1.120 Executing non-safepoint VM operation: HandshakeAllThreads (Deoptimize)
Event: 1.120 Executing non-safepoint VM operation: HandshakeAllThreads (Deoptimize) done
Event: 1.120 Executing safepoint VM operation: Cleanup
Event: 1.120 Executing safepoint VM operation: Cleanup done
Event: 1.254 Executing non-safepoint VM operation: HandshakeAllThreads (Deoptimize)
Event: 1.254 Executing non-safepoint VM operation: HandshakeAllThreads (Deoptimize) done
Event: 2.268 Executing safepoint VM operation: Cleanup
Event: 2.284 Executing safepoint VM operation: Cleanup done
Event: 2.426 Executing safepoint VM operation: ParallelGCFailedAllocation (Allocation Failure)
Event: 2.438 Executing safepoint VM operation: ParallelGCFailedAllocation (Allocation Failure) done

Memory protections (0 events):
No events

Nmethod flushes (0 events):
No events

Events (15 events):
Event: 0.031 Thread 0x000001c3968d8c40 Thread added: 0x000001c3968d8c40
Event: 0.050 Thread 0x000001c3968d8c40 Thread added: 0x000001c3ad2c36f0
Event: 0.050 Thread 0x000001c3968d8c40 Thread added: 0x000001c3ad2c4860
Event: 0.050 Thread 0x000001c3968d8c40 Thread added: 0x000001c3ad2c6940
Event: 0.050 Thread 0x000001c3968d8c40 Thread added: 0x000001c3ad2c7ae0
Event: 0.051 Thread 0x000001c3968d8c40 Thread added: 0x000001c3ad2caac0
Event: 0.051 Thread 0x000001c3968d8c40 Thread added: 0x000001c3ad2d7060
Event: 0.051 Thread 0x000001c3968d8c40 Thread added: 0x000001c3ad2da060
Event: 0.051 Thread 0x000001c3968d8c40 Thread added: 0x000001c3ad2dad60
Event: 0.146 Thread 0x000001c3968d8c40 Thread added: 0x000001c3f31371d0
Event: 0.641 Thread 0x000001c3968d8c40 Thread added: 0x000001c3f3135e20
Event: 1.044 Thread 0x000001c3ad2dad60 Thread added: 0x000001c3f3322320
Event: 1.369 Thread 0x000001c3f3322320 Thread exited: 0x000001c3f3322320
Event: 1.807 Thread 0x000001c3ad2dad60 Thread added: 0x000001c3f3338ee0
Event: 2.186 Thread 0x000001c3f3338ee0 Thread exited: 0x000001c3f3338ee0


Dynamic libraries:
0x00007ff7f6950000 - 0x00007ff7f695e000 	c:\Users\Hoang Anh\.vscode\extensions\redhat.java-1.53.0-win32-x64\jre\21.0.10-win32-x86_64\bin\java.exe
0x00007ffc20590000 - 0x00007ffc20788000 	C:\WINDOWS\SYSTEM32\ntdll.dll
0x00007ffc20080000 - 0x00007ffc2013d000 	C:\WINDOWS\System32\KERNEL32.DLL
0x00007ffc1e140000 - 0x00007ffc1e436000 	C:\WINDOWS\System32\KERNELBASE.dll
0x00007ffc1df70000 - 0x00007ffc1e070000 	C:\WINDOWS\System32\ucrtbase.dll
0x00007ffc0c330000 - 0x00007ffc0c34e000 	c:\Users\Hoang Anh\.vscode\extensions\redhat.java-1.53.0-win32-x64\jre\21.0.10-win32-x86_64\bin\VCRUNTIME140.dll
0x00007ffbf6c00000 - 0x00007ffbf6c18000 	c:\Users\Hoang Anh\.vscode\extensions\redhat.java-1.53.0-win32-x64\jre\21.0.10-win32-x86_64\bin\jli.dll
0x00007ffc1f060000 - 0x00007ffc1f1ff000 	C:\WINDOWS\System32\USER32.dll
0x00007ffc07db0000 - 0x00007ffc0804a000 	C:\WINDOWS\WinSxS\amd64_microsoft.windows.common-controls_6595b64144ccf1df_6.0.19041.3636_none_60b6a03d71f818d5\COMCTL32.dll
0x00007ffc1e070000 - 0x00007ffc1e092000 	C:\WINDOWS\System32\win32u.dll
0x00007ffc20050000 - 0x00007ffc2007b000 	C:\WINDOWS\System32\GDI32.dll
0x00007ffc1eef0000 - 0x00007ffc1ef8e000 	C:\WINDOWS\System32\msvcrt.dll
0x00007ffc1de50000 - 0x00007ffc1df67000 	C:\WINDOWS\System32\gdi32full.dll
0x00007ffc1e0a0000 - 0x00007ffc1e13d000 	C:\WINDOWS\System32\msvcp_win.dll
0x00007ffc203e0000 - 0x00007ffc20412000 	C:\WINDOWS\System32\IMM32.DLL
0x00007ffc0c320000 - 0x00007ffc0c32c000 	c:\Users\Hoang Anh\.vscode\extensions\redhat.java-1.53.0-win32-x64\jre\21.0.10-win32-x86_64\bin\vcruntime140_1.dll
0x00007ffbe7b40000 - 0x00007ffbe7bcd000 	c:\Users\Hoang Anh\.vscode\extensions\redhat.java-1.53.0-win32-x64\jre\21.0.10-win32-x86_64\bin\msvcp140.dll
0x00007ffbd7270000 - 0x00007ffbd8011000 	c:\Users\Hoang Anh\.vscode\extensions\redhat.java-1.53.0-win32-x64\jre\21.0.10-win32-x86_64\bin\server\jvm.dll
0x00007ffc1ff90000 - 0x00007ffc20040000 	C:\WINDOWS\System32\ADVAPI32.dll
0x00007ffc1e5c0000 - 0x00007ffc1e660000 	C:\WINDOWS\System32\sechost.dll
0x00007ffc1eb30000 - 0x00007ffc1ec53000 	C:\WINDOWS\System32\RPCRT4.dll
0x00007ffc1e590000 - 0x00007ffc1e5b7000 	C:\WINDOWS\System32\bcrypt.dll
0x00007ffc1eff0000 - 0x00007ffc1f05b000 	C:\WINDOWS\System32\WS2_32.dll
0x00007ffc1daa0000 - 0x00007ffc1daeb000 	C:\WINDOWS\SYSTEM32\POWRPROF.dll
0x00007ffc08060000 - 0x00007ffc08087000 	C:\WINDOWS\SYSTEM32\WINMM.dll
0x00007ffc1c370000 - 0x00007ffc1c37a000 	C:\WINDOWS\SYSTEM32\VERSION.dll
0x00007ffc1da80000 - 0x00007ffc1da92000 	C:\WINDOWS\SYSTEM32\UMPDC.dll
0x00007ffc1c450000 - 0x00007ffc1c462000 	C:\WINDOWS\SYSTEM32\kernel.appcore.dll
0x00007ffc08090000 - 0x00007ffc0809a000 	c:\Users\Hoang Anh\.vscode\extensions\redhat.java-1.53.0-win32-x64\jre\21.0.10-win32-x86_64\bin\jimage.dll
0x00007ffc171a0000 - 0x00007ffc17384000 	C:\WINDOWS\SYSTEM32\DBGHELP.DLL
0x00007ffc13f00000 - 0x00007ffc13f34000 	C:\WINDOWS\SYSTEM32\dbgcore.DLL
0x00007ffc1e500000 - 0x00007ffc1e582000 	C:\WINDOWS\System32\bcryptPrimitives.dll
0x00007ffc02d30000 - 0x00007ffc02d3f000 	c:\Users\Hoang Anh\.vscode\extensions\redhat.java-1.53.0-win32-x64\jre\21.0.10-win32-x86_64\bin\instrument.dll
0x00007ffbf6be0000 - 0x00007ffbf6c00000 	c:\Users\Hoang Anh\.vscode\extensions\redhat.java-1.53.0-win32-x64\jre\21.0.10-win32-x86_64\bin\java.dll
0x00007ffc1f6b0000 - 0x00007ffc1fe1b000 	C:\WINDOWS\System32\SHELL32.dll
0x00007ffc1b9b0000 - 0x00007ffc1c14e000 	C:\WINDOWS\SYSTEM32\windows.storage.dll
0x00007ffc1f350000 - 0x00007ffc1f6a3000 	C:\WINDOWS\System32\combase.dll
0x00007ffc1d4c0000 - 0x00007ffc1d4ee000 	C:\WINDOWS\SYSTEM32\Wldp.dll
0x00007ffc1f280000 - 0x00007ffc1f34d000 	C:\WINDOWS\System32\OLEAUT32.dll
0x00007ffc1fee0000 - 0x00007ffc1ff8d000 	C:\WINDOWS\System32\SHCORE.dll
0x00007ffc1e660000 - 0x00007ffc1e6b5000 	C:\WINDOWS\System32\shlwapi.dll
0x00007ffc1db70000 - 0x00007ffc1db93000 	C:\WINDOWS\SYSTEM32\profapi.dll
0x00007ffbf69c0000 - 0x00007ffbf69d8000 	c:\Users\Hoang Anh\.vscode\extensions\redhat.java-1.53.0-win32-x64\jre\21.0.10-win32-x86_64\bin\zip.dll
0x00007ffc01990000 - 0x00007ffc019a0000 	C:\Users\Hoang Anh\.vscode\extensions\redhat.java-1.53.0-win32-x64\jre\21.0.10-win32-x86_64\bin\net.dll
0x00007ffc1c160000 - 0x00007ffc1c26a000 	C:\WINDOWS\SYSTEM32\WINHTTP.dll
0x00007ffc1d2a0000 - 0x00007ffc1d30a000 	C:\WINDOWS\system32\mswsock.dll
0x00007ffbf55a0000 - 0x00007ffbf55b6000 	C:\Users\Hoang Anh\.vscode\extensions\redhat.java-1.53.0-win32-x64\jre\21.0.10-win32-x86_64\bin\nio.dll
0x00007ffbffd70000 - 0x00007ffbffd80000 	c:\Users\Hoang Anh\.vscode\extensions\redhat.java-1.53.0-win32-x64\jre\21.0.10-win32-x86_64\bin\verify.dll

JVMTI agents:
c:\Users\Hoang Anh\.vscode\extensions\redhat.java-1.53.0-win32-x64\lombok\lombok-1.18.39-4050.jar path:c:\Users\Hoang Anh\.vscode\extensions\redhat.java-1.53.0-win32-x64\jre\21.0.10-win32-x86_64\bin\instrument.dll, loaded, initialized, instrumentlib options:none

dbghelp: loaded successfully - version: 4.0.5 - missing functions: none
symbol engine: initialized successfully - sym options: 0x614 - pdb path: .;c:\Users\Hoang Anh\.vscode\extensions\redhat.java-1.53.0-win32-x64\jre\21.0.10-win32-x86_64\bin;C:\WINDOWS\SYSTEM32;C:\WINDOWS\WinSxS\amd64_microsoft.windows.common-controls_6595b64144ccf1df_6.0.19041.3636_none_60b6a03d71f818d5;c:\Users\Hoang Anh\.vscode\extensions\redhat.java-1.53.0-win32-x64\jre\21.0.10-win32-x86_64\bin\server

VM Arguments:
jvm_args: --add-modules=ALL-SYSTEM --add-opens=java.base/java.util=ALL-UNNAMED --add-opens=java.base/java.lang=ALL-UNNAMED --add-opens=java.base/sun.nio.fs=ALL-UNNAMED -Declipse.application=org.eclipse.jdt.ls.core.id1 -Dosgi.bundles.defaultStartLevel=4 -Declipse.product=org.eclipse.jdt.ls.core.product -Djava.import.generatesMetadataFilesAtProjectRoot=false -DDetectVMInstallationsJob.disabled=true -Dfile.encoding=utf8 -XX:+UseParallelGC -XX:GCTimeRatio=4 -XX:AdaptiveSizePolicyWeight=90 -Dsun.zip.disableMemoryMapping=true -Xmx2G -Xms100m -Xlog:disable -javaagent:c:\Users\Hoang Anh\.vscode\extensions\redhat.java-1.53.0-win32-x64\lombok\lombok-1.18.39-4050.jar 
java_command: c:\Users\Hoang Anh\.vscode\extensions\redhat.java-1.53.0-win32-x64\server\plugins\org.eclipse.equinox.launcher_1.7.100.v20251111-0406.jar -configuration c:\Users\Hoang Anh\AppData\Roaming\Code\User\globalStorage\redhat.java\1.53.0\config_ss_win -data c:\Users\Hoang Anh\AppData\Roaming\Code\User\workspaceStorage\353763c45bab8f2b146ef728505f567b\redhat.java\ss_ws --pipe=\\.\pipe\lsp-98347f27168839a253ff4f1b80e9ea85-sock
java_class_path (initial): c:\Users\Hoang Anh\.vscode\extensions\redhat.java-1.53.0-win32-x64\server\plugins\org.eclipse.equinox.launcher_1.7.100.v20251111-0406.jar
Launcher Type: SUN_STANDARD

[Global flags]
    uintx AdaptiveSizePolicyWeight                 = 90                                        {product} {command line}
     intx CICompilerCount                          = 3                                         {product} {ergonomic}
    uintx GCTimeRatio                              = 4                                         {product} {command line}
   size_t InitialHeapSize                          = 104857600                                 {product} {command line}
   size_t MaxHeapSize                              = 2147483648                                {product} {command line}
   size_t MaxNewSize                               = 715653120                                 {product} {ergonomic}
   size_t MinHeapDeltaBytes                        = 524288                                    {product} {ergonomic}
   size_t MinHeapSize                              = 104857600                                 {product} {command line}
   size_t NewSize                                  = 34603008                                  {product} {ergonomic}
    uintx NonNMethodCodeHeapSize                   = 5832780                                {pd product} {ergonomic}
    uintx NonProfiledCodeHeapSize                  = 122912730                              {pd product} {ergonomic}
   size_t OldSize                                  = 70254592                                  {product} {ergonomic}
    uintx ProfiledCodeHeapSize                     = 122912730                              {pd product} {ergonomic}
    uintx ReservedCodeCacheSize                    = 251658240                              {pd product} {ergonomic}
     bool SegmentedCodeCache                       = true                                      {product} {ergonomic}
   size_t SoftMaxHeapSize                          = 2147483648                             {manageable} {ergonomic}
     bool UseCompressedOops                        = true                           {product lp64_product} {ergonomic}
     bool UseLargePagesIndividualAllocation        = false                                  {pd product} {ergonomic}
     bool UseParallelGC                            = true                                      {product} {command line}

Logging:
Log output configuration:
 #0: stdout all=off uptime,level,tags foldmultilines=false
 #1: stderr all=off uptime,level,tags foldmultilines=false

Release file:
JAVA_VERSION="21.0.10" 
MODULES="java.base java.compiler java.datatransfer java.xml java.prefs java.desktop java.instrument java.logging java.management java.security.sasl java.naming java.rmi java.management.rmi java.net.http java.scripting java.security.jgss java.transaction.xa java.sql java.sql.rowset java.xml.crypto java.se java.smartcardio jdk.accessibility jdk.internal.jvmstat jdk.attach jdk.charsets jdk.internal.opt jdk.zipfs jdk.compiler jdk.crypto.ec jdk.crypto.cryptoki jdk.crypto.mscapi jdk.dynalink jdk.internal.ed jdk.editpad jdk.hotspot.agent jdk.httpserver jdk.internal.le jdk.internal.vm.ci jdk.internal.vm.compiler jdk.internal.vm.compiler.management jdk.jartool jdk.javadoc jdk.jcmd jdk.management jdk.management.agent jdk.jconsole jdk.jdeps jdk.jdwp.agent jdk.jdi jdk.jfr jdk.jshell jdk.jsobject jdk.jstatd jdk.localedata jdk.management.jfr jdk.naming.dns jdk.naming.rmi jdk.net jdk.nio.mapmode jdk.random jdk.sctp jdk.security.auth jdk.security.jgss jdk.unsupported jdk.unsupported.desktop jdk.xml.dom" 

Environment Variables:
PATH=C:\Users\Hoang Anh\AppData\Local\cloud-code\installer\google-cloud-sdk\bin;C:\Users\Hoang Anh\VS Code;C:\Users\Hoang Anh\AppData\Local\Programs\Python\Python313\Scripts\;C:\Users\Hoang Anh\AppData\Local\Programs\Python\Python313\;C:\Program Files\Common Files\Oracle\Java\javapath;C:\Program Files (x86)\Common Files\Oracle\Java\java8path;C:\Program Files (x86)\Common Files\Oracle\Java\javapath;C:\Users\Hoang Anh\VS Code\bin;C:\Program Files\Microsoft MPI\Bin\;C:\WINDOWS\system32;C:\WINDOWS;C:\WINDOWS\System32\Wbem;C:\WINDOWS\System32\WindowsPowerShell\v1.0\;C:\WINDOWS\System32\OpenSSH\;C:\Program Files (x86)\Microsoft SQL Server\160\Tools\Binn\;C:\Program Files\Microsoft SQL Server\160\Tools\Binn\;C:\Program Files\Microsoft SQL Server\Client SDK\ODBC\170\Tools\Binn\;C:\Program Files\Microsoft SQL Server\160\DTS\Binn\;C:\Program Files (x86)\Microsoft SQL Server\160\DTS\Binn\;C:\Program Files\dotnet\;C:\Program Files\Microsoft SQL Server\150\Tools\Binn\;E:\Git\cmd;C:\xampp\php;C:\ProgramData\ComposerSetup\bin;C:\flutter\bin;C:\Android\sdk\platform-tools;C:\ProgramData\chocolatey\bin;C:\Program Files\Cloudflare\Cloudflare WARP\;E:\nodejs\;C:\Program Files\Docker\Docker\resources\bin;e:\cursor\resources\app\codeBin;C:\Users\Hoang Anh\AppData\Local\Microsoft\WindowsApps;C:\Program Files\JetBrains\IntelliJ IDEA 2023.3.4\bin;;C:\Users\Hoang Anh\.dotnet\tools;C:\Users\Hoang Anh\VS Code\bin;C:\Users\Hoang Anh\AppData\Roaming\Composer\vendor\bin;C:\Users\Hoang Anh\AppData\Local\Pub\Cache\bin;E:\cursor\resources\app\bin;C:\Users\Hoang Anh\AppData\Roaming\npm;C:\Users\Hoang Anh\AppData\Local\GitHubDesktop\bin
USERNAME=Hoang Anh
OS=Windows_NT
PROCESSOR_IDENTIFIER=Intel64 Family 6 Model 78 Stepping 3, GenuineIntel
TMP=C:\Users\HOANGA~1\AppData\Local\Temp
TEMP=C:\Users\HOANGA~1\AppData\Local\Temp




Periodic native trim disabled

---------------  S Y S T E M  ---------------

OS:
 Windows 10 , 64 bit Build 19041 (10.0.19041.3636)
OS uptime: 0 days 12:06 hours
Hyper-V role detected

CPU: total 4 (initial active 4) (2 cores per cpu, 2 threads per core) family 6 model 78 stepping 3 microcode 0xd6, cx8, cmov, fxsr, ht, mmx, 3dnowpref, sse, sse2, sse3, ssse3, sse4.1, sse4.2, popcnt, lzcnt, tsc, tscinvbit, avx, avx2, aes, erms, clmul, bmi1, bmi2, adx, fma, vzeroupper, clflush, clflushopt, hv, rdtscp, f16c
Processor Information for the first 4 processors :
  Max Mhz: 2592, Current Mhz: 2492, Mhz Limit: 2488

Memory: 4k page, system-wide physical 8063M (1253M free)
TotalPageFile size 11905M (AvailPageFile size 3M)
current process WorkingSet (physical memory assigned to process): 78M, peak: 78M
current process commit charge ("private bytes"): 223M, peak: 223M

vm_info: OpenJDK 64-Bit Server VM (21.0.10+7-LTS) for windows-amd64 JRE (21.0.10+7-LTS), built on 2026-01-20T00:00:00Z by "admin" with MS VC++ 17.12 (VS2022)

END.
