#
# There is insufficient memory for the Java Runtime Environment to continue.
# Native memory allocation (mmap) failed to map 65536 bytes. Error detail: Failed to commit metaspace.
# Possible reasons:
#   The system is out of physical RAM or swap space
#   This process is running with CompressedOops enabled, and the Java Heap may be blocking the growth of the native heap
# Possible solutions:
#   Reduce memory load on the system
#   Increase physical memory or swap space
#   Check if swap backing store is full
#   Decrease Java heap size (-Xmx/-Xms)
#   Decrease number of Java threads
#   Decrease Java thread stack sizes (-Xss)
#   Set larger code cache with -XX:ReservedCodeCacheSize=
#   JVM is running with Unscaled Compressed Oops mode in which the Java heap is
#     placed in the first 4GB address space. The Java Heap base address is the
#     maximum limit for the native heap growth. Please use -XX:HeapBaseMinAddress
#     to set the Java Heap base and to place the Java Heap above 4GB virtual address.
# This output file may be truncated or incomplete.
#
#  Out of Memory Error (virtualSpaceNode.cpp:113), pid=7960, tid=5216
#
# JRE version: OpenJDK Runtime Environment Temurin-21.0.10+7 (21.0.10+7) (build 21.0.10+7-LTS)
# Java VM: OpenJDK 64-Bit Server VM Temurin-21.0.10+7 (21.0.10+7-LTS, mixed mode, sharing, tiered, compressed oops, compressed class ptrs, parallel gc, windows-amd64)
# No core dump will be written. Minidumps are not enabled by default on client versions of Windows
#

---------------  S U M M A R Y ------------

Command Line: --add-modules=ALL-SYSTEM --add-opens=java.base/java.util=ALL-UNNAMED --add-opens=java.base/java.lang=ALL-UNNAMED --add-opens=java.base/sun.nio.fs=ALL-UNNAMED -Declipse.application=org.eclipse.jdt.ls.core.id1 -Dosgi.bundles.defaultStartLevel=4 -Declipse.product=org.eclipse.jdt.ls.core.product -Djava.import.generatesMetadataFilesAtProjectRoot=false -DDetectVMInstallationsJob.disabled=true -Dfile.encoding=utf8 -XX:+UseParallelGC -XX:GCTimeRatio=4 -XX:AdaptiveSizePolicyWeight=90 -Dsun.zip.disableMemoryMapping=true -Xmx2G -Xms100m -Xlog:disable -javaagent:c:\Users\Hoang Anh\.vscode\extensions\redhat.java-1.53.0-win32-x64\lombok\lombok-1.18.39-4050.jar -XX:+HeapDumpOnOutOfMemoryError -XX:HeapDumpPath=c:\Users\Hoang Anh\AppData\Roaming\Code\User\workspaceStorage\353763c45bab8f2b146ef728505f567b\redhat.java -Daether.dependencyCollector.impl=bf c:\Users\Hoang Anh\.vscode\extensions\redhat.java-1.53.0-win32-x64\server\plugins\org.eclipse.equinox.launcher_1.7.100.v20251111-0406.jar -configuration c:\Users\Hoang Anh\AppData\Roaming\Code\User\globalStorage\redhat.java\1.53.0\config_win -data c:\Users\Hoang Anh\AppData\Roaming\Code\User\workspaceStorage\353763c45bab8f2b146ef728505f567b\redhat.java\jdt_ws --pipe=\\.\pipe\lsp-7938c5fb6612c28b7e662c2e3d569fc3-sock

Host: Intel(R) Core(TM) i7-6500U CPU @ 2.50GHz, 4 cores, 7G,  Windows 10 , 64 bit Build 19041 (10.0.19041.3636)
Time: Sat Mar 14 20:46:53 2026 SE Asia Standard Time elapsed time: 2.226301 seconds (0d 0h 0m 2s)

---------------  T H R E A D  ---------------

Current thread (0x000001b87fb88730):  JavaThread "C1 CompilerThread0" daemon [_thread_in_vm, id=5216, stack(0x0000008492c00000,0x0000008492d00000) (1024K)]


Current CompileTask:
C1:2226  928       3       java.util.HashMap::<init> (98 bytes)

Stack: [0x0000008492c00000,0x0000008492d00000]
Native frames: (J=compiled Java code, j=interpreted, Vv=VM code, C=native code)
V  [jvm.dll+0x6d7a39]
V  [jvm.dll+0x8b4b26]
V  [jvm.dll+0x8b70de]
V  [jvm.dll+0x8b77c3]
V  [jvm.dll+0x284346]
V  [jvm.dll+0x8b086e]
V  [jvm.dll+0x679444]
V  [jvm.dll+0x6794aa]
V  [jvm.dll+0x67bca6]
V  [jvm.dll+0x67bb72]
V  [jvm.dll+0x679e1e]
V  [jvm.dll+0x68b22a]
V  [jvm.dll+0x6843a2]
V  [jvm.dll+0x1f6360]
V  [jvm.dll+0x1f6548]
V  [jvm.dll+0x16929e]
V  [jvm.dll+0x1690e6]
V  [jvm.dll+0x160cb0]
V  [jvm.dll+0x162f4d]
V  [jvm.dll+0x161556]
V  [jvm.dll+0x15b297]
V  [jvm.dll+0x16ad68]
V  [jvm.dll+0x156885]
V  [jvm.dll+0x156bd2]
V  [jvm.dll+0x156e84]
V  [jvm.dll+0x15629c]
V  [jvm.dll+0x15802d]
V  [jvm.dll+0x25b85d]
V  [jvm.dll+0x259dea]
V  [jvm.dll+0x3f857e]
V  [jvm.dll+0x85f59d]
V  [jvm.dll+0x6d626d]
C  [ucrtbase.dll+0x21bb2]
C  [KERNEL32.DLL+0x17344]
C  [ntdll.dll+0x526b1]


---------------  P R O C E S S  ---------------

Threads class SMR info:
_java_thread_list=0x000001b84a525060, length=11, elements={
0x000001b86af32d10, 0x000001b87fb0d950, 0x000001b87fb0f0b0, 0x000001b87fb10810,
0x000001b87fb11730, 0x000001b87fb13780, 0x000001b87fb141e0, 0x000001b87fb17640,
0x000001b87fb88730, 0x000001b845a05ab0, 0x000001b845b4e5b0
}

Java Threads: ( => current thread )
  0x000001b86af32d10 JavaThread "main"                              [_thread_in_vm, id=1900, stack(0x0000008492100000,0x0000008492200000) (1024K)]
  0x000001b87fb0d950 JavaThread "Reference Handler"          daemon [_thread_blocked, id=3760, stack(0x0000008492500000,0x0000008492600000) (1024K)]
  0x000001b87fb0f0b0 JavaThread "Finalizer"                  daemon [_thread_blocked, id=14760, stack(0x0000008492600000,0x0000008492700000) (1024K)]
  0x000001b87fb10810 JavaThread "Signal Dispatcher"          daemon [_thread_blocked, id=10660, stack(0x0000008492700000,0x0000008492800000) (1024K)]
  0x000001b87fb11730 JavaThread "Attach Listener"            daemon [_thread_blocked, id=12964, stack(0x0000008492800000,0x0000008492900000) (1024K)]
  0x000001b87fb13780 JavaThread "Service Thread"             daemon [_thread_blocked, id=3512, stack(0x0000008492900000,0x0000008492a00000) (1024K)]
  0x000001b87fb141e0 JavaThread "Monitor Deflation Thread"   daemon [_thread_blocked, id=14244, stack(0x0000008492a00000,0x0000008492b00000) (1024K)]
  0x000001b87fb17640 JavaThread "C2 CompilerThread0"         daemon [_thread_blocked, id=11060, stack(0x0000008492b00000,0x0000008492c00000) (1024K)]
=>0x000001b87fb88730 JavaThread "C1 CompilerThread0"         daemon [_thread_in_vm, id=5216, stack(0x0000008492c00000,0x0000008492d00000) (1024K)]
  0x000001b845a05ab0 JavaThread "Common-Cleaner"             daemon [_thread_blocked, id=14064, stack(0x0000008492d00000,0x0000008492e00000) (1024K)]
  0x000001b845b4e5b0 JavaThread "Notification Thread"        daemon [_thread_blocked, id=14780, stack(0x0000008492e00000,0x0000008492f00000) (1024K)]
Total: 11

Other Threads:
  0x000001b87faf24d0 VMThread "VM Thread"                           [id=2772, stack(0x0000008492400000,0x0000008492500000) (1024K)]
  0x000001b86d1e9470 WatcherThread "VM Periodic Task Thread"        [id=4444, stack(0x0000008492300000,0x0000008492400000) (1024K)]
  0x000001b86d1405d0 WorkerThread "GC Thread#0"                     [id=11040, stack(0x0000008492200000,0x0000008492300000) (1024K)]
Total: 3

Threads with active compile tasks:
C1 CompilerThread0  2296  928       3       java.util.HashMap::<init> (98 bytes)
Total: 1

VM state: not at safepoint (normal execution)

VM Mutex/Monitor currently owned by a thread:  ([mutex/lock_event])
[0x00007ffbd7f2c4e0] Metaspace_lock - owner thread: 0x000001b87fb88730

Heap address: 0x0000000080000000, size: 2048 MB, Compressed Oops mode: 32-bit

CDS archive(s) mapped at: [0x000001b804000000-0x000001b804ba0000-0x000001b804ba0000), size 12189696, SharedBaseAddress: 0x000001b804000000, ArchiveRelocationMode: 1.
Compressed class space mapped at: 0x000001b805000000-0x000001b845000000, reserved size: 1073741824
Narrow klass base: 0x000001b804000000, Narrow klass shift: 0, Narrow klass range: 0x100000000

GC Precious Log:
 CardTable entry size: 512
 CPUs: 4 total, 4 available
 Memory: 8063M
 Large Page Support: Disabled
 NUMA Support: Disabled
 Compressed Oops: Enabled (32-bit)
 Alignments: Space 512K, Generation 512K, Heap 2M
 Heap Min Capacity: 100M
 Heap Initial Capacity: 100M
 Heap Max Capacity: 2G
 Pre-touch: Disabled
 Parallel Workers: 4

Heap:
 PSYoungGen      total 29696K, used 18354K [0x00000000d5580000, 0x00000000d7680000, 0x0000000100000000)
  eden space 25600K, 71% used [0x00000000d5580000,0x00000000d676cb50,0x00000000d6e80000)
  from space 4096K, 0% used [0x00000000d7280000,0x00000000d7280000,0x00000000d7680000)
  to   space 4096K, 0% used [0x00000000d6e80000,0x00000000d6e80000,0x00000000d7280000)
 ParOldGen       total 68608K, used 0K [0x0000000080000000, 0x0000000084300000, 0x00000000d5580000)
  object space 68608K, 0% used [0x0000000080000000,0x0000000080000000,0x0000000084300000)
 Metaspace       used 3562K, committed 3776K, reserved 1114112K
  class space    used 391K, committed 512K, reserved 1048576K

Card table byte_map: [0x000001b86cb00000,0x000001b86cf10000] _byte_map_base: 0x000001b86c700000

Marking Bits: (ParMarkBitMap*) 0x00007ffbd7f33450
 Begin Bits: [0x000001b800000000, 0x000001b802000000)
 End Bits:   [0x000001b802000000, 0x000001b804000000)

Polling page: 0x000001b86c8f0000

Metaspace:

Usage:
  Non-class:      3.10 MB used.
      Class:    391.23 KB used.
       Both:      3.48 MB used.

Virtual space:
  Non-class space:       64.00 MB reserved,       3.19 MB (  5%) committed,  1 nodes.
      Class space:        1.00 GB reserved,     512.00 KB ( <1%) committed,  1 nodes.
             Both:        1.06 GB reserved,       3.69 MB ( <1%) committed. 

Chunk freelists:
   Non-Class:  11.45 MB
       Class:  15.47 MB
        Both:  26.93 MB

MaxMetaspaceSize: unlimited
CompressedClassSpaceSize: 1.00 GB
Initial GC threshold: 21.00 MB
Current GC threshold: 21.00 MB
CDS: on
 - commit_granule_bytes: 65536.
 - commit_granule_words: 8192.
 - virtual_space_node_default_size: 8388608.
 - enlarge_chunks_in_place: 1.
 - use_allocation_guard: 0.


Internal statistics:

num_allocs_failed_limit: 0.
num_arena_births: 170.
num_arena_deaths: 0.
num_vsnodes_births: 2.
num_vsnodes_deaths: 0.
num_space_committed: 59.
num_space_uncommitted: 0.
num_chunks_returned_to_freelist: 0.
num_chunks_taken_from_freelist: 215.
num_chunk_merges: 0.
num_chunk_splits: 140.
num_chunks_enlarged: 77.
num_inconsistent_stats: 0.

CodeHeap 'non-profiled nmethods': size=120000Kb used=390Kb max_used=390Kb free=119609Kb
 bounds [0x000001b877e00000, 0x000001b878070000, 0x000001b87f330000]
CodeHeap 'profiled nmethods': size=120000Kb used=1424Kb max_used=1424Kb free=118575Kb
 bounds [0x000001b870330000, 0x000001b8705a0000, 0x000001b877860000]
CodeHeap 'non-nmethods': size=5760Kb used=1189Kb max_used=1206Kb free=4571Kb
 bounds [0x000001b877860000, 0x000001b877ad0000, 0x000001b877e00000]
CodeCache: size=245760Kb, used=3003Kb, max_used=3020Kb, free=242755Kb
 total_blobs=1377, nmethods=927, adapters=357, full_count=0
Compilation: enabled, stopped_count=0, restarted_count=0

Compilation events (20 events):
Event: 2.198 Thread 0x000001b87fb88730  917       3       java.lang.ref.Reference::refersToImpl (6 bytes)
Event: 2.199 Thread 0x000001b87fb88730 nmethod 917 0x000001b87048f910 code [0x000001b87048fac0, 0x000001b87048fbf8]
Event: 2.210 Thread 0x000001b87fb88730  918       3       java.io.WinNTFileSystem::normalize (224 bytes)
Event: 2.213 Thread 0x000001b87fb88730 nmethod 918 0x000001b87048fc90 code [0x000001b870490080, 0x000001b870491ab8]
Event: 2.221 Thread 0x000001b87fb88730  919  s    3       java.io.ByteArrayOutputStream::write (43 bytes)
Event: 2.222 Thread 0x000001b87fb88730 nmethod 919 0x000001b870492510 code [0x000001b870492700, 0x000001b870492ba0]
Event: 2.222 Thread 0x000001b87fb88730  920       3       java.util.jar.Manifest$FastInputStream::readLine (9 bytes)
Event: 2.222 Thread 0x000001b87fb88730 nmethod 920 0x000001b870492d90 code [0x000001b870492f40, 0x000001b8704930a0]
Event: 2.223 Thread 0x000001b87fb88730  921       3       java.lang.String::<init> (22 bytes)
Event: 2.223 Thread 0x000001b87fb17640  922       4       java.lang.String::checkBoundsOffCount (10 bytes)
Event: 2.223 Thread 0x000001b87fb88730 nmethod 921 0x000001b870493190 code [0x000001b870493380, 0x000001b8704937e0]
Event: 2.223 Thread 0x000001b87fb88730  924       3       java.util.jar.Manifest$FastInputStream::peek (38 bytes)
Event: 2.224 Thread 0x000001b87fb88730 nmethod 924 0x000001b870493a10 code [0x000001b870493bc0, 0x000001b870493dd0]
Event: 2.224 Thread 0x000001b87fb88730  923       1       java.util.jar.Attributes$Name::hashCode (5 bytes)
Event: 2.224 Thread 0x000001b87fb17640 nmethod 922 0x000001b877e60190 code [0x000001b877e60320, 0x000001b877e603e8]
Event: 2.224 Thread 0x000001b87fb88730 nmethod 923 0x000001b877e60490 code [0x000001b877e60620, 0x000001b877e606e8]
Event: 2.224 Thread 0x000001b87fb17640  925       4       java.util.HashMap::put (13 bytes)
Event: 2.224 Thread 0x000001b87fb88730  926       3       java.util.jar.Manifest::toLower (24 bytes)
Event: 2.224 Thread 0x000001b87fb88730 nmethod 926 0x000001b870493f10 code [0x000001b8704940c0, 0x000001b870494248]
Event: 2.224 Thread 0x000001b87fb88730  928       3       java.util.HashMap::<init> (98 bytes)

GC Heap History (0 events):
No events

Dll operation events (8 events):
Event: 0.020 Loaded shared library c:\Users\Hoang Anh\.vscode\extensions\redhat.java-1.53.0-win32-x64\jre\21.0.10-win32-x86_64\bin\java.dll
Event: 0.194 Loaded shared library c:\Users\Hoang Anh\.vscode\extensions\redhat.java-1.53.0-win32-x64\jre\21.0.10-win32-x86_64\bin\zip.dll
Event: 0.250 Loaded shared library C:\Users\Hoang Anh\.vscode\extensions\redhat.java-1.53.0-win32-x64\jre\21.0.10-win32-x86_64\bin\instrument.dll
Event: 0.275 Loaded shared library C:\Users\Hoang Anh\.vscode\extensions\redhat.java-1.53.0-win32-x64\jre\21.0.10-win32-x86_64\bin\net.dll
Event: 0.278 Loaded shared library C:\Users\Hoang Anh\.vscode\extensions\redhat.java-1.53.0-win32-x64\jre\21.0.10-win32-x86_64\bin\nio.dll
Event: 0.283 Loaded shared library C:\Users\Hoang Anh\.vscode\extensions\redhat.java-1.53.0-win32-x64\jre\21.0.10-win32-x86_64\bin\zip.dll
Event: 0.317 Loaded shared library C:\Users\Hoang Anh\.vscode\extensions\redhat.java-1.53.0-win32-x64\jre\21.0.10-win32-x86_64\bin\jimage.dll
Event: 0.561 Loaded shared library c:\Users\Hoang Anh\.vscode\extensions\redhat.java-1.53.0-win32-x64\jre\21.0.10-win32-x86_64\bin\verify.dll

Deoptimization events (20 events):
Event: 1.751 Thread 0x000001b86af32d10 DEOPT PACKING pc=0x000001b877e30334 sp=0x00000084921fd9a0
Event: 1.751 Thread 0x000001b86af32d10 DEOPT UNPACKING pc=0x000001b8778b3aa2 sp=0x00000084921fd950 mode 2
Event: 1.752 Thread 0x000001b86af32d10 Uncommon trap: trap_request=0xffffffde fr.pc=0x000001b877e30334 relative=0x0000000000000954
Event: 1.752 Thread 0x000001b86af32d10 Uncommon trap: reason=class_check action=maybe_recompile pc=0x000001b877e30334 method=java.util.HashMap.putVal(ILjava/lang/Object;Ljava/lang/Object;ZZ)Ljava/lang/Object; @ 91 c2
Event: 1.752 Thread 0x000001b86af32d10 DEOPT PACKING pc=0x000001b877e30334 sp=0x00000084921fdac0
Event: 1.752 Thread 0x000001b86af32d10 DEOPT UNPACKING pc=0x000001b8778b3aa2 sp=0x00000084921fda40 mode 2
Event: 2.012 Thread 0x000001b86af32d10 Uncommon trap: trap_request=0xffffff45 fr.pc=0x000001b877e4e0ac relative=0x000000000000008c
Event: 2.012 Thread 0x000001b86af32d10 Uncommon trap: reason=unstable_if action=reinterpret pc=0x000001b877e4e0ac method=jdk.internal.misc.Unsafe.convEndian(ZI)I @ 4 c2
Event: 2.012 Thread 0x000001b86af32d10 DEOPT PACKING pc=0x000001b877e4e0ac sp=0x00000084921fd7c0
Event: 2.012 Thread 0x000001b86af32d10 DEOPT UNPACKING pc=0x000001b8778b3aa2 sp=0x00000084921fd6f0 mode 2
Event: 2.015 Thread 0x000001b86af32d10 Uncommon trap: trap_request=0xffffff45 fr.pc=0x000001b877e32d88 relative=0x0000000000000628
Event: 2.015 Thread 0x000001b86af32d10 Uncommon trap: reason=unstable_if action=reinterpret pc=0x000001b877e32d88 method=java.lang.AbstractStringBuilder.append(Ljava/lang/String;)Ljava/lang/AbstractStringBuilder; @ 1 c2
Event: 2.015 Thread 0x000001b86af32d10 DEOPT PACKING pc=0x000001b877e32d88 sp=0x00000084921fdb20
Event: 2.015 Thread 0x000001b86af32d10 DEOPT UNPACKING pc=0x000001b8778b3aa2 sp=0x00000084921fdab0 mode 2
Event: 2.015 Thread 0x000001b86af32d10 Uncommon trap: trap_request=0xffffff45 fr.pc=0x000001b877e339f4 relative=0x0000000000000614
Event: 2.015 Thread 0x000001b86af32d10 Uncommon trap: reason=unstable_if action=reinterpret pc=0x000001b877e339f4 method=java.lang.AbstractStringBuilder.append(Ljava/lang/String;)Ljava/lang/AbstractStringBuilder; @ 1 c2
Event: 2.015 Thread 0x000001b86af32d10 DEOPT PACKING pc=0x000001b877e339f4 sp=0x00000084921fdad0
Event: 2.015 Thread 0x000001b86af32d10 DEOPT UNPACKING pc=0x000001b8778b3aa2 sp=0x00000084921fdab8 mode 2
Event: 2.085 Thread 0x000001b86af32d10 DEOPT PACKING pc=0x000001b870445c7b sp=0x00000084921fd000
Event: 2.085 Thread 0x000001b86af32d10 DEOPT UNPACKING pc=0x000001b8778b4242 sp=0x00000084921fc478 mode 0

Classes loaded (20 events):
Event: 2.197 Loading class sun/nio/fs/WindowsFileSystemProvider$1
Event: 2.197 Loading class sun/nio/fs/WindowsFileSystemProvider$1 done
Event: 2.197 Loading class sun/nio/fs/WindowsLinkSupport
Event: 2.197 Loading class sun/nio/fs/WindowsLinkSupport done
Event: 2.197 Loading class sun/nio/fs/WindowsAclFileAttributeView
Event: 2.197 Loading class sun/nio/fs/AbstractAclFileAttributeView
Event: 2.198 Loading class java/nio/file/attribute/AclFileAttributeView
Event: 2.198 Loading class java/nio/file/attribute/FileOwnerAttributeView
Event: 2.198 Loading class java/nio/file/attribute/FileOwnerAttributeView done
Event: 2.198 Loading class java/nio/file/attribute/AclFileAttributeView done
Event: 2.198 Loading class sun/nio/fs/AbstractAclFileAttributeView done
Event: 2.198 Loading class sun/nio/fs/WindowsAclFileAttributeView done
Event: 2.198 Loading class sun/nio/fs/WindowsSecurity
Event: 2.198 Loading class sun/nio/fs/WindowsSecurity done
Event: 2.205 Loading class sun/nio/fs/WindowsFileStore
Event: 2.205 Loading class java/nio/file/FileStore
Event: 2.205 Loading class java/nio/file/FileStore done
Event: 2.206 Loading class sun/nio/fs/WindowsFileStore done
Event: 2.210 Loading class java/net/URLClassLoader$1
Event: 2.210 Loading class java/net/URLClassLoader$1 done

Classes unloaded (0 events):
No events

Classes redefined (0 events):
No events

Internal exceptions (20 events):
Event: 0.422 Thread 0x000001b86af32d10 Exception <a 'java/lang/NoSuchMethodError'{0x00000000d59efab0}: 'int java.lang.invoke.DirectMethodHandle$Holder.invokeSpecial(java.lang.Object, java.lang.Object, java.lang.Object)'> (0x00000000d59efab0) 
thrown [s\src\hotspot\share\interpreter\linkResolver.cpp, line 773]
Event: 0.428 Thread 0x000001b86af32d10 Exception <a 'java/lang/NoSuchMethodError'{0x00000000d5a087a0}: 'java.lang.Object java.lang.invoke.DirectMethodHandle$Holder.invokeStatic(java.lang.Object, java.lang.Object, int)'> (0x00000000d5a087a0) 
thrown [s\src\hotspot\share\interpreter\linkResolver.cpp, line 773]
Event: 0.430 Thread 0x000001b86af32d10 Exception <a 'java/lang/NoSuchMethodError'{0x00000000d5a0d0f0}: 'void java.lang.invoke.DirectMethodHandle$Holder.invokeStatic(java.lang.Object, java.lang.Object, int, java.lang.Object)'> (0x00000000d5a0d0f0) 
thrown [s\src\hotspot\share\interpreter\linkResolver.cpp, line 773]
Event: 0.430 Thread 0x000001b86af32d10 Exception <a 'java/lang/NoSuchMethodError'{0x00000000d5a10c80}: 'void java.lang.invoke.DirectMethodHandle$Holder.invokeSpecial(java.lang.Object, java.lang.Object, java.lang.Object, int, java.lang.Object)'> (0x00000000d5a10c80) 
thrown [s\src\hotspot\share\interpreter\linkResolver.cpp, line 773]
Event: 0.431 Thread 0x000001b86af32d10 Exception <a 'java/lang/NoSuchMethodError'{0x00000000d5a14348}: 'void java.lang.invoke.DelegatingMethodHandle$Holder.delegate(java.lang.Object, java.lang.Object, int, java.lang.Object)'> (0x00000000d5a14348) 
thrown [s\src\hotspot\share\interpreter\linkResolver.cpp, line 773]
Event: 0.695 Thread 0x000001b86af32d10 Exception <a 'java/lang/NoSuchMethodError'{0x00000000d5bdfb08}: 'void java.lang.invoke.DelegatingMethodHandle$Holder.reinvoke_L(java.lang.Object, java.lang.Object, java.lang.Object, int)'> (0x00000000d5bdfb08) 
thrown [s\src\hotspot\share\interpreter\linkResolver.cpp, line 773]
Event: 1.370 Thread 0x000001b86af32d10 Exception <a 'java/lang/NoSuchMethodError'{0x00000000d607bda8}: 'void java.lang.invoke.DirectMethodHandle$Holder.invokeVirtual(java.lang.Object, java.lang.Object)'> (0x00000000d607bda8) 
thrown [s\src\hotspot\share\interpreter\linkResolver.cpp, line 773]
Event: 1.932 Thread 0x000001b86af32d10 Exception <a 'java/lang/NoSuchMethodError'{0x00000000d6453b40}: 'void java.lang.invoke.DirectMethodHandle$Holder.invokeStatic(java.lang.Object, java.lang.Object)'> (0x00000000d6453b40) 
thrown [s\src\hotspot\share\interpreter\linkResolver.cpp, line 773]
Event: 1.940 Thread 0x000001b86af32d10 Exception <a 'java/lang/ClassNotFoundException'{0x00000000d64797a8}: sun/net/www/protocol/c/Handler> (0x00000000d64797a8) 
thrown [s\src\hotspot\share\classfile\systemDictionary.cpp, line 312]
Event: 2.009 Thread 0x000001b86af32d10 Exception <a 'java/io/FileNotFoundException'{0x00000000d64dfd48}> (0x00000000d64dfd48) 
thrown [s\src\hotspot\share\prims\jni.cpp, line 520]
Event: 2.010 Thread 0x000001b86af32d10 Exception <a 'java/io/FileNotFoundException'{0x00000000d64e1080}> (0x00000000d64e1080) 
thrown [s\src\hotspot\share\prims\jni.cpp, line 520]
Event: 2.010 Thread 0x000001b86af32d10 Exception <a 'java/io/FileNotFoundException'{0x00000000d64e1d08}> (0x00000000d64e1d08) 
thrown [s\src\hotspot\share\prims\jni.cpp, line 520]
Event: 2.010 Thread 0x000001b86af32d10 Exception <a 'java/io/FileNotFoundException'{0x00000000d64e2878}> (0x00000000d64e2878) 
thrown [s\src\hotspot\share\prims\jni.cpp, line 520]
Event: 2.015 Thread 0x000001b86af32d10 Implicit null exception at 0x000001b877e327a4 to 0x000001b877e32d70
Event: 2.015 Thread 0x000001b86af32d10 Implicit null exception at 0x000001b877e33420 to 0x000001b877e339dc
Event: 2.020 Thread 0x000001b86af32d10 Exception <a 'java/io/FileNotFoundException'{0x00000000d651af48}> (0x00000000d651af48) 
thrown [s\src\hotspot\share\prims\jni.cpp, line 520]
Event: 2.083 Thread 0x000001b86af32d10 Exception <a 'java/lang/NoSuchMethodError'{0x00000000d65547b8}: 'java.lang.Object java.lang.invoke.DirectMethodHandle$Holder.invokeInterface(java.lang.Object, java.lang.Object)'> (0x00000000d65547b8) 
thrown [s\src\hotspot\share\interpreter\linkResolver.cpp, line 773]
Event: 2.092 Thread 0x000001b86af32d10 Exception <a 'java/lang/NoSuchMethodError'{0x00000000d6567d80}: 'java.lang.Object java.lang.invoke.Invokers$Holder.invokeExact_MT(java.lang.Object, java.lang.Object, java.lang.Object, java.lang.Object, java.lang.Object, java.lang.Object)'> (0x00000000d6567d80) 
thrown [s\src\hotspot\share\interpreter\linkResolver.cpp, line 773]
Event: 2.101 Thread 0x000001b86af32d10 Exception <a 'java/lang/NoSuchMethodError'{0x00000000d657f0b0}: 'int java.lang.invoke.DirectMethodHandle$Holder.invokeStatic(java.lang.Object, java.lang.Object, java.lang.Object, java.lang.Object, java.lang.Object)'> (0x00000000d657f0b0) 
thrown [s\src\hotspot\share\interpreter\linkResolver.cpp, line 773]
Event: 2.171 Thread 0x000001b86af32d10 Exception <a 'java/lang/NoSuchMethodError'{0x00000000d6612890}: 'java.lang.Object java.lang.invoke.DirectMethodHandle$Holder.invokeInterface(java.lang.Object, java.lang.Object, int)'> (0x00000000d6612890) 
thrown [s\src\hotspot\share\interpreter\linkResolver.cpp, line 773]

ZGC Phase Switch (0 events):
No events

VM Operations (10 events):
Event: 0.192 Executing non-safepoint VM operation: HandshakeAllThreads (Deoptimize)
Event: 0.192 Executing non-safepoint VM operation: HandshakeAllThreads (Deoptimize) done
Event: 0.340 Executing non-safepoint VM operation: HandshakeAllThreads (Deoptimize)
Event: 0.340 Executing non-safepoint VM operation: HandshakeAllThreads (Deoptimize) done
Event: 1.353 Executing safepoint VM operation: Cleanup
Event: 1.353 Executing safepoint VM operation: Cleanup done
Event: 1.766 Executing non-safepoint VM operation: HandshakeAllThreads (Deoptimize)
Event: 1.766 Executing non-safepoint VM operation: HandshakeAllThreads (Deoptimize) done
Event: 1.923 Executing non-safepoint VM operation: HandshakeAllThreads (Deoptimize)
Event: 1.923 Executing non-safepoint VM operation: HandshakeAllThreads (Deoptimize) done

Memory protections (0 events):
No events

Nmethod flushes (0 events):
No events

Events (13 events):
Event: 0.054 Thread 0x000001b86af32d10 Thread added: 0x000001b86af32d10
Event: 0.105 Thread 0x000001b86af32d10 Thread added: 0x000001b87fb0d950
Event: 0.105 Thread 0x000001b86af32d10 Thread added: 0x000001b87fb0f0b0
Event: 0.106 Thread 0x000001b86af32d10 Thread added: 0x000001b87fb10810
Event: 0.106 Thread 0x000001b86af32d10 Thread added: 0x000001b87fb11730
Event: 0.106 Thread 0x000001b86af32d10 Thread added: 0x000001b87fb13780
Event: 0.106 Thread 0x000001b86af32d10 Thread added: 0x000001b87fb141e0
Event: 0.106 Thread 0x000001b86af32d10 Thread added: 0x000001b87fb17640
Event: 0.122 Thread 0x000001b86af32d10 Thread added: 0x000001b87fb88730
Event: 0.255 Thread 0x000001b86af32d10 Thread added: 0x000001b845a05ab0
Event: 1.068 Thread 0x000001b86af32d10 Thread added: 0x000001b845b4e5b0
Event: 1.470 Thread 0x000001b87fb88730 Thread added: 0x000001b845a423a0
Event: 2.210 Thread 0x000001b845a423a0 Thread exited: 0x000001b845a423a0


Dynamic libraries:
0x00007ff7f6950000 - 0x00007ff7f695e000 	c:\Users\Hoang Anh\.vscode\extensions\redhat.java-1.53.0-win32-x64\jre\21.0.10-win32-x86_64\bin\java.exe
0x00007ffc20590000 - 0x00007ffc20788000 	C:\WINDOWS\SYSTEM32\ntdll.dll
0x00007ffc20080000 - 0x00007ffc2013d000 	C:\WINDOWS\System32\KERNEL32.DLL
0x00007ffc1e140000 - 0x00007ffc1e436000 	C:\WINDOWS\System32\KERNELBASE.dll
0x00007ffc1df70000 - 0x00007ffc1e070000 	C:\WINDOWS\System32\ucrtbase.dll
0x00007ffbf6c00000 - 0x00007ffbf6c18000 	c:\Users\Hoang Anh\.vscode\extensions\redhat.java-1.53.0-win32-x64\jre\21.0.10-win32-x86_64\bin\jli.dll
0x00007ffc1f060000 - 0x00007ffc1f1ff000 	C:\WINDOWS\System32\USER32.dll
0x00007ffc1e070000 - 0x00007ffc1e092000 	C:\WINDOWS\System32\win32u.dll
0x00007ffc20050000 - 0x00007ffc2007b000 	C:\WINDOWS\System32\GDI32.dll
0x00007ffc1de50000 - 0x00007ffc1df67000 	C:\WINDOWS\System32\gdi32full.dll
0x00007ffc1e0a0000 - 0x00007ffc1e13d000 	C:\WINDOWS\System32\msvcp_win.dll
0x00007ffc0c330000 - 0x00007ffc0c34e000 	c:\Users\Hoang Anh\.vscode\extensions\redhat.java-1.53.0-win32-x64\jre\21.0.10-win32-x86_64\bin\VCRUNTIME140.dll
0x00007ffc07db0000 - 0x00007ffc0804a000 	C:\WINDOWS\WinSxS\amd64_microsoft.windows.common-controls_6595b64144ccf1df_6.0.19041.3636_none_60b6a03d71f818d5\COMCTL32.dll
0x00007ffc1eef0000 - 0x00007ffc1ef8e000 	C:\WINDOWS\System32\msvcrt.dll
0x00007ffc203e0000 - 0x00007ffc20412000 	C:\WINDOWS\System32\IMM32.DLL
0x00007ffc0c320000 - 0x00007ffc0c32c000 	c:\Users\Hoang Anh\.vscode\extensions\redhat.java-1.53.0-win32-x64\jre\21.0.10-win32-x86_64\bin\vcruntime140_1.dll
0x00007ffbe7b40000 - 0x00007ffbe7bcd000 	c:\Users\Hoang Anh\.vscode\extensions\redhat.java-1.53.0-win32-x64\jre\21.0.10-win32-x86_64\bin\msvcp140.dll
0x00007ffbd7270000 - 0x00007ffbd8011000 	c:\Users\Hoang Anh\.vscode\extensions\redhat.java-1.53.0-win32-x64\jre\21.0.10-win32-x86_64\bin\server\jvm.dll
0x00007ffc1ff90000 - 0x00007ffc20040000 	C:\WINDOWS\System32\ADVAPI32.dll
0x00007ffc1e5c0000 - 0x00007ffc1e660000 	C:\WINDOWS\System32\sechost.dll
0x00007ffc1eb30000 - 0x00007ffc1ec53000 	C:\WINDOWS\System32\RPCRT4.dll
0x00007ffc1e590000 - 0x00007ffc1e5b7000 	C:\WINDOWS\System32\bcrypt.dll
0x00007ffc1eff0000 - 0x00007ffc1f05b000 	C:\WINDOWS\System32\WS2_32.dll
0x00007ffc1daa0000 - 0x00007ffc1daeb000 	C:\WINDOWS\SYSTEM32\POWRPROF.dll
0x00007ffc08060000 - 0x00007ffc08087000 	C:\WINDOWS\SYSTEM32\WINMM.dll
0x00007ffc1c370000 - 0x00007ffc1c37a000 	C:\WINDOWS\SYSTEM32\VERSION.dll
0x00007ffc1da80000 - 0x00007ffc1da92000 	C:\WINDOWS\SYSTEM32\UMPDC.dll
0x00007ffc1c450000 - 0x00007ffc1c462000 	C:\WINDOWS\SYSTEM32\kernel.appcore.dll
0x00007ffc08090000 - 0x00007ffc0809a000 	c:\Users\Hoang Anh\.vscode\extensions\redhat.java-1.53.0-win32-x64\jre\21.0.10-win32-x86_64\bin\jimage.dll
0x00007ffc171a0000 - 0x00007ffc17384000 	C:\WINDOWS\SYSTEM32\DBGHELP.DLL
0x00007ffc13f00000 - 0x00007ffc13f34000 	C:\WINDOWS\SYSTEM32\dbgcore.DLL
0x00007ffc1e500000 - 0x00007ffc1e582000 	C:\WINDOWS\System32\bcryptPrimitives.dll
0x00007ffc02d30000 - 0x00007ffc02d3f000 	c:\Users\Hoang Anh\.vscode\extensions\redhat.java-1.53.0-win32-x64\jre\21.0.10-win32-x86_64\bin\instrument.dll
0x00007ffbf6be0000 - 0x00007ffbf6c00000 	c:\Users\Hoang Anh\.vscode\extensions\redhat.java-1.53.0-win32-x64\jre\21.0.10-win32-x86_64\bin\java.dll
0x00007ffc1f6b0000 - 0x00007ffc1fe1b000 	C:\WINDOWS\System32\SHELL32.dll
0x00007ffc1b9b0000 - 0x00007ffc1c14e000 	C:\WINDOWS\SYSTEM32\windows.storage.dll
0x00007ffc1f350000 - 0x00007ffc1f6a3000 	C:\WINDOWS\System32\combase.dll
0x00007ffc1d4c0000 - 0x00007ffc1d4ee000 	C:\WINDOWS\SYSTEM32\Wldp.dll
0x00007ffc1f280000 - 0x00007ffc1f34d000 	C:\WINDOWS\System32\OLEAUT32.dll
0x00007ffc1fee0000 - 0x00007ffc1ff8d000 	C:\WINDOWS\System32\SHCORE.dll
0x00007ffc1e660000 - 0x00007ffc1e6b5000 	C:\WINDOWS\System32\shlwapi.dll
0x00007ffc1db70000 - 0x00007ffc1db93000 	C:\WINDOWS\SYSTEM32\profapi.dll
0x00007ffbf69c0000 - 0x00007ffbf69d8000 	c:\Users\Hoang Anh\.vscode\extensions\redhat.java-1.53.0-win32-x64\jre\21.0.10-win32-x86_64\bin\zip.dll
0x00007ffc01990000 - 0x00007ffc019a0000 	C:\Users\Hoang Anh\.vscode\extensions\redhat.java-1.53.0-win32-x64\jre\21.0.10-win32-x86_64\bin\net.dll
0x00007ffc1c160000 - 0x00007ffc1c26a000 	C:\WINDOWS\SYSTEM32\WINHTTP.dll
0x00007ffc1d2a0000 - 0x00007ffc1d30a000 	C:\WINDOWS\system32\mswsock.dll
0x00007ffbf55a0000 - 0x00007ffbf55b6000 	C:\Users\Hoang Anh\.vscode\extensions\redhat.java-1.53.0-win32-x64\jre\21.0.10-win32-x86_64\bin\nio.dll
0x00007ffbffd70000 - 0x00007ffbffd80000 	c:\Users\Hoang Anh\.vscode\extensions\redhat.java-1.53.0-win32-x64\jre\21.0.10-win32-x86_64\bin\verify.dll

JVMTI agents:
c:\Users\Hoang Anh\.vscode\extensions\redhat.java-1.53.0-win32-x64\lombok\lombok-1.18.39-4050.jar path:c:\Users\Hoang Anh\.vscode\extensions\redhat.java-1.53.0-win32-x64\jre\21.0.10-win32-x86_64\bin\instrument.dll, loaded, initialized, instrumentlib options:none

dbghelp: loaded successfully - version: 4.0.5 - missing functions: none
symbol engine: initialized successfully - sym options: 0x614 - pdb path: .;c:\Users\Hoang Anh\.vscode\extensions\redhat.java-1.53.0-win32-x64\jre\21.0.10-win32-x86_64\bin;C:\WINDOWS\SYSTEM32;C:\WINDOWS\WinSxS\amd64_microsoft.windows.common-controls_6595b64144ccf1df_6.0.19041.3636_none_60b6a03d71f818d5;c:\Users\Hoang Anh\.vscode\extensions\redhat.java-1.53.0-win32-x64\jre\21.0.10-win32-x86_64\bin\server

VM Arguments:
jvm_args: --add-modules=ALL-SYSTEM --add-opens=java.base/java.util=ALL-UNNAMED --add-opens=java.base/java.lang=ALL-UNNAMED --add-opens=java.base/sun.nio.fs=ALL-UNNAMED -Declipse.application=org.eclipse.jdt.ls.core.id1 -Dosgi.bundles.defaultStartLevel=4 -Declipse.product=org.eclipse.jdt.ls.core.product -Djava.import.generatesMetadataFilesAtProjectRoot=false -DDetectVMInstallationsJob.disabled=true -Dfile.encoding=utf8 -XX:+UseParallelGC -XX:GCTimeRatio=4 -XX:AdaptiveSizePolicyWeight=90 -Dsun.zip.disableMemoryMapping=true -Xmx2G -Xms100m -Xlog:disable -javaagent:c:\Users\Hoang Anh\.vscode\extensions\redhat.java-1.53.0-win32-x64\lombok\lombok-1.18.39-4050.jar -XX:+HeapDumpOnOutOfMemoryError -XX:HeapDumpPath=c:\Users\Hoang Anh\AppData\Roaming\Code\User\workspaceStorage\353763c45bab8f2b146ef728505f567b\redhat.java -Daether.dependencyCollector.impl=bf 
java_command: c:\Users\Hoang Anh\.vscode\extensions\redhat.java-1.53.0-win32-x64\server\plugins\org.eclipse.equinox.launcher_1.7.100.v20251111-0406.jar -configuration c:\Users\Hoang Anh\AppData\Roaming\Code\User\globalStorage\redhat.java\1.53.0\config_win -data c:\Users\Hoang Anh\AppData\Roaming\Code\User\workspaceStorage\353763c45bab8f2b146ef728505f567b\redhat.java\jdt_ws --pipe=\\.\pipe\lsp-7938c5fb6612c28b7e662c2e3d569fc3-sock
java_class_path (initial): c:\Users\Hoang Anh\.vscode\extensions\redhat.java-1.53.0-win32-x64\server\plugins\org.eclipse.equinox.launcher_1.7.100.v20251111-0406.jar
Launcher Type: SUN_STANDARD

[Global flags]
    uintx AdaptiveSizePolicyWeight                 = 90                                        {product} {command line}
     intx CICompilerCount                          = 3                                         {product} {ergonomic}
    uintx GCTimeRatio                              = 4                                         {product} {command line}
     bool HeapDumpOnOutOfMemoryError               = true                                   {manageable} {command line}
    ccstr HeapDumpPath                             = c:\Users\Hoang Anh\AppData\Roaming\Code\User\workspaceStorage\353763c45bab8f2b146ef728505f567b\redhat.java         {manageable} {command line}
   size_t InitialHeapSize                          = 104857600                                 {product} {command line}
   size_t MaxHeapSize                              = 2147483648                                {product} {command line}
   size_t MaxNewSize                               = 715653120                                 {product} {ergonomic}
   size_t MinHeapDeltaBytes                        = 524288                                    {product} {ergonomic}
   size_t MinHeapSize                              = 104857600                                 {product} {command line}
   size_t NewSize                                  = 34603008                                  {product} {ergonomic}
    uintx NonNMethodCodeHeapSize                   = 5832780                                {pd product} {ergonomic}
    uintx NonProfiledCodeHeapSize                  = 122912730                              {pd product} {ergonomic}
   size_t OldSize                                  = 70254592                                  {product} {ergonomic}
    uintx ProfiledCodeHeapSize                     = 122912730                              {pd product} {ergonomic}
    uintx ReservedCodeCacheSize                    = 251658240                              {pd product} {ergonomic}
     bool SegmentedCodeCache                       = true                                      {product} {ergonomic}
   size_t SoftMaxHeapSize                          = 2147483648                             {manageable} {ergonomic}
     bool UseCompressedOops                        = true                           {product lp64_product} {ergonomic}
     bool UseLargePagesIndividualAllocation        = false                                  {pd product} {ergonomic}
     bool UseParallelGC                            = true                                      {product} {command line}

Logging:
Log output configuration:
 #0: stdout all=off uptime,level,tags foldmultilines=false
 #1: stderr all=off uptime,level,tags foldmultilines=false

Release file:
JAVA_VERSION="21.0.10" 
MODULES="java.base java.compiler java.datatransfer java.xml java.prefs java.desktop java.instrument java.logging java.management java.security.sasl java.naming java.rmi java.management.rmi java.net.http java.scripting java.security.jgss java.transaction.xa java.sql java.sql.rowset java.xml.crypto java.se java.smartcardio jdk.accessibility jdk.internal.jvmstat jdk.attach jdk.charsets jdk.internal.opt jdk.zipfs jdk.compiler jdk.crypto.ec jdk.crypto.cryptoki jdk.crypto.mscapi jdk.dynalink jdk.internal.ed jdk.editpad jdk.hotspot.agent jdk.httpserver jdk.internal.le jdk.internal.vm.ci jdk.internal.vm.compiler jdk.internal.vm.compiler.management jdk.jartool jdk.javadoc jdk.jcmd jdk.management jdk.management.agent jdk.jconsole jdk.jdeps jdk.jdwp.agent jdk.jdi jdk.jfr jdk.jshell jdk.jsobject jdk.jstatd jdk.localedata jdk.management.jfr jdk.naming.dns jdk.naming.rmi jdk.net jdk.nio.mapmode jdk.random jdk.sctp jdk.security.auth jdk.security.jgss jdk.unsupported jdk.unsupported.desktop jdk.xml.dom" 

Environment Variables:
PATH=C:\Users\Hoang Anh\AppData\Local\cloud-code\installer\google-cloud-sdk\bin;C:\Users\Hoang Anh\VS Code;C:\Users\Hoang Anh\AppData\Local\Programs\Python\Python313\Scripts\;C:\Users\Hoang Anh\AppData\Local\Programs\Python\Python313\;C:\Program Files\Common Files\Oracle\Java\javapath;C:\Program Files (x86)\Common Files\Oracle\Java\java8path;C:\Program Files (x86)\Common Files\Oracle\Java\javapath;C:\Users\Hoang Anh\VS Code\bin;C:\Program Files\Microsoft MPI\Bin\;C:\WINDOWS\system32;C:\WINDOWS;C:\WINDOWS\System32\Wbem;C:\WINDOWS\System32\WindowsPowerShell\v1.0\;C:\WINDOWS\System32\OpenSSH\;C:\Program Files (x86)\Microsoft SQL Server\160\Tools\Binn\;C:\Program Files\Microsoft SQL Server\160\Tools\Binn\;C:\Program Files\Microsoft SQL Server\Client SDK\ODBC\170\Tools\Binn\;C:\Program Files\Microsoft SQL Server\160\DTS\Binn\;C:\Program Files (x86)\Microsoft SQL Server\160\DTS\Binn\;C:\Program Files\dotnet\;C:\Program Files\Microsoft SQL Server\150\Tools\Binn\;E:\Git\cmd;C:\xampp\php;C:\ProgramData\ComposerSetup\bin;C:\flutter\bin;C:\Android\sdk\platform-tools;C:\ProgramData\chocolatey\bin;C:\Program Files\Cloudflare\Cloudflare WARP\;E:\nodejs\;C:\Program Files\Docker\Docker\resources\bin;e:\cursor\resources\app\codeBin;C:\Users\Hoang Anh\AppData\Local\Microsoft\WindowsApps;C:\Program Files\JetBrains\IntelliJ IDEA 2023.3.4\bin;;C:\Users\Hoang Anh\.dotnet\tools;C:\Users\Hoang Anh\VS Code\bin;C:\Users\Hoang Anh\AppData\Roaming\Composer\vendor\bin;C:\Users\Hoang Anh\AppData\Local\Pub\Cache\bin;E:\cursor\resources\app\bin;C:\Users\Hoang Anh\AppData\Roaming\npm;C:\Users\Hoang Anh\AppData\Local\GitHubDesktop\bin
USERNAME=Hoang Anh
OS=Windows_NT
PROCESSOR_IDENTIFIER=Intel64 Family 6 Model 78 Stepping 3, GenuineIntel
TMP=C:\Users\HOANGA~1\AppData\Local\Temp
TEMP=C:\Users\HOANGA~1\AppData\Local\Temp




Periodic native trim disabled

---------------  S Y S T E M  ---------------

OS:
 Windows 10 , 64 bit Build 19041 (10.0.19041.3636)
OS uptime: 0 days 12:06 hours
Hyper-V role detected

CPU: total 4 (initial active 4) (2 cores per cpu, 2 threads per core) family 6 model 78 stepping 3 microcode 0xd6, cx8, cmov, fxsr, ht, mmx, 3dnowpref, sse, sse2, sse3, ssse3, sse4.1, sse4.2, popcnt, lzcnt, tsc, tscinvbit, avx, avx2, aes, erms, clmul, bmi1, bmi2, adx, fma, vzeroupper, clflush, clflushopt, hv, rdtscp, f16c
Processor Information for the first 4 processors :
  Max Mhz: 2592, Current Mhz: 2492, Mhz Limit: 2488

Memory: 4k page, system-wide physical 8063M (1252M free)
TotalPageFile size 11905M (AvailPageFile size 0M)
current process WorkingSet (physical memory assigned to process): 64M, peak: 64M
current process commit charge ("private bytes"): 219M, peak: 220M

vm_info: OpenJDK 64-Bit Server VM (21.0.10+7-LTS) for windows-amd64 JRE (21.0.10+7-LTS), built on 2026-01-20T00:00:00Z by "admin" with MS VC++ 17.12 (VS2022)

END.
